__tests__/services/aiNamingService.test.ts(84,9): error TS2353: Object literal may only specify known properties, and 'userId' does not exist in type 'NamingRequest'.
__tests__/services/aiNamingService.test.ts(104,78): error TS2345: Argument of type '{ success: boolean; suggestedNames: string[]; selectedName: null; confidence: number; metadata: { analysisSource: string; processingTime: number; }; }' is not assignable to parameter of type 'NamingResponse | Promise<NamingResponse>'.
  Type '{ success: boolean; suggestedNames: string[]; selectedName: null; confidence: number; metadata: { analysisSource: string; processingTime: number; }; }' is missing the following properties from type 'NamingResponse': aiGeneratedName, suggestions, analysisData
__tests__/services/aiNamingService.test.ts(109,21): error TS2339: Property 'success' does not exist on type 'NamingResponse'.
__tests__/services/aiNamingService.test.ts(110,21): error TS2339: Property 'suggestedNames' does not exist on type 'NamingResponse'.
__tests__/services/aiNamingService.test.ts(111,21): error TS2339: Property 'suggestedNames' does not exist on type 'NamingResponse'.
__tests__/services/aiNamingService.test.ts(112,21): error TS2339: Property 'suggestedNames' does not exist on type 'NamingResponse'.
__tests__/services/aiNamingService.test.ts(113,21): error TS2339: Property 'suggestedNames' does not exist on type 'NamingResponse'.
__tests__/services/aiNamingService.test.ts(118,9): error TS2353: Object literal may only specify known properties, and 'userId' does not exist in type 'NamingRequest'.
__tests__/services/aiNamingService.test.ts(136,78): error TS2345: Argument of type '{ success: boolean; suggestedNames: string[]; selectedName: null; confidence: number; metadata: { analysisSource: string; processingTime: number; }; }' is not assignable to parameter of type 'NamingResponse | Promise<NamingResponse>'.
  Type '{ success: boolean; suggestedNames: string[]; selectedName: null; confidence: number; metadata: { analysisSource: string; processingTime: number; }; }' is missing the following properties from type 'NamingResponse': aiGeneratedName, suggestions, analysisData
__tests__/services/aiNamingService.test.ts(141,21): error TS2339: Property 'success' does not exist on type 'NamingResponse'.
__tests__/services/aiNamingService.test.ts(142,21): error TS2339: Property 'suggestedNames' does not exist on type 'NamingResponse'.
__tests__/services/aiNamingService.test.ts(143,21): error TS2339: Property 'suggestedNames' does not exist on type 'NamingResponse'.
__tests__/services/aiNamingService.test.ts(144,21): error TS2339: Property 'suggestedNames' does not exist on type 'NamingResponse'.
__tests__/services/aiNamingService.test.ts(149,9): error TS2353: Object literal may only specify known properties, and 'userId' does not exist in type 'NamingRequest'.
__tests__/services/aiNamingService.test.ts(168,78): error TS2345: Argument of type '{ success: boolean; suggestedNames: string[]; selectedName: null; confidence: number; metadata: { analysisSource: string; processingTime: number; }; }' is not assignable to parameter of type 'NamingResponse | Promise<NamingResponse>'.
  Type '{ success: boolean; suggestedNames: string[]; selectedName: null; confidence: number; metadata: { analysisSource: string; processingTime: number; }; }' is missing the following properties from type 'NamingResponse': aiGeneratedName, suggestions, analysisData
__tests__/services/aiNamingService.test.ts(173,21): error TS2339: Property 'success' does not exist on type 'NamingResponse'.
__tests__/services/aiNamingService.test.ts(174,21): error TS2339: Property 'suggestedNames' does not exist on type 'NamingResponse'.
__tests__/services/aiNamingService.test.ts(175,21): error TS2339: Property 'suggestedNames' does not exist on type 'NamingResponse'.
__tests__/services/aiNamingService.test.ts(180,9): error TS2353: Object literal may only specify known properties, and 'userId' does not exist in type 'NamingRequest'.
__tests__/services/aiNamingService.test.ts(197,78): error TS2345: Argument of type '{ success: boolean; suggestedNames: string[]; selectedName: null; confidence: number; metadata: { analysisSource: string; processingTime: number; }; }' is not assignable to parameter of type 'NamingResponse | Promise<NamingResponse>'.
  Type '{ success: boolean; suggestedNames: string[]; selectedName: null; confidence: number; metadata: { analysisSource: string; processingTime: number; }; }' is missing the following properties from type 'NamingResponse': aiGeneratedName, suggestions, analysisData
__tests__/services/aiNamingService.test.ts(202,21): error TS2339: Property 'success' does not exist on type 'NamingResponse'.
__tests__/services/aiNamingService.test.ts(203,21): error TS2339: Property 'suggestedNames' does not exist on type 'NamingResponse'.
__tests__/services/aiNamingService.test.ts(204,21): error TS2339: Property 'suggestedNames' does not exist on type 'NamingResponse'.
__tests__/services/aiNamingService.test.ts(211,9): error TS2353: Object literal may only specify known properties, and 'userId' does not exist in type 'NamingRequest'.
__tests__/services/aiNamingService.test.ts(229,78): error TS2345: Argument of type '{ success: boolean; suggestedNames: string[]; selectedName: null; confidence: number; metadata: { analysisSource: string; processingTime: number; error: string; }; }' is not assignable to parameter of type 'NamingResponse | Promise<NamingResponse>'.
  Type '{ success: boolean; suggestedNames: string[]; selectedName: null; confidence: number; metadata: { analysisSource: string; processingTime: number; error: string; }; }' is missing the following properties from type 'NamingResponse': aiGeneratedName, suggestions, analysisData
__tests__/services/aiNamingService.test.ts(234,21): error TS2339: Property 'success' does not exist on type 'NamingResponse'.
__tests__/services/aiNamingService.test.ts(235,21): error TS2339: Property 'suggestedNames' does not exist on type 'NamingResponse'.
__tests__/services/aiNamingService.test.ts(256,86): error TS2345: Argument of type '{ namingStyle: NamingStyle; includeBrand: boolean; includeColor: boolean; includeMaterial: boolean; includeStyle: boolean; preferredLanguage: string; autoAcceptAINames: boolean; }' is not assignable to parameter of type 'NamingPreferences | Promise<NamingPreferences>'.
  Type '{ namingStyle: NamingStyle; includeBrand: boolean; includeColor: boolean; includeMaterial: boolean; includeStyle: boolean; preferredLanguage: string; autoAcceptAINames: boolean; }' is missing the following properties from type 'NamingPreferences': userId, createdAt, updatedAt
__tests__/services/aiNamingService.test.ts(274,86): error TS2345: Argument of type '{ namingStyle: NamingStyle; includeBrand: boolean; includeColor: boolean; includeMaterial: boolean; includeStyle: boolean; preferredLanguage: string; autoAcceptAINames: boolean; }' is not assignable to parameter of type 'NamingPreferences | Promise<NamingPreferences>'.
  Type '{ namingStyle: NamingStyle; includeBrand: boolean; includeColor: boolean; includeMaterial: boolean; includeStyle: boolean; preferredLanguage: string; autoAcceptAINames: boolean; }' is missing the following properties from type 'NamingPreferences': userId, createdAt, updatedAt
__tests__/services/aiNamingService.test.ts(301,92): error TS2345: Argument of type '{ namingStyle: NamingStyle; includeBrand: boolean; includeColor: boolean; includeMaterial: boolean; includeStyle: boolean; preferredLanguage: string; autoAcceptAINames: boolean; }' is not assignable to parameter of type 'NamingPreferences | Promise<NamingPreferences>'.
  Type '{ namingStyle: NamingStyle; includeBrand: boolean; includeColor: boolean; includeMaterial: boolean; includeStyle: boolean; preferredLanguage: string; autoAcceptAINames: boolean; }' is missing the following properties from type 'NamingPreferences': userId, createdAt, updatedAt
__tests__/services/aiNamingService.test.ts(321,92): error TS2345: Argument of type '{ namingStyle: NamingStyle; includeBrand: boolean; includeColor: boolean; includeMaterial: boolean; includeStyle: boolean; preferredLanguage: string; autoAcceptAINames: boolean; }' is not assignable to parameter of type 'NamingPreferences | Promise<NamingPreferences>'.
  Type '{ namingStyle: NamingStyle; includeBrand: boolean; includeColor: boolean; includeMaterial: boolean; includeStyle: boolean; preferredLanguage: string; autoAcceptAINames: boolean; }' is missing the following properties from type 'NamingPreferences': userId, createdAt, updatedAt
__tests__/services/aiNamingService.test.ts(416,11): error TS2345: Argument of type '{ confidence: number; detectedTags: string[]; visualFeatures: { style: string; material: string; }; dominantColors: string[]; }' is not assignable to parameter of type 'AIAnalysisData'.
  Type '{ confidence: number; detectedTags: string[]; visualFeatures: { style: string; material: string; }; dominantColors: string[]; }' is missing the following properties from type 'AIAnalysisData': namingSuggestions, analysisTimestamp
__tests__/services/aynaMirrorService.test.ts(89,7): error TS2322: Type 'string[]' is not assignable to type 'number'.
__tests__/services/aynaMirrorService.test.ts(90,7): error TS2322: Type 'string[]' is not assignable to type 'number'.
__tests__/services/aynaMirrorService.test.ts(101,5): error TS2353: Object literal may only specify known properties, and 'uvIndex' does not exist in type 'WeatherContext'.
__tests__/services/aynaMirrorService.test.ts(112,7): error TS2561: Object literal may only specify known properties, but 'color' does not exist in type 'WardrobeItem'. Did you mean to write 'colors'?
__tests__/services/aynaMirrorService.test.ts(124,7): error TS2561: Object literal may only specify known properties, but 'color' does not exist in type 'WardrobeItem'. Did you mean to write 'colors'?
__tests__/services/aynaMirrorService.test.ts(136,7): error TS2353: Object literal may only specify known properties, and 'userId' does not exist in type 'OutfitRecommendation'.
__tests__/services/aynaMirrorService.test.ts(160,29): error TS2551: Property 'generateOutfitRecommendations' does not exist on type 'Mocked<IntelligenceService>'. Did you mean 'generateOutfitCombinations'?
__tests__/services/aynaMirrorService.test.ts(250,31): error TS2551: Property 'generateOutfitRecommendations' does not exist on type 'Mocked<IntelligenceService>'. Did you mean 'generateOutfitCombinations'?
__tests__/services/aynaMirrorService.test.ts(286,81): error TS2345: Argument of type 'undefined' is not assignable to parameter of type 'WeatherContext | Promise<WeatherContext>'.
app/(app)/_layout.tsx(29,7): error TS2322: Type '{ children: Element[]; theme: { colors: { primary: string; background: string; card: string; text: string; border: string; notification: string; }; dark: boolean; fonts: { regular: FontStyle; medium: FontStyle; bold: FontStyle; heavy: FontStyle; }; }; screenOptions: { ...; }; tabBar: (props: BottomTabBarProps) => El...' is not assignable to type 'IntrinsicAttributes & Omit<Omit<BottomTabNavigatorProps, "children" | "id" | "layout" | "initialRouteName" | "screenListeners" | "screenOptions" | "screenLayout" | "UNSTABLE_router"> & DefaultRouterOptions<...> & { ...; } & { ...; }, "children"> & Partial<...> & RefAttributes<...>'.
  Property 'theme' does not exist on type 'IntrinsicAttributes & Omit<Omit<BottomTabNavigatorProps, "children" | "id" | "layout" | "initialRouteName" | "screenListeners" | "screenOptions" | "screenLayout" | "UNSTABLE_router"> & DefaultRouterOptions<...> & { ...; } & { ...; }, "children"> & Partial<...> & RefAttributes<...>'.
app/(app)/_layout.tsx(66,22): error TS2532: Object is possibly 'undefined'.
app/(app)/index.tsx(74,5): error TS2345: Argument of type '(product: { id: number; name: string; subtitle: string; price: string; image: string; color: string; category: string; }, index: number) => JSX.Element' is not assignable to parameter of type '(...args: unknown[]) => unknown'.
  Types of parameters 'product' and 'args' are incompatible.
    Type 'unknown' is not assignable to type '{ id: number; name: string; subtitle: string; price: string; image: string; color: string; category: string; }'.
app/(app)/index.tsx(143,23): error TS2322: Type 'string[]' is not assignable to type 'readonly [ColorValue, ColorValue, ...ColorValue[]]'.
  Source provides no match for required element at position 0 in target.
app/(app)/index.tsx(165,29): error TS2322: Type 'string[]' is not assignable to type 'readonly [ColorValue, ColorValue, ...ColorValue[]]'.
  Source provides no match for required element at position 0 in target.
app/(app)/index.tsx(173,13): error TS2322: Type 'unknown[]' is not assignable to type 'ReactNode'.
  Type 'unknown[]' is not assignable to type 'Iterable<ReactNode>'.
    The types returned by '[Symbol.iterator]().next(...)' are incompatible between these types.
      Type 'IteratorResult<unknown, undefined>' is not assignable to type 'IteratorResult<ReactNode, any>'.
        Type 'IteratorYieldResult<unknown>' is not assignable to type 'IteratorResult<ReactNode, any>'.
          Type 'IteratorYieldResult<unknown>' is not assignable to type 'IteratorYieldResult<ReactNode>'.
            Type 'unknown' is not assignable to type 'ReactNode'.
app/(app)/index.tsx(206,17): error TS2322: Type 'string[]' is not assignable to type 'readonly [ColorValue, ColorValue, ...ColorValue[]]'.
  Source provides no match for required element at position 0 in target.
app/(app)/index.tsx(219,17): error TS2322: Type 'string[]' is not assignable to type 'readonly [ColorValue, ColorValue, ...ColorValue[]]'.
  Source provides no match for required element at position 0 in target.
app/(app)/index.tsx(425,43): error TS2339: Property 'fonts' does not exist on type '{ readonly display: { readonly fontSize: 28; readonly fontFamily: "PlayfairDisplay_400Regular"; readonly fontWeight: "600"; readonly letterSpacing: -0.3; }; readonly scale: { readonly button: { readonly fontSize: 16; ... 4 more ...; readonly textTransform: "uppercase"; }; ... 9 more ...; readonly caption: { ...; }; ...'.
app/(app)/index.tsx(465,43): error TS2339: Property 'fonts' does not exist on type '{ readonly display: { readonly fontSize: 28; readonly fontFamily: "PlayfairDisplay_400Regular"; readonly fontWeight: "600"; readonly letterSpacing: -0.3; }; readonly scale: { readonly button: { readonly fontSize: 16; ... 4 more ...; readonly textTransform: "uppercase"; }; ... 9 more ...; readonly caption: { ...; }; ...'.
app/(app)/profile.tsx(83,85): error TS2339: Property 'card' does not exist on type '{ primary: string; secondary: string; tertiary: string; elevated: string; overlay: string; }'.
app/(app)/profile.tsx(110,42): error TS2339: Property 'card' does not exist on type '{ primary: string; secondary: string; tertiary: string; elevated: string; overlay: string; }'.
app/(app)/profile.tsx(173,87): error TS2339: Property 'card' does not exist on type '{ primary: string; secondary: string; tertiary: string; elevated: string; overlay: string; }'.
app/(app)/profile.tsx(212,81): error TS2339: Property 'card' does not exist on type '{ primary: string; secondary: string; tertiary: string; elevated: string; overlay: string; }'.
app/(app)/profile.tsx(388,42): error TS2339: Property 'light' does not exist on type '{ primary: string; secondary: string; accent: string; focus: string; }'.
app/(app)/profile.tsx(424,46): error TS2339: Property 'light' does not exist on type '{ primary: string; secondary: string; accent: string; focus: string; }'.
app/(app)/profile.tsx(429,48): error TS2339: Property 'light' does not exist on type '{ primary: string; secondary: string; accent: string; focus: string; }'.
app/(app)/profile.tsx(438,7): error TS2345: Argument of type '{ avatar: { backgroundColor: string; borderColor: any; borderRadius: number; borderWidth: number; height: number; width: number; }; avatarContainer: { marginBottom: 16; position: "relative"; }; avatarEditButton: { ...; }; ... 32 more ...; userTitle: { ...; }; }' is not assignable to parameter of type '{ avatar: { backgroundColor: string; borderColor: any; borderRadius: number; borderWidth: number; height: number; width: number; }; avatarContainer: { marginBottom: 16; position: "relative"; }; ... 33 more ...; userTitle: { ...; }; } & NamedStyles<...>'.
  Property 'floatingHeaderGradient' is incompatible with index signature.
    Object literal may only specify known properties, and 'backdropFilter' does not exist in type 'ViewStyle | TextStyle | ImageStyle'.
app/(app)/profile.tsx(442,42): error TS2339: Property 'light' does not exist on type '{ primary: string; secondary: string; accent: string; focus: string; }'.
app/(app)/profile.tsx(466,43): error TS2339: Property 'fonts' does not exist on type '{ readonly display: { readonly fontSize: 28; readonly fontFamily: "PlayfairDisplay_400Regular"; readonly fontWeight: "600"; readonly letterSpacing: -0.3; }; readonly scale: { readonly button: { readonly fontSize: 16; ... 4 more ...; readonly textTransform: "uppercase"; }; ... 9 more ...; readonly caption: { ...; }; ...'.
app/(app)/profile.tsx(480,42): error TS2339: Property 'light' does not exist on type '{ primary: string; secondary: string; accent: string; focus: string; }'.
app/(app)/profile.tsx(515,42): error TS2339: Property 'light' does not exist on type '{ primary: string; secondary: string; accent: string; focus: string; }'.
app/(app)/profile.tsx(547,46): error TS2339: Property 'light' does not exist on type '{ primary: string; secondary: string; accent: string; focus: string; }'.
app/(app)/profile.tsx(571,42): error TS2339: Property 'light' does not exist on type '{ primary: string; secondary: string; accent: string; focus: string; }'.
app/(app)/wardrobe.tsx(19,35): error TS2307: Cannot find module '../src/services/aynaMirrorService' or its corresponding type declarations.
app/(app)/wardrobe.tsx(20,30): error TS2307: Cannot find module '../src/types/aynaMirror' or its corresponding type declarations.
app/(app)/wardrobe.tsx(78,9): error TS2322: Type 'string[]' is not assignable to type 'readonly [ColorValue, ColorValue, ...ColorValue[]]'.
  Source provides no match for required element at position 0 in target.
app/(app)/wardrobe.tsx(135,47): error TS7006: Parameter 'color' implicitly has an 'any' type.
app/(app)/wardrobe.tsx(135,54): error TS7006: Parameter 'index' implicitly has an 'any' type.
app/onboarding.tsx(14,32): error TS2559: Type 'OnboardingData' has no properties in common with type 'OnboardingData'.
src/__tests__/accessibility/Accessibility.test.tsx(437,9): error TS2345: Argument of type '(event: string, callback: (isEnabled: boolean) => void) => { remove: jest.Mock<any, any, any>; }' is not assignable to parameter of type '(eventName: "announcementFinished", handler: AccessibilityAnnouncementFinishedEventHandler) => EmitterSubscription'.
  Types of parameters 'callback' and 'handler' are incompatible.
    Type 'AccessibilityAnnouncementFinishedEventHandler' is not assignable to type '(isEnabled: boolean) => void'.
      Types of parameters 'event' and 'isEnabled' are incompatible.
        Type 'boolean' is not assignable to type 'AccessibilityAnnouncementFinishedEvent'.
src/__tests__/components/ErrorBoundary.test.tsx(249,24): error TS2322: Type '({ error, retry }: { error: Error; retry: () => void; }) => JSX.Element' is not assignable to type '(error: AppError, retry: () => void) => ReactNode'.
  Types of parameters '__0' and 'error' are incompatible.
    Type 'AppError' is missing the following properties from type '{ error: Error; retry: () => void; }': error, retry
src/__tests__/services/AIService.test.ts(324,58): error TS2345: Argument of type '{ style: string; favoriteColors: WardrobeColor[]; bodyType: string; lifestyle: string; }' is not assignable to parameter of type 'UserProfile'.
  Type '{ style: string; favoriteColors: WardrobeColor[]; bodyType: string; lifestyle: string; }' is missing the following properties from type 'UserProfile': budget, sustainabilityGoals
src/__tests__/utils/testUtils.tsx(194,11): error TS2430: Interface 'TestAppError' incorrectly extends interface 'AppError'.
  Types of property 'recoveryStrategies' are incompatible.
    Type 'unknown[] | undefined' is not assignable to type 'RecoveryStrategy[] | undefined'.
      Type 'unknown[]' is not assignable to type 'RecoveryStrategy[]'.
        Type 'unknown' is not assignable to type 'RecoveryStrategy'.
src/__tests__/utils/testUtils.tsx(298,19): error TS18046: 'response' is of type 'unknown'.
src/__tests__/utils/testUtils.tsx(299,23): error TS18046: 'response' is of type 'unknown'.
src/__tests__/utils/testUtils.tsx(437,14): error TS18047: 'received' is possibly 'null'.
src/__tests__/utils/testUtils.tsx(437,23): error TS2339: Property 'id' does not exist on type 'object'.
src/__tests__/utils/testUtils.tsx(438,14): error TS18047: 'received' is possibly 'null'.
src/__tests__/utils/testUtils.tsx(438,23): error TS2339: Property 'name' does not exist on type 'object'.
src/__tests__/utils/testUtils.tsx(439,48): error TS18047: 'received' is possibly 'null'.
src/__tests__/utils/testUtils.tsx(439,57): error TS2339: Property 'category' does not exist on type 'object'.
src/__tests__/utils/testUtils.tsx(440,21): error TS18047: 'received' is possibly 'null'.
src/__tests__/utils/testUtils.tsx(440,30): error TS2339: Property 'colors' does not exist on type 'object'.
src/__tests__/utils/testUtils.tsx(441,21): error TS18047: 'received' is possibly 'null'.
src/__tests__/utils/testUtils.tsx(441,30): error TS2339: Property 'tags' does not exist on type 'object'.
src/__tests__/utils/testUtils.tsx(442,14): error TS18047: 'received' is possibly 'null'.
src/__tests__/utils/testUtils.tsx(442,23): error TS2339: Property 'imageUri' does not exist on type 'object'.
src/__tests__/utils/testUtils.tsx(456,14): error TS18047: 'received' is possibly 'null'.
src/__tests__/utils/testUtils.tsx(456,23): error TS2339: Property 'code' does not exist on type 'object'.
src/__tests__/utils/testUtils.tsx(457,14): error TS18047: 'received' is possibly 'null'.
src/__tests__/utils/testUtils.tsx(457,23): error TS2339: Property 'message' does not exist on type 'object'.
src/__tests__/utils/testUtils.tsx(458,45): error TS18047: 'received' is possibly 'null'.
src/__tests__/utils/testUtils.tsx(458,54): error TS2339: Property 'severity' does not exist on type 'object'.
src/__tests__/utils/testUtils.tsx(459,45): error TS18047: 'received' is possibly 'null'.
src/__tests__/utils/testUtils.tsx(459,54): error TS2339: Property 'category' does not exist on type 'object'.
src/components/animated/AnimatedComponents.tsx(364,22): error TS2339: Property 'onPress' does not exist on type '(TouchableOpacityProps & RefAttributes<View>) | AnimatedProps<ViewProps & RefAttributes<View>>'.
  Property 'onPress' does not exist on type 'AnimatedProps<ViewProps & RefAttributes<View>>'.
src/components/animated/AnimatedComponents.tsx(365,22): error TS2339: Property 'activeOpacity' does not exist on type '(TouchableOpacityProps & RefAttributes<View>) | AnimatedProps<ViewProps & RefAttributes<View>>'.
  Property 'activeOpacity' does not exist on type 'AnimatedProps<ViewProps & RefAttributes<View>>'.
src/components/animated/AnimatedComponents.tsx(368,47): error TS2769: No overload matches this call.
  The last overload gave the following error.
    Argument of type '(TouchableOpacityProps & RefAttributes<View>) | AnimatedProps<ViewProps & RefAttributes<View>>' is not assignable to parameter of type '(Attributes & TouchableOpacityProps & RefAttributes<View>) | null | undefined'.
      Type 'AnimatedProps<ViewProps & RefAttributes<View>>' is not assignable to type 'Attributes & TouchableOpacityProps & RefAttributes<View>'.
        Type 'AnimatedProps<ViewProps & RefAttributes<View>>' is not assignable to type 'TouchableOpacityProps'.
          Types of property 'children' are incompatible.
            Type 'string | number | bigint | boolean | Value | AnimatedInterpolation<string | number> | WithAnimatedObject<ReactElement<unknown, string | JSXElementConstructor<any>>> | ... 4 more ... | undefined' is not assignable to type 'ReactNode'.
              Type 'Value' is not assignable to type 'ReactNode'.
src/components/animated/AnimatedComponents.tsx(431,17): error TS2339: Property 'onPress' does not exist on type '(TouchableOpacityProps & RefAttributes<View>) | AnimatedProps<ViewProps & RefAttributes<View>>'.
  Property 'onPress' does not exist on type 'AnimatedProps<ViewProps & RefAttributes<View>>'.
src/components/animated/AnimatedComponents.tsx(432,17): error TS2339: Property 'activeOpacity' does not exist on type '(TouchableOpacityProps & RefAttributes<View>) | AnimatedProps<ViewProps & RefAttributes<View>>'.
  Property 'activeOpacity' does not exist on type 'AnimatedProps<ViewProps & RefAttributes<View>>'.
src/components/animated/AnimatedComponents.tsx(435,47): error TS2769: No overload matches this call.
  The last overload gave the following error.
    Argument of type '(TouchableOpacityProps & RefAttributes<View>) | AnimatedProps<ViewProps & RefAttributes<View>>' is not assignable to parameter of type '(Attributes & TouchableOpacityProps & RefAttributes<View>) | null | undefined'.
      Type 'AnimatedProps<ViewProps & RefAttributes<View>>' is not assignable to type 'Attributes & TouchableOpacityProps & RefAttributes<View>'.
        Type 'AnimatedProps<ViewProps & RefAttributes<View>>' is not assignable to type 'TouchableOpacityProps'.
          Types of property 'children' are incompatible.
            Type 'string | number | bigint | boolean | Value | AnimatedInterpolation<string | number> | WithAnimatedObject<ReactElement<unknown, string | JSXElementConstructor<any>>> | ... 4 more ... | undefined' is not assignable to type 'ReactNode'.
              Type 'Value' is not assignable to type 'ReactNode'.
src/components/animated/PageTransitions.tsx(198,7): error TS2322: Type '({} | { opacity: number; })[]' is not assignable to type 'ViewStyle'.
  Types of property 'filter' are incompatible.
    Type '{ <S extends {} | { opacity: number; }>(predicate: (value: {} | { opacity: number; }, index: number, array: ({} | { opacity: number; })[]) => value is S, thisArg?: any): S[]; (predicate: (value: {} | { opacity: number; }, index: number, array: ({} | { ...; })[]) => unknown, thisArg?: any): ({} | { ...; })[]; }' is not assignable to type 'string | readonly FilterFunction[] | undefined'.
src/components/animated/PageTransitions.tsx(253,3): error TS2339: Property '_index' does not exist on type 'StackTransitionProps'.
src/components/animated/PageTransitions.tsx(308,3): error TS2339: Property '_tabIndex' does not exist on type 'TabTransitionProps'.
src/components/animated/PageTransitions.tsx(468,7): error TS2322: Type '({} | { opacity: number; })[]' is not assignable to type 'ViewStyle'.
  Types of property 'filter' are incompatible.
    Type '{ <S extends {} | { opacity: number; }>(predicate: (value: {} | { opacity: number; }, index: number, array: ({} | { opacity: number; })[]) => value is S, thisArg?: any): S[]; (predicate: (value: {} | { opacity: number; }, index: number, array: ({} | { ...; })[]) => unknown, thisArg?: any): ({} | { ...; })[]; }' is not assignable to type 'string | readonly FilterFunction[] | undefined'.
src/components/animated/PageTransitions.tsx(518,3): error TS2339: Property '_sharedElementId' does not exist on type 'SharedElementTransitionProps'.
src/components/animated/PageTransitions.tsx(602,3): error TS2339: Property '_onSwipeLeft' does not exist on type 'GesturePageTransitionProps'.
src/components/animated/PageTransitions.tsx(603,3): error TS2339: Property '_onSwipeRight' does not exist on type 'GesturePageTransitionProps'.
src/components/animated/PageTransitions.tsx(604,3): error TS2339: Property '_onSwipeUp' does not exist on type 'GesturePageTransitionProps'.
src/components/animated/PageTransitions.tsx(605,3): error TS2339: Property '_onSwipeDown' does not exist on type 'GesturePageTransitionProps'.
src/components/antiConsumption/MonthlyConfidenceMetrics.tsx(27,3): error TS2339: Property '_onMetricsLoaded' does not exist on type 'MonthlyConfidenceMetricsProps'.
src/components/antiConsumption/MonthlyConfidenceMetrics.tsx(138,29): error TS2339: Property 'errorContainer' does not exist on type '{ container: { backgroundColor: "#F8F6F4"; flex: number; }; header: { alignItems: "center"; padding: number; }; improvementContainer: { alignItems: "center"; flexDirection: "row"; }; improvementText: { ...; }; ... 23 more ...; title: { ...; }; }'.
src/components/antiConsumption/MonthlyConfidenceMetrics.tsx(140,31): error TS2339: Property 'errorText' does not exist on type '{ container: { backgroundColor: "#F8F6F4"; flex: number; }; header: { alignItems: "center"; padding: number; }; improvementContainer: { alignItems: "center"; flexDirection: "row"; }; improvementText: { ...; }; ... 23 more ...; title: { ...; }; }'.
src/components/antiConsumption/MonthlyConfidenceMetrics.tsx(258,37): error TS2339: Property 'itemCategory' does not exist on type '{ container: { backgroundColor: "#F8F6F4"; flex: number; }; header: { alignItems: "center"; padding: number; }; improvementContainer: { alignItems: "center"; flexDirection: "row"; }; improvementText: { ...; }; ... 23 more ...; title: { ...; }; }'.
src/components/antiConsumption/MonthlyConfidenceMetrics.tsx(259,37): error TS2339: Property 'itemColors' does not exist on type '{ container: { backgroundColor: "#F8F6F4"; flex: number; }; header: { alignItems: "center"; padding: number; }; improvementContainer: { alignItems: "center"; flexDirection: "row"; }; improvementText: { ...; }; ... 23 more ...; title: { ...; }; }'.
src/components/antiConsumption/MonthlyConfidenceMetrics.tsx(264,32): error TS2339: Property 'colorDot' does not exist on type '{ container: { backgroundColor: "#F8F6F4"; flex: number; }; header: { alignItems: "center"; padding: number; }; improvementContainer: { alignItems: "center"; flexDirection: "row"; }; improvementText: { ...; }; ... 23 more ...; title: { ...; }; }'.
src/components/antiConsumption/MonthlyConfidenceMetrics.tsx(296,37): error TS2339: Property 'itemCategory' does not exist on type '{ container: { backgroundColor: "#F8F6F4"; flex: number; }; header: { alignItems: "center"; padding: number; }; improvementContainer: { alignItems: "center"; flexDirection: "row"; }; improvementText: { ...; }; ... 23 more ...; title: { ...; }; }'.
src/components/antiConsumption/MonthlyConfidenceMetrics.tsx(297,37): error TS2339: Property 'itemColors' does not exist on type '{ container: { backgroundColor: "#F8F6F4"; flex: number; }; header: { alignItems: "center"; padding: number; }; improvementContainer: { alignItems: "center"; flexDirection: "row"; }; improvementText: { ...; }; ... 23 more ...; title: { ...; }; }'.
src/components/antiConsumption/MonthlyConfidenceMetrics.tsx(302,32): error TS2339: Property 'colorDot' does not exist on type '{ container: { backgroundColor: "#F8F6F4"; flex: number; }; header: { alignItems: "center"; padding: number; }; improvementContainer: { alignItems: "center"; flexDirection: "row"; }; improvementText: { ...; }; ... 23 more ...; title: { ...; }; }'.
src/components/antiConsumption/MonthlyConfidenceMetrics.tsx(320,27): error TS2339: Property 'insightsContainer' does not exist on type '{ container: { backgroundColor: "#F8F6F4"; flex: number; }; header: { alignItems: "center"; padding: number; }; improvementContainer: { alignItems: "center"; flexDirection: "row"; }; improvementText: { ...; }; ... 23 more ...; title: { ...; }; }'.
src/components/antiConsumption/MonthlyConfidenceMetrics.tsx(322,29): error TS2339: Property 'insightsList' does not exist on type '{ container: { backgroundColor: "#F8F6F4"; flex: number; }; header: { alignItems: "center"; padding: number; }; improvementContainer: { alignItems: "center"; flexDirection: "row"; }; improvementText: { ...; }; ... 23 more ...; title: { ...; }; }'.
src/components/antiConsumption/MonthlyConfidenceMetrics.tsx(324,33): error TS2339: Property 'insightItem' does not exist on type '{ container: { backgroundColor: "#F8F6F4"; flex: number; }; header: { alignItems: "center"; padding: number; }; improvementContainer: { alignItems: "center"; flexDirection: "row"; }; improvementText: { ...; }; ... 23 more ...; title: { ...; }; }'.
src/components/antiConsumption/MonthlyConfidenceMetrics.tsx(326,35): error TS2339: Property 'insightText' does not exist on type '{ container: { backgroundColor: "#F8F6F4"; flex: number; }; header: { alignItems: "center"; padding: number; }; improvementContainer: { alignItems: "center"; flexDirection: "row"; }; improvementText: { ...; }; ... 23 more ...; title: { ...; }; }'.
src/components/antiConsumption/MonthlyConfidenceMetrics.tsx(334,33): error TS2339: Property 'insightItem' does not exist on type '{ container: { backgroundColor: "#F8F6F4"; flex: number; }; header: { alignItems: "center"; padding: number; }; improvementContainer: { alignItems: "center"; flexDirection: "row"; }; improvementText: { ...; }; ... 23 more ...; title: { ...; }; }'.
src/components/antiConsumption/MonthlyConfidenceMetrics.tsx(336,35): error TS2339: Property 'insightText' does not exist on type '{ container: { backgroundColor: "#F8F6F4"; flex: number; }; header: { alignItems: "center"; padding: number; }; improvementContainer: { alignItems: "center"; flexDirection: "row"; }; improvementText: { ...; }; ... 23 more ...; title: { ...; }; }'.
src/components/antiConsumption/MonthlyConfidenceMetrics.tsx(343,33): error TS2339: Property 'insightItem' does not exist on type '{ container: { backgroundColor: "#F8F6F4"; flex: number; }; header: { alignItems: "center"; padding: number; }; improvementContainer: { alignItems: "center"; flexDirection: "row"; }; improvementText: { ...; }; ... 23 more ...; title: { ...; }; }'.
src/components/antiConsumption/MonthlyConfidenceMetrics.tsx(345,35): error TS2339: Property 'insightText' does not exist on type '{ container: { backgroundColor: "#F8F6F4"; flex: number; }; header: { alignItems: "center"; padding: number; }; improvementContainer: { alignItems: "center"; flexDirection: "row"; }; improvementText: { ...; }; ... 23 more ...; title: { ...; }; }'.
src/components/antiConsumption/MonthlyConfidenceMetrics.tsx(352,33): error TS2339: Property 'insightItem' does not exist on type '{ container: { backgroundColor: "#F8F6F4"; flex: number; }; header: { alignItems: "center"; padding: number; }; improvementContainer: { alignItems: "center"; flexDirection: "row"; }; improvementText: { ...; }; ... 23 more ...; title: { ...; }; }'.
src/components/antiConsumption/MonthlyConfidenceMetrics.tsx(358,35): error TS2339: Property 'insightText' does not exist on type '{ container: { backgroundColor: "#F8F6F4"; flex: number; }; header: { alignItems: "center"; padding: number; }; improvementContainer: { alignItems: "center"; flexDirection: "row"; }; improvementText: { ...; }; ... 23 more ...; title: { ...; }; }'.
src/components/antiConsumption/RediscoveryChallenge.tsx(162,29): error TS2339: Property 'errorContainer' does not exist on type '{ colorDot: { borderColor: string; borderRadius: number; borderWidth: number; height: number; marginRight: number; width: number; }; colorDotWorn: { opacity: number; }; completedContainer: { alignItems: "center"; ... 4 more ...; padding: number; }; ... 38 more ...; wornOverlay: { ...; }; }'.
src/components/antiConsumption/RediscoveryChallenge.tsx(164,31): error TS2339: Property 'errorText' does not exist on type '{ colorDot: { borderColor: string; borderRadius: number; borderWidth: number; height: number; marginRight: number; width: number; }; colorDotWorn: { opacity: number; }; completedContainer: { alignItems: "center"; ... 4 more ...; padding: number; }; ... 38 more ...; wornOverlay: { ...; }; }'.
src/components/antiConsumption/RediscoveryChallenge.tsx(298,88): error TS2339: Property 'neutral' does not exist on type '{ background: { readonly primary: "#F8F6F4"; readonly secondary: "#F5F3F1"; readonly tertiary: "#F2F0EE"; readonly elevated: "#FFFFFF"; readonly glass: "rgba(255, 255, 255, 0.15)"; readonly overlay: "rgba(0,0,0,0.4)"; readonly card: "#FFFFFF"; }; text: { ...; }; semantic: { ...; }; border: { ...; }; primary: { ...; ...'.
src/components/antiConsumption/ShoppingBehaviorTracker.tsx(136,29): error TS2339: Property 'errorContainer' does not exist on type '{ achievementItem: { alignItems: "center"; backgroundColor: string; borderRadius: number; flexDirection: "row"; marginBottom: number; marginRight: number; paddingHorizontal: number; paddingVertical: number; }; ... 43 more ...; title: { ...; }; }'.
src/components/antiConsumption/ShoppingBehaviorTracker.tsx(138,31): error TS2339: Property 'errorText' does not exist on type '{ achievementItem: { alignItems: "center"; backgroundColor: string; borderRadius: number; flexDirection: "row"; marginBottom: number; marginRight: number; paddingHorizontal: number; paddingVertical: number; }; ... 43 more ...; title: { ...; }; }'.
src/components/antiConsumption/ShopYourClosetFirst.tsx(109,29): error TS2339: Property 'errorContainer' does not exist on type '{ actionContainer: { padding: number; paddingBottom: number; }; colorDot: { borderColor: string; borderRadius: number; borderWidth: number; height: number; marginRight: number; width: number; }; ... 34 more ...; title: { ...; }; }'.
src/components/antiConsumption/ShopYourClosetFirst.tsx(115,31): error TS2339: Property 'errorText' does not exist on type '{ actionContainer: { padding: number; paddingBottom: number; }; colorDot: { borderColor: string; borderRadius: number; borderWidth: number; height: number; marginRight: number; width: number; }; ... 34 more ...; title: { ...; }; }'.
src/components/antiConsumption/ShopYourClosetFirst.tsx(201,24): error TS2322: Type '{ uri: unknown; }' is not assignable to type 'ImageSourcePropType | undefined'.
  Types of property 'uri' are incompatible.
    Type 'unknown' is not assignable to type 'string | undefined'.
src/components/antiConsumption/ShopYourClosetFirst.tsx(213,86): error TS2339: Property 'neutral' does not exist on type 'string[]'.
src/components/artistry/ArtistryHomeScreen.tsx(317,13): error TS2322: Type '({ id: string; type: "outfit"; title: string; content: { image: string; title: string; subtitle: string; confidence: number; message?: undefined; items?: undefined; emoji?: undefined; mood?: undefined; description?: undefined; gradient?: undefined; }; } | { ...; } | { ...; } | { ...; })[]' is not assignable to type 'TotemFacet[]'.
  Type '{ id: string; type: "outfit"; title: string; content: { image: string; title: string; subtitle: string; confidence: number; message?: undefined; items?: undefined; emoji?: undefined; mood?: undefined; description?: undefined; gradient?: undefined; }; } | { ...; } | { ...; } | { ...; }' is not assignable to type 'TotemFacet'.
    Type '{ id: string; type: "mood"; title: string; content: { emoji: string; mood: string; description: string; gradient: ("#7FA87F" | "#5C8A5C")[]; image?: undefined; title?: undefined; subtitle?: undefined; confidence?: undefined; message?: undefined; items?: undefined; }; }' is not assignable to type 'TotemFacet'.
      The types of 'content.mood' are incompatible between these types.
        Type 'string' is not assignable to type '{ color: string; emotion: string; description: string; }'.
src/components/artistry/ArtistryHomeScreen.tsx(336,11): error TS2322: Type '({ id: string; type: "interactive"; span: 2; height: "large"; title: string; subtitle: string; content: { icon: string; gradient: string[]; value?: undefined; label?: undefined; trend?: undefined; message?: undefined; image?: undefined; symbol?: undefined; }; onPress: () => void; } | ... 5 more ... | { ...; })[]' is not assignable to type 'BentoItem[]'.
  Type '{ id: string; type: "interactive"; span: 2; height: "large"; title: string; subtitle: string; content: { icon: string; gradient: string[]; value?: undefined; label?: undefined; trend?: undefined; message?: undefined; image?: undefined; symbol?: undefined; }; onPress: () => void; } | ... 5 more ... | { ...; }' is not assignable to type 'BentoItem'.
    Type '{ id: string; type: "interactive"; span: 2; height: "large"; title: string; subtitle: string; content: { icon: string; gradient: string[]; value?: undefined; label?: undefined; trend?: undefined; message?: undefined; image?: undefined; symbol?: undefined; }; onPress: () => void; }' is not assignable to type 'BentoItem'.
      The types of 'content.icon' are incompatible between these types.
        Type 'string' is not assignable to type '"wifi" | "exit" | "push" | "map" | "filter" | "at" | "text" | "link" | "search" | "image" | "alert" | "checkbox" | "menu" | "radio" | "timer" | "list" | "repeat" | "grid" | "card" | ... 1319 more ... | undefined'.
src/components/artistry/BentoGallery.tsx(235,9): error TS2322: Type 'string[]' is not assignable to type 'readonly [ColorValue, ColorValue, ...ColorValue[]]'.
  Source provides no match for required element at position 0 in target.
src/components/artistry/InteractiveTotem.tsx(26,30): error TS2307: Cannot find module '../../constants/DesignSystem' or its corresponding type declarations.
src/components/artistry/InteractiveTotem.tsx(187,25): error TS2322: Type 'string[]' is not assignable to type 'readonly [ColorValue, ColorValue, ...ColorValue[]]'.
  Source provides no match for required element at position 0 in target.
src/components/artistry/InteractiveTotem.tsx(190,53): error TS2322: Type '{ color: string; emotion: string; description: string; }' is not assignable to type 'ReactNode'.
src/components/atmospheric/AtmosphericHomeScreen.tsx(294,13): error TS2322: Type '({ id: string; type: "outfit"; title: string; content: { image: string; title: string; subtitle: string; confidence: number; message?: undefined; items?: undefined; emoji?: undefined; mood?: undefined; description?: undefined; gradient?: undefined; }; } | { ...; } | { ...; } | { ...; })[]' is not assignable to type 'TotemFacet[]'.
  Type '{ id: string; type: "outfit"; title: string; content: { image: string; title: string; subtitle: string; confidence: number; message?: undefined; items?: undefined; emoji?: undefined; mood?: undefined; description?: undefined; gradient?: undefined; }; } | { ...; } | { ...; } | { ...; }' is not assignable to type 'TotemFacet'.
    Type '{ id: string; type: "mood"; title: string; content: { emoji: string; mood: string; description: string; gradient: ("#A8C8A8" | "#7FA87F")[]; image?: undefined; title?: undefined; subtitle?: undefined; confidence?: undefined; message?: undefined; items?: undefined; }; }' is not assignable to type 'TotemFacet'.
      The types of 'content.mood' are incompatible between these types.
        Type 'string' is not assignable to type '{ color: string; emotion: string; description: string; }'.
src/components/atmospheric/InteractiveTotem.tsx(194,52): error TS2322: Type '{ width: `${number}%` | "undefined%"; }' is not assignable to type 'ViewStyle | Falsy | RegisteredStyle<ViewStyle> | RecursiveArray<ViewStyle | Falsy | RegisteredStyle<ViewStyle>> | readonly (ViewStyle | ... 1 more ... | RegisteredStyle<...>)[]'.
  Types of property 'width' are incompatible.
    Type '`${number}%` | "undefined%"' is not assignable to type 'DimensionValue | undefined'.
      Type '"undefined%"' is not assignable to type 'DimensionValue | undefined'.
src/components/atmospheric/InteractiveTotem.tsx(237,21): error TS2322: Type 'string[]' is not assignable to type 'readonly [ColorValue, ColorValue, ...ColorValue[]]'.
  Source provides no match for required element at position 0 in target.
src/components/auth/OriginalLoginForm.tsx(111,34): error TS2345: Argument of type 'unknown' is not assignable to parameter of type 'DevLogArg'.
src/components/common/AnimatedPastelCircleBackground.tsx(76,8): error TS2741: Property 'delay' is missing in type '{ style: { backgroundColor: string; }; size: number; initialX: number; initialY: number; }' but required in type 'CircleProps'.
src/components/common/AnimatedPastelCircleBackground.tsx(82,8): error TS2741: Property 'delay' is missing in type '{ style: { backgroundColor: string; }; size: number; initialX: number; initialY: number; }' but required in type 'CircleProps'.
src/components/common/AnimatedPastelCircleBackground.tsx(88,8): error TS2741: Property 'delay' is missing in type '{ style: { backgroundColor: string; }; size: number; initialX: number; initialY: number; }' but required in type 'CircleProps'.
src/components/common/AnimatedWrapper.tsx(29,11): error TS2322: Type 'AnimatedStyle<ViewStyle> | undefined' is not assignable to type 'StyleProp<ViewStyle>'.
  Type 'SharedValueDisableContravariance<ViewStyle>' is not assignable to type 'StyleProp<ViewStyle>'.
src/components/common/UndoNotification.tsx(83,14): error TS2304: Cannot find name 'fadeAnim'.
src/components/common/WardrobeCard.tsx(92,9): error TS2322: Type 'string[]' is not assignable to type 'readonly [ColorValue, ColorValue, ...ColorValue[]]'.
  Source provides no match for required element at position 0 in target.
src/components/CustomModal.tsx(253,53): error TS2339: Property 'transparent' does not exist on type '{ readonly primary: "#F8F6F4"; readonly secondary: "#F5F3F1"; readonly tertiary: "#F2F0EE"; readonly elevated: "#FFFFFF"; readonly glass: "rgba(255, 255, 255, 0.15)"; readonly overlay: "rgba(0,0,0,0.4)"; readonly card: "#FFFFFF"; }'.
src/components/efficiency/EfficiencyInsights.tsx(488,43): error TS2345: Argument of type 'string' is not assignable to parameter of type 'SetStateAction<"recommendations" | "breakdown" | "trends" | "overview">'.
src/components/efficiency/EfficiencyInsights.tsx(491,17): error TS2322: Type 'string' is not assignable to type '"wifi" | "exit" | "push" | "map" | "filter" | "at" | "text" | "link" | "search" | "image" | "alert" | "checkbox" | "menu" | "radio" | "timer" | "list" | "repeat" | "grid" | "card" | ... 1319 more ... | undefined'.
src/components/ErrorBoundary.tsx(137,42): error TS2339: Property 'functional' does not exist on type '{ readonly primary: "#5C8A5C"; readonly primaryIndexed: { readonly 50: "#F6F8F6"; readonly 75: "#F2F6F2"; readonly 100: "#E8F0E8"; readonly 200: "#D1E1D1"; readonly 300: "#A8C8A8"; readonly 400: "#7FA87F"; ... 4 more ...; readonly 900: "#1A3F1A"; }; ... 26 more ...; readonly lavender: { ...; }; }'.
src/components/ErrorBoundary.tsx(152,32): error TS2339: Property 'functional' does not exist on type '{ readonly primary: "#5C8A5C"; readonly primaryIndexed: { readonly 50: "#F6F8F6"; readonly 75: "#F2F6F2"; readonly 100: "#E8F0E8"; readonly 200: "#D1E1D1"; readonly 300: "#A8C8A8"; readonly 400: "#7FA87F"; ... 4 more ...; readonly 900: "#1A3F1A"; }; ... 26 more ...; readonly lavender: { ...; }; }'.
src/components/FloatingActionButton.tsx(54,33): error TS2339: Property 'primaryScale' does not exist on type '{ readonly primary: "#5C8A5C"; readonly primaryIndexed: { readonly 50: "#F6F8F6"; readonly 75: "#F2F6F2"; readonly 100: "#E8F0E8"; readonly 200: "#D1E1D1"; readonly 300: "#A8C8A8"; readonly 400: "#7FA87F"; ... 4 more ...; readonly 900: "#1A3F1A"; }; ... 26 more ...; readonly lavender: { ...; }; }'.
src/components/home/EditorialShowcase.tsx(42,9): error TS2322: Type 'WeeklyColorTheme | undefined' is not assignable to type 'WeeklyColorTheme'.
  Type 'undefined' is not assignable to type 'WeeklyColorTheme'.
src/components/home/ProductCardShowcase.tsx(107,13): error TS2322: Type '(false | { marginHorizontal: number; } | { marginLeft: 24; } | { marginRight: 24; })[]' is not assignable to type 'ViewStyle'.
  Types of property 'filter' are incompatible.
    Type '{ <S extends false | { marginHorizontal: number; } | { marginLeft: 24; } | { marginRight: 24; }>(predicate: (value: false | { marginHorizontal: number; } | { marginLeft: 24; } | { marginRight: 24; }, index: number, array: (false | ... 2 more ... | { ...; })[]) => value is S, thisArg?: any): S[]; (predicate: (value: ...' is not assignable to type 'string | readonly FilterFunction[] | undefined'.
src/components/home/StyleMatchCarousel.tsx(118,8): error TS2322: Type '{ item: StyleMatchItem; onSwipe: (item: StyleMatchItem, direction: "left" | "right") => void; }' is not assignable to type 'SwipeableCardProps'.
  Types of property 'item' are incompatible.
    Type 'StyleMatchItem' is missing the following properties from type 'WardrobeItem': imageUri, category, colors, tags, and 3 more.
src/components/home/SwipeableCard.tsx(88,11): error TS2739: Type 'WardrobeItem' is missing the following properties from type '{ id: string; brand: string; product: string; price: string; discount: string; image: string; }': product, price, discount, image
src/components/luxury/ElegantLikeButton.tsx(107,13): error TS2304: Cannot find name 'size'.
src/components/luxury/ElegantLikeButton.tsx(108,12): error TS2304: Cannot find name 'size'.
src/components/luxury/LuxuryWardrobeCard.tsx(93,9): error TS2322: Type 'string[]' is not assignable to type 'readonly [ColorValue, ColorValue, ...ColorValue[]]'.
  Source provides no match for required element at position 0 in target.
src/components/modern/ModernCard.tsx(128,5): error TS2345: Argument of type '{ card: { backgroundColor: "#FFFFFF"; overflow: "hidden"; }; elevatedCard: { shadowColor: "#000000"; shadowOffset: { readonly width: 0; readonly height: 2; }; shadowOpacity: 0.08; shadowRadius: 4; elevation: 2; }; ... 10 more ...; xlRadius: { ...; }; }' is not assignable to parameter of type '{ card: { backgroundColor: "#FFFFFF"; overflow: "hidden"; }; elevatedCard: { shadowColor: "#000000"; shadowOffset: { readonly width: 0; readonly height: 2; }; shadowOpacity: 0.08; shadowRadius: 4; elevation: 2; }; ... 10 more ...; xlRadius: { ...; }; } & NamedStyles<...>'.
  Property 'glassCard' is incompatible with index signature.
    Object literal may only specify known properties, and 'backdropFilter' does not exist in type 'ViewStyle | TextStyle | ImageStyle'.
src/components/modern/ModernCard.tsx(150,51): error TS2339: Property 'tokens' does not exist on type '{ readonly scale: { readonly none: 0; readonly xs: 2; readonly sm: 4; readonly md: 8; readonly lg: 12; readonly xl: 16; readonly xxl: 24; readonly full: 9999; }; readonly semantic: { readonly button: 8; readonly card: 12; readonly input: 8; readonly modal: 16; readonly image: 8; readonly avatar: 9999; }; ... 12 more...'.
src/components/modern/ModernCard.tsx(153,51): error TS2339: Property 'tokens' does not exist on type '{ readonly scale: { readonly none: 0; readonly xs: 2; readonly sm: 4; readonly md: 8; readonly lg: 12; readonly xl: 16; readonly xxl: 24; readonly full: 9999; }; readonly semantic: { readonly button: 8; readonly card: 12; readonly input: 8; readonly modal: 16; readonly image: 8; readonly avatar: 9999; }; ... 12 more...'.
src/components/modern/ModernCard.tsx(156,51): error TS2339: Property 'tokens' does not exist on type '{ readonly scale: { readonly none: 0; readonly xs: 2; readonly sm: 4; readonly md: 8; readonly lg: 12; readonly xl: 16; readonly xxl: 24; readonly full: 9999; }; readonly semantic: { readonly button: 8; readonly card: 12; readonly input: 8; readonly modal: 16; readonly image: 8; readonly avatar: 9999; }; ... 12 more...'.
src/components/modern/ModernCard.tsx(159,51): error TS2339: Property 'tokens' does not exist on type '{ readonly scale: { readonly none: 0; readonly xs: 2; readonly sm: 4; readonly md: 8; readonly lg: 12; readonly xl: 16; readonly xxl: 24; readonly full: 9999; }; readonly semantic: { readonly button: 8; readonly card: 12; readonly input: 8; readonly modal: 16; readonly image: 8; readonly avatar: 9999; }; ... 12 more...'.
src/components/ModernActionSheet.tsx(222,53): error TS2339: Property 'backdrop' does not exist on type '{ readonly primary: "#F8F6F4"; readonly secondary: "#F5F3F1"; readonly tertiary: "#F2F0EE"; readonly elevated: "#FFFFFF"; readonly glass: "rgba(255, 255, 255, 0.15)"; readonly overlay: "rgba(0,0,0,0.4)"; readonly card: "#FFFFFF"; }'.
src/components/ModernActionSheet.tsx(225,14): error TS2304: Cannot find name 'fadeAnim'.
src/components/ModernActionSheet.tsx(232,53): error TS2339: Property 'transparent' does not exist on type '{ readonly primary: "#F8F6F4"; readonly secondary: "#F5F3F1"; readonly tertiary: "#F2F0EE"; readonly elevated: "#FFFFFF"; readonly glass: "rgba(255, 255, 255, 0.15)"; readonly overlay: "rgba(0,0,0,0.4)"; readonly card: "#FFFFFF"; }'.
src/components/ModernActionSheet.tsx(267,42): error TS2339: Property 'functional' does not exist on type '{ readonly primary: "#5C8A5C"; readonly primaryIndexed: { readonly 50: "#F6F8F6"; readonly 75: "#F2F6F2"; readonly 100: "#E8F0E8"; readonly 200: "#D1E1D1"; readonly 300: "#A8C8A8"; readonly 400: "#7FA87F"; ... 4 more ...; readonly 900: "#1A3F1A"; }; ... 26 more ...; readonly lavender: { ...; }; }'.
src/components/naming/AINameGenerator.tsx(55,22): error TS2448: Block-scoped variable 'handleGenerateName' used before its declaration.
src/components/naming/AINameGenerator.tsx(65,30): error TS2304: Cannot find name 'useCallback'.
src/components/navigation/PremiumTabBar.tsx(96,32): error TS2554: Expected 2 arguments, but got 1.
src/components/navigation/PremiumTabBar.tsx(96,47): error TS7031: Binding element 'value' implicitly has an 'any' type.
src/components/navigation/PremiumTabBar.tsx(102,43): error TS2345: Argument of type 'void' is not assignable to parameter of type 'number'.
src/components/navigation/PremiumTabBar.tsx(130,30): error TS2322: Type '(false | { borderRadius: 12; marginBottom: 4; padding: 4; position: "relative"; } | { backgroundColor: string; transform: { scale: number; }[]; })[]' is not assignable to type 'AnimatedStyle<ViewStyle> | undefined'.
  Type '(false | { borderRadius: 12; marginBottom: 4; padding: 4; position: "relative"; } | { backgroundColor: string; transform: { scale: number; }[]; })[]' is not assignable to type '{ backfaceVisibility?: MaybeSharedValue<"visible"> | MaybeSharedValue<"hidden"> | undefined; backgroundColor?: string | OpaqueColorValue | SharedValueDisableContravariance<...> | SharedValueDisableContravariance<...> | { ...; } | undefined; ... 125 more ...; translateY?: number | ... 4 more ... | undefined; }'.
    Types of property 'filter' are incompatible.
      Type '{ <S extends false | { borderRadius: 12; marginBottom: 4; padding: 4; position: "relative"; } | { backgroundColor: string; transform: { scale: number; }[]; }>(predicate: (value: false | { borderRadius: 12; marginBottom: 4; padding: 4; position: "relative"; } | { ...; }, index: number, array: (false | ... 1 more ... ...' is not assignable to type 'readonly FilterFunction[] | MaybeSharedValue<string> | SharedValueDisableContravariance<readonly FilterFunction[]> | readonly (FilterFunction | ... 19 more ... | { ...; })[] | undefined'.
src/components/navigation/PremiumTabBar.tsx(140,13): error TS2322: Type '(false | { fontWeight: "500"; marginTop: number; textAlign: "center"; fontSize: 12; lineHeight: 16; fontFamily: "Inter"; letterSpacing: 0.5; } | { fontWeight: "600"; transform: { scale: number; }[]; } | { ...; })[]' is not assignable to type 'AnimatedStyle<TextStyle> | undefined'.
  Type '(false | { fontWeight: "500"; marginTop: number; textAlign: "center"; fontSize: 12; lineHeight: 16; fontFamily: "Inter"; letterSpacing: 0.5; } | { fontWeight: "600"; transform: { scale: number; }[]; } | { ...; })[]' is not assignable to type '{ color?: string | OpaqueColorValue | SharedValueDisableContravariance<string> | SharedValueDisableContravariance<OpaqueColorValue> | { ...; } | undefined; ... 147 more ...; includeFontPadding?: boolean | undefined; }'.
    Types of property 'filter' are incompatible.
      Type '{ <S extends false | { fontWeight: "500"; marginTop: number; textAlign: "center"; fontSize: 12; lineHeight: 16; fontFamily: "Inter"; letterSpacing: 0.5; } | { fontWeight: "600"; transform: { scale: number; }[]; } | { ...; }>(predicate: (value: false | ... 2 more ... | { ...; }, index: number, array: (false | ... 2 m...' is not assignable to type 'readonly FilterFunction[] | MaybeSharedValue<string> | SharedValueDisableContravariance<readonly FilterFunction[]> | readonly (FilterFunction | ... 19 more ... | { ...; })[] | undefined'.
src/components/navigation/TabBar.tsx(204,5): error TS2345: Argument of type '{ container: { backfaceVisibility?: "visible" | "hidden" | undefined; backgroundColor: ColorValue; borderBlockColor?: ColorValue | undefined; ... 124 more ...; translateY?: AnimatableNumericValue | undefined; }; ... 21 more ...; activeTabTitle: { ...; }; }' is not assignable to parameter of type '{ container: { backfaceVisibility?: "visible" | "hidden" | undefined; backgroundColor: ColorValue; borderBlockColor?: ColorValue | undefined; borderBlockEndColor?: ColorValue | undefined; ... 123 more ...; translateY?: AnimatableNumericValue | undefined; }; ... 21 more ...; activeTabTitle: { ...; }; } & NamedStyles<...'.
  Property 'modernTab' is incompatible with index signature.
    Object literal may only specify known properties, and 'transition' does not exist in type 'ViewStyle | TextStyle | ImageStyle'.
src/components/onboarding/ConfidenceLoop.tsx(44,36): error TS2304: Cannot find name 'useCallback'.
src/components/onboarding/NotificationPermissionRequest.tsx(85,33): error TS2339: Property 'container' does not exist on type '{}'.
src/components/onboarding/NotificationPermissionRequest.tsx(88,23): error TS2339: Property 'gradient' does not exist on type '{}'.
src/components/onboarding/NotificationPermissionRequest.tsx(90,29): error TS2339: Property 'content' does not exist on type '{}'.
src/components/onboarding/NotificationPermissionRequest.tsx(91,85): error TS2339: Property 'heroSection' does not exist on type '{}'.
src/components/onboarding/NotificationPermissionRequest.tsx(92,33): error TS2339: Property 'iconContainer' does not exist on type '{}'.
src/components/onboarding/NotificationPermissionRequest.tsx(93,54): error TS2339: Property 'iconBlur' does not exist on type '{}'.
src/components/onboarding/NotificationPermissionRequest.tsx(98,33): error TS2339: Property 'title' does not exist on type '{}'.
src/components/onboarding/NotificationPermissionRequest.tsx(99,33): error TS2339: Property 'subtitle' does not exist on type '{}'.
src/components/onboarding/NotificationPermissionRequest.tsx(104,27): error TS2339: Property 'benefitsSection' does not exist on type '{}'.
src/components/onboarding/NotificationPermissionRequest.tsx(106,52): error TS2339: Property 'benefitsCard' does not exist on type '{}'.
src/components/onboarding/NotificationPermissionRequest.tsx(107,35): error TS2339: Property 'benefitsTitle' does not exist on type '{}'.
src/components/onboarding/NotificationPermissionRequest.tsx(109,35): error TS2339: Property 'benefitsList' does not exist on type '{}'.
src/components/onboarding/NotificationPermissionRequest.tsx(110,37): error TS2339: Property 'benefitItem' does not exist on type '{}'.
src/components/onboarding/NotificationPermissionRequest.tsx(111,39): error TS2339: Property 'benefitIconContainer' does not exist on type '{}'.
src/components/onboarding/NotificationPermissionRequest.tsx(114,39): error TS2339: Property 'benefitContent' does not exist on type '{}'.
src/components/onboarding/NotificationPermissionRequest.tsx(115,41): error TS2339: Property 'benefitTitle' does not exist on type '{}'.
src/components/onboarding/NotificationPermissionRequest.tsx(116,41): error TS2339: Property 'benefitDescription' does not exist on type '{}'.
src/components/onboarding/NotificationPermissionRequest.tsx(122,37): error TS2339: Property 'benefitItem' does not exist on type '{}'.
src/components/onboarding/NotificationPermissionRequest.tsx(123,39): error TS2339: Property 'benefitIconContainer' does not exist on type '{}'.
src/components/onboarding/NotificationPermissionRequest.tsx(126,39): error TS2339: Property 'benefitContent' does not exist on type '{}'.
src/components/onboarding/NotificationPermissionRequest.tsx(127,41): error TS2339: Property 'benefitTitle' does not exist on type '{}'.
src/components/onboarding/NotificationPermissionRequest.tsx(128,41): error TS2339: Property 'benefitDescription' does not exist on type '{}'.
src/components/onboarding/NotificationPermissionRequest.tsx(134,37): error TS2339: Property 'benefitItem' does not exist on type '{}'.
src/components/onboarding/NotificationPermissionRequest.tsx(135,39): error TS2339: Property 'benefitIconContainer' does not exist on type '{}'.
src/components/onboarding/NotificationPermissionRequest.tsx(138,39): error TS2339: Property 'benefitContent' does not exist on type '{}'.
src/components/onboarding/NotificationPermissionRequest.tsx(139,41): error TS2339: Property 'benefitTitle' does not exist on type '{}'.
src/components/onboarding/NotificationPermissionRequest.tsx(140,41): error TS2339: Property 'benefitDescription' does not exist on type '{}'.
src/components/onboarding/NotificationPermissionRequest.tsx(146,37): error TS2339: Property 'benefitItem' does not exist on type '{}'.
src/components/onboarding/NotificationPermissionRequest.tsx(147,39): error TS2339: Property 'benefitIconContainer' does not exist on type '{}'.
src/components/onboarding/NotificationPermissionRequest.tsx(150,39): error TS2339: Property 'benefitContent' does not exist on type '{}'.
src/components/onboarding/NotificationPermissionRequest.tsx(151,41): error TS2339: Property 'benefitTitle' does not exist on type '{}'.
src/components/onboarding/NotificationPermissionRequest.tsx(152,41): error TS2339: Property 'benefitDescription' does not exist on type '{}'.
src/components/onboarding/NotificationPermissionRequest.tsx(163,27): error TS2339: Property 'scheduleSection' does not exist on type '{}'.
src/components/onboarding/NotificationPermissionRequest.tsx(165,52): error TS2339: Property 'scheduleCard' does not exist on type '{}'.
src/components/onboarding/NotificationPermissionRequest.tsx(166,35): error TS2339: Property 'scheduleTitle' does not exist on type '{}'.
src/components/onboarding/NotificationPermissionRequest.tsx(167,35): error TS2339: Property 'scheduleTimeline' does not exist on type '{}'.
src/components/onboarding/NotificationPermissionRequest.tsx(168,37): error TS2339: Property 'timelineItem' does not exist on type '{}'.
src/components/onboarding/NotificationPermissionRequest.tsx(169,39): error TS2339: Property 'timelineTime' does not exist on type '{}'.
src/components/onboarding/NotificationPermissionRequest.tsx(170,39): error TS2339: Property 'timelineEvent' does not exist on type '{}'.
src/components/onboarding/NotificationPermissionRequest.tsx(172,37): error TS2339: Property 'timelineItem' does not exist on type '{}'.
src/components/onboarding/NotificationPermissionRequest.tsx(173,39): error TS2339: Property 'timelineTime' does not exist on type '{}'.
src/components/onboarding/NotificationPermissionRequest.tsx(174,39): error TS2339: Property 'timelineEvent' does not exist on type '{}'.
src/components/onboarding/NotificationPermissionRequest.tsx(176,37): error TS2339: Property 'timelineItem' does not exist on type '{}'.
src/components/onboarding/NotificationPermissionRequest.tsx(177,39): error TS2339: Property 'timelineTime' does not exist on type '{}'.
src/components/onboarding/NotificationPermissionRequest.tsx(178,39): error TS2339: Property 'timelineEvent' does not exist on type '{}'.
src/components/onboarding/NotificationPermissionRequest.tsx(188,27): error TS2339: Property 'actionSection' does not exist on type '{}'.
src/components/onboarding/NotificationPermissionRequest.tsx(190,33): error TS2339: Property 'actionText' does not exist on type '{}'.
src/components/onboarding/NotificationPermissionRequest.tsx(192,33): error TS2339: Property 'actionButtons' does not exist on type '{}'.
src/components/onboarding/NotificationPermissionRequest.tsx(195,26): error TS2339: Property 'enableButton' does not exist on type '{}'.
src/components/onboarding/NotificationPermissionRequest.tsx(196,37): error TS2339: Property 'enableButtonPressed' does not exist on type '{}'.
src/components/onboarding/NotificationPermissionRequest.tsx(203,33): error TS2339: Property 'enableButtonGradient' does not exist on type '{}'.
src/components/onboarding/NotificationPermissionRequest.tsx(209,35): error TS2339: Property 'buttonIcon' does not exist on type '{}'.
src/components/onboarding/NotificationPermissionRequest.tsx(211,39): error TS2339: Property 'enableButtonText' does not exist on type '{}'.
src/components/onboarding/NotificationPermissionRequest.tsx(219,26): error TS2339: Property 'skipButton' does not exist on type '{}'.
src/components/onboarding/NotificationPermissionRequest.tsx(220,37): error TS2339: Property 'skipButtonPressed' does not exist on type '{}'.
src/components/onboarding/NotificationPermissionRequest.tsx(224,37): error TS2339: Property 'skipButtonText' does not exist on type '{}'.
src/components/onboarding/NotificationPermissionRequest.tsx(228,33): error TS2339: Property 'disclaimerText' does not exist on type '{}'.
src/components/onboarding/NotificationPermissionRequest.tsx(244,47): error TS2345: Argument of type 'unknown' is not assignable to parameter of type 'DevLogArg'.
src/components/onboarding/StyleDNASurvey.tsx(122,8): error TS18048: 'currentQuestion' is possibly 'undefined'.
src/components/onboarding/StyleDNASurvey.tsx(237,67): error TS18048: 'currentQuestion' is possibly 'undefined'.
src/components/onboarding/StyleDNASurvey.tsx(241,11): error TS18048: 'currentQuestion' is possibly 'undefined'.
src/components/onboarding/StyleDNASurvey.tsx(242,13): error TS18048: 'currentQuestion' is possibly 'undefined'.
src/components/onboarding/StylePreferenceQuestionnaire.tsx(283,51): error TS2345: Argument of type 'string' is not assignable to parameter of type 'SetStateAction<"encouraging" | "witty" | "poetic">'.
src/components/onboarding/WelcomeGift.tsx(188,5): error TS2322: Type 'string | undefined' is not assignable to type 'string'.
  Type 'undefined' is not assignable to type 'string'.
src/components/onboarding/WelcomeGift.tsx(241,43): error TS2339: Property 'interpolate' does not exist on type 'SharedValue<number>'.
src/components/optimized/OptimizedImage.tsx(260,15): error TS2322: Type 'string | ImageSourcePropType' is not assignable to type 'ImageSourcePropType | undefined'.
  Type 'string' is not assignable to type 'ImageSourcePropType | undefined'.
src/components/optimized/OptimizedImage.tsx(265,15): error TS2322: Type '(error: Error) => void' is not assignable to type '(error: NativeSyntheticEvent<ImageErrorEventData>) => void'.
  Types of parameters 'error' and 'error' are incompatible.
    Type 'NativeSyntheticEvent<ImageErrorEventData>' is missing the following properties from type 'Error': name, message
src/components/premium/index.ts(12,21): error TS2300: Duplicate identifier 'PremiumBrandCard'.
src/components/premium/index.ts(12,39): error TS2300: Duplicate identifier 'PremiumBrandCard'.
src/components/premium/index.ts(13,21): error TS2300: Duplicate identifier 'PremiumBrandShowcase'.
src/components/premium/index.ts(13,43): error TS2300: Duplicate identifier 'PremiumBrandShowcase'.
src/components/premium/PremiumBrandCard.tsx(124,11): error TS2322: Type '[...string[], string] | [...("#1F2937" | "#404040")[], string]' is not assignable to type 'readonly [ColorValue, ColorValue, ...ColorValue[]]'.
  Type '[...string[], string]' is not assignable to type 'readonly [ColorValue, ColorValue, ...ColorValue[]]'.
    Source provides no match for required element at position 0 in target.
src/components/premium/PremiumBrandCard.tsx(251,32): error TS2339: Property 'h4' does not exist on type '{ readonly display: { readonly fontSize: 28; readonly fontFamily: "PlayfairDisplay_400Regular"; readonly fontWeight: "600"; readonly letterSpacing: -0.3; }; readonly scale: { readonly button: { readonly fontSize: 16; ... 4 more ...; readonly textTransform: "uppercase"; }; ... 9 more ...; readonly caption: { ...; }; ...'.
src/components/premium/PremiumBrandCard.tsx(286,5): error TS2345: Argument of type '{ backgroundImage: { borderRadius: 16; }; brandBadge: { borderRadius: 8; elevation: number; paddingHorizontal: 8; paddingVertical: 4; shadowColor: "#171717"; shadowOffset: { width: number; height: number; }; shadowOpacity: number; shadowRadius: number; }; ... 23 more ...; titleText: any; }' is not assignable to parameter of type '{ backgroundImage: { borderRadius: 16; }; brandBadge: { borderRadius: 8; elevation: number; paddingHorizontal: 8; paddingVertical: 4; shadowColor: "#171717"; shadowOffset: { width: number; height: number; }; shadowOpacity: number; shadowRadius: number; }; ... 23 more ...; titleText: any; } & NamedStyles<...>'.
  Property 'likeButton' is incompatible with index signature.
    Object literal may only specify known properties, and 'backdropFilter' does not exist in type 'ViewStyle | TextStyle | ImageStyle'.
src/components/premium/PremiumBrandCard.tsx(355,32): error TS2339: Property 'h3' does not exist on type '{ readonly display: { readonly fontSize: 28; readonly fontFamily: "PlayfairDisplay_400Regular"; readonly fontWeight: "600"; readonly letterSpacing: -0.3; }; readonly scale: { readonly button: { readonly fontSize: 16; ... 4 more ...; readonly textTransform: "uppercase"; }; ... 9 more ...; readonly caption: { ...; }; ...'.
src/components/premium/PremiumBrandShowcase.tsx(213,32): error TS2339: Property 'h2' does not exist on type '{ readonly display: { readonly fontSize: 28; readonly fontFamily: "PlayfairDisplay_400Regular"; readonly fontWeight: "600"; readonly letterSpacing: -0.3; }; readonly scale: { readonly button: { readonly fontSize: 16; ... 4 more ...; readonly textTransform: "uppercase"; }; ... 9 more ...; readonly caption: { ...; }; ...'.
src/components/premium/PremiumBrandShowcase.tsx(250,32): error TS2339: Property 'h1' does not exist on type '{ readonly display: { readonly fontSize: 28; readonly fontFamily: "PlayfairDisplay_400Regular"; readonly fontWeight: "600"; readonly letterSpacing: -0.3; }; readonly scale: { readonly button: { readonly fontSize: 16; ... 4 more ...; readonly textTransform: "uppercase"; }; ... 9 more ...; readonly caption: { ...; }; ...'.
src/components/premium/PremiumTabBar.tsx(102,13): error TS2339: Property 'options' does not exist on type 'BottomTabDescriptor | undefined'.
src/components/premium/PremiumTabBar.tsx(102,37): error TS18048: 'route' is possibly 'undefined'.
src/components/premium/PremiumTabBar.tsx(118,17): error TS18048: 'route' is possibly 'undefined'.
src/components/premium/PremiumTabBar.tsx(123,29): error TS18048: 'route' is possibly 'undefined'.
src/components/premium/PremiumTabBar.tsx(130,17): error TS18048: 'route' is possibly 'undefined'.
src/components/premium/PremiumTabBar.tsx(195,42): error TS2339: Property 'background' does not exist on type '{ primary: string[]; secondary: string[]; warm: string[]; neutral: string[]; sunset: string[]; earth: string[]; cream: string[]; }'.
src/components/product/index.ts(18,35): error TS2304: Cannot find name 'ProductCardData'.
src/components/product/index.ts(162,13): error TS2304: Cannot find name 'ProductCardData'.
src/components/product/index.ts(164,4): error TS2304: Cannot find name 'ProductCardData'.
src/components/product/index.ts(172,13): error TS2304: Cannot find name 'ProductCardData'.
src/components/product/index.ts(174,4): error TS2304: Cannot find name 'ProductCardData'.
src/components/product/index.ts(182,13): error TS2304: Cannot find name 'ProductCardData'.
src/components/product/index.ts(185,4): error TS2304: Cannot find name 'ProductCardData'.
src/components/product/index.ts(192,40): error TS2304: Cannot find name 'ProductCardData'.
src/components/product/index.ts(192,76): error TS2304: Cannot find name 'ProductCardData'.
src/components/product/ProductCard.tsx(610,32): error TS2551: Property 'headings' does not exist on type '{ readonly display: { readonly fontSize: 28; readonly fontFamily: "PlayfairDisplay_400Regular"; readonly fontWeight: "600"; readonly letterSpacing: -0.3; }; readonly scale: { readonly button: { readonly fontSize: 16; ... 4 more ...; readonly textTransform: "uppercase"; }; ... 9 more ...; readonly caption: { ...; }; ...'. Did you mean 'heading'?
src/components/product/ProductCard.tsx(635,32): error TS2551: Property 'headings' does not exist on type '{ readonly display: { readonly fontSize: 28; readonly fontFamily: "PlayfairDisplay_400Regular"; readonly fontWeight: "600"; readonly letterSpacing: -0.3; }; readonly scale: { readonly button: { readonly fontSize: 16; ... 4 more ...; readonly textTransform: "uppercase"; }; ... 9 more ...; readonly caption: { ...; }; ...'. Did you mean 'heading'?
src/components/product/ProductCardShowcase.tsx(425,45): error TS2339: Property 'light' does not exist on type '{ readonly primary: "#D1D5DB"; readonly secondary: "#E5E5E5"; readonly accent: "#F0D666"; readonly glass: "rgba(255, 255, 255, 0.2)"; }'.
src/components/product/ProductCardShowcase.tsx(460,51): error TS2339: Property 'light' does not exist on type '{ readonly primary: "#D1D5DB"; readonly secondary: "#E5E5E5"; readonly accent: "#F0D666"; readonly glass: "rgba(255, 255, 255, 0.2)"; }'.
src/components/product/ProductCardShowcase.tsx(469,51): error TS2339: Property 'light' does not exist on type '{ readonly primary: "#D1D5DB"; readonly secondary: "#E5E5E5"; readonly accent: "#F0D666"; readonly glass: "rgba(255, 255, 255, 0.2)"; }'.
src/components/product/ProductCardShowcase.tsx(510,32): error TS2551: Property 'headings' does not exist on type '{ readonly display: { readonly fontSize: 28; readonly fontFamily: "PlayfairDisplay_400Regular"; readonly fontWeight: "600"; readonly letterSpacing: -0.3; }; readonly scale: { readonly button: { readonly fontSize: 16; ... 4 more ...; readonly textTransform: "uppercase"; }; ... 9 more ...; readonly caption: { ...; }; ...'. Did you mean 'heading'?
src/components/profile/SettingsSection.tsx(110,27): error TS2339: Property 'chevronOpacity' does not exist on type '{ menuItem: { alignItems: "center"; backgroundColor: "#FFFFFF"; borderColor: "#D1D5DB"; borderRadius: number; borderWidth: number; elevation: number; flexDirection: "row"; marginBottom: 12; ... 6 more ...; shadowRadius: number; }; menuItemContent: { ...; }; menuItemRight: { ...; }; menuItemSubtitle: { ...; }; menuIt...'.
src/components/sanctuary/WardrobeItemCard.tsx(127,9): error TS2322: Type 'string[]' is not assignable to type 'readonly [ColorValue, ColorValue, ...ColorValue[]]'.
  Source provides no match for required element at position 0 in target.
src/components/shared/MirrorHeader.tsx(49,19): error TS2322: Type '{ fontSize: number; fontWeight: string; color: string; marginBottom: number; fontFamily: string; }' is not assignable to type 'StyleProp<TextStyle>'.
  Type '{ fontSize: number; fontWeight: string; color: string; marginBottom: number; fontFamily: string; }' is not assignable to type 'TextStyle'.
    Types of property 'fontWeight' are incompatible.
      Type 'string' is not assignable to type '300 | 400 | 600 | "bold" | "normal" | "100" | "200" | "300" | "400" | "500" | "600" | "700" | "800" | "900" | 100 | 200 | 500 | 700 | 800 | 900 | "ultralight" | "thin" | "light" | "medium" | ... 6 more ... | undefined'.
src/components/shared/OptimizedImage.tsx(141,33): error TS2339: Property 'uri' does not exist on type 'ImageSourcePropType'.
  Property 'uri' does not exist on type 'number'.
src/components/shared/OptimizedImage.tsx(153,67): error TS2339: Property 'uri' does not exist on type 'ImageSourcePropType'.
  Property 'uri' does not exist on type 'number'.
src/components/shared/OptimizedImage.tsx(169,81): error TS2339: Property 'uri' does not exist on type 'ImageSourcePropType'.
  Property 'uri' does not exist on type 'number'.
src/components/shared/OptimizedImage.tsx(195,89): error TS2339: Property 'uri' does not exist on type 'ImageSourcePropType'.
  Property 'uri' does not exist on type 'number'.
src/components/shared/OptimizedImage.tsx(195,94): error TS2554: Expected 1 arguments, but got 2.
src/components/shared/OptimizedImage.tsx(203,92): error TS2339: Property 'uri' does not exist on type 'ImageSourcePropType'.
  Property 'uri' does not exist on type 'number'.
src/components/shared/OptimizedImage.tsx(203,97): error TS2554: Expected 1 arguments, but got 2.
src/components/shared/OptimizedImage.tsx(211,30): error TS2345: Argument of type 'Promise<string>' is not assignable to parameter of type 'SetStateAction<string | null>'.
src/components/shared/OptimizedImage.tsx(217,23): error TS2345: Argument of type 'Promise<string>' is not assignable to parameter of type 'SetStateAction<string | null>'.
src/components/shared/OptimizedImage.tsx(231,13): error TS2339: Property 'uri' does not exist on type 'ImageSourcePropType'.
  Property 'uri' does not exist on type 'number'.
src/components/shared/OptimizedImage.tsx(245,31): error TS2339: Property 'uri' does not exist on type 'ImageSourcePropType'.
  Property 'uri' does not exist on type 'number'.
src/components/shared/OptimizedImage.tsx(248,27): error TS2339: Property 'uri' does not exist on type 'ImageSourcePropType'.
  Property 'uri' does not exist on type 'number'.
src/components/shared/OptimizedImage.tsx(338,82): error TS2339: Property 'main' does not exist on type '"#5C8A5C"'.
src/components/shared/OptimizedImage.tsx(359,45): error TS2322: Type 'ViewStyle | ImageStyle | undefined' is not assignable to type 'Falsy | ImageStyle | RegisteredStyle<ImageStyle> | RecursiveArray<Falsy | ImageStyle | RegisteredStyle<ImageStyle>> | readonly (Falsy | ... 1 more ... | RegisteredStyle<...>)[]'.
  Type 'ViewStyle' is not assignable to type 'Falsy | ImageStyle | RegisteredStyle<ImageStyle> | RecursiveArray<Falsy | ImageStyle | RegisteredStyle<ImageStyle>> | readonly (Falsy | ... 1 more ... | RegisteredStyle<...>)[]'.
    Type 'ViewStyle' is not assignable to type 'ImageStyle'.
      Types of property 'overflow' are incompatible.
        Type '"visible" | "hidden" | "scroll" | undefined' is not assignable to type '"visible" | "hidden" | undefined'.
          Type '"scroll"' is not assignable to type '"visible" | "hidden" | undefined'.
src/components/shared/OptimizedImage.tsx(374,35): error TS2322: Type 'ViewStyle | ImageStyle | undefined' is not assignable to type 'Falsy | ImageStyle | RegisteredStyle<ImageStyle> | RecursiveArray<Falsy | ImageStyle | RegisteredStyle<ImageStyle>> | readonly (Falsy | ... 1 more ... | RegisteredStyle<...>)[]'.
  Type 'ViewStyle' is not assignable to type 'Falsy | ImageStyle | RegisteredStyle<ImageStyle> | RecursiveArray<Falsy | ImageStyle | RegisteredStyle<ImageStyle>> | readonly (Falsy | ... 1 more ... | RegisteredStyle<...>)[]'.
    Type 'ViewStyle' is not assignable to type 'ImageStyle'.
      Types of property 'overflow' are incompatible.
        Type '"visible" | "hidden" | "scroll" | undefined' is not assignable to type '"visible" | "hidden" | undefined'.
          Type '"scroll"' is not assignable to type '"visible" | "hidden" | undefined'.
src/components/shared/OptimizedImage.tsx(379,13): error TS2322: Type '(error: Error) => void' is not assignable to type '(error: NativeSyntheticEvent<ImageErrorEventData>) => void'.
  Types of parameters 'error' and 'error' are incompatible.
    Type 'NativeSyntheticEvent<ImageErrorEventData>' is missing the following properties from type 'Error': name, message
src/components/shared/OptimizedImage.tsx(457,50): error TS2339: Property 'main' does not exist on type '"#5C8A5C"'.
src/components/shared/RecommendationsList.tsx(84,9): error TS2322: Type '(_: OutfitRecommendation[] | null | undefined, index: number) => { length: number; offset: number; index: number; }' is not assignable to type '(data: ArrayLike<OutfitRecommendation> | null | undefined, index: number) => { length: number; offset: number; index: number; }'.
  Types of parameters '_' and 'data' are incompatible.
    Type 'ArrayLike<OutfitRecommendation> | null | undefined' is not assignable to type 'OutfitRecommendation[] | null | undefined'.
      Type 'ArrayLike<OutfitRecommendation>' is missing the following properties from type 'OutfitRecommendation[]': pop, push, concat, join, and 34 more.
src/components/shared/SwipeStack.tsx(54,30): error TS2448: Block-scoped variable 'updateVisibleCards' used before its declaration.
src/components/shared/SwipeStack.tsx(54,30): error TS2454: Variable 'updateVisibleCards' is used before being assigned.
src/components/shared/VisionStats.tsx(117,13): error TS2322: Type 'string' is not assignable to type '"wifi" | "exit" | "push" | "map" | "filter" | "at" | "text" | "link" | "search" | "image" | "alert" | "checkbox" | "menu" | "radio" | "timer" | "list" | "repeat" | "grid" | "card" | ... 1318 more ... | "woman-sharp"'.
src/components/studio/BentoBoxGallery.tsx(145,11): error TS2322: Type 'string[]' is not assignable to type 'readonly [ColorValue, ColorValue, ...ColorValue[]]'.
  Source provides no match for required element at position 0 in target.
src/components/studio/BentoBoxGallery.tsx(186,25): error TS2322: Type 'string' is not assignable to type '"wifi" | "exit" | "push" | "map" | "filter" | "at" | "text" | "link" | "search" | "image" | "alert" | "checkbox" | "menu" | "radio" | "timer" | "list" | "repeat" | "grid" | "card" | ... 1319 more ... | undefined'.
src/components/studio/BentoBoxGallery.tsx(270,15): error TS2322: Type 'string' is not assignable to type '"wifi" | "exit" | "push" | "map" | "filter" | "at" | "text" | "link" | "search" | "image" | "alert" | "checkbox" | "menu" | "radio" | "timer" | "list" | "repeat" | "grid" | "card" | ... 1319 more ... | undefined'.
src/components/studio/StudioHomeScreen.tsx(309,28): error TS2322: Type '({ id: string; type: "mood"; size: "medium"; span: 2; title: string; subtitle: string; content: { emoji: string; gradient: ("#D1E1D1" | "#FDE68A")[]; value?: undefined; trend?: undefined; icon?: undefined; description?: undefined; image?: undefined; }; onPress?: undefined; } | ... 4 more ... | { ...; })[]' is not assignable to type 'BentoItem[]'.
  Type '{ id: string; type: "mood"; size: "medium"; span: 2; title: string; subtitle: string; content: { emoji: string; gradient: ("#D1E1D1" | "#FDE68A")[]; value?: undefined; trend?: undefined; icon?: undefined; description?: undefined; image?: undefined; }; onPress?: undefined; } | ... 4 more ... | { ...; }' is not assignable to type 'BentoItem'.
    Type '{ id: string; type: "action"; size: "medium"; span: 1; title: string; subtitle: string; content: { icon: string; emoji?: undefined; gradient?: undefined; value?: undefined; trend?: undefined; description?: undefined; image?: undefined; }; onPress: (() => void) | undefined; }' is not assignable to type 'BentoItem'.
      Types of property 'content' are incompatible.
        Type '{ icon: string; emoji?: undefined; gradient?: undefined; value?: undefined; trend?: undefined; description?: undefined; image?: undefined; }' is not assignable to type 'BentoItemContent'.
          Type '{ icon: string; emoji?: undefined; gradient?: undefined; value?: undefined; trend?: undefined; description?: undefined; image?: undefined; }' is not assignable to type '{ value: string; trend?: number | undefined; }'.
            Types of property 'value' are incompatible.
              Type 'undefined' is not assignable to type 'string'.
src/components/StyleMatchCircle.tsx(91,34): error TS2339: Property 'primaryScale' does not exist on type '{ readonly primary: "#5C8A5C"; readonly primaryIndexed: { readonly 50: "#F6F8F6"; readonly 75: "#F2F6F2"; readonly 100: "#E8F0E8"; readonly 200: "#D1E1D1"; readonly 300: "#A8C8A8"; readonly 400: "#7FA87F"; ... 4 more ...; readonly 900: "#1A3F1A"; }; ... 26 more ...; readonly lavender: { ...; }; }'.
src/components/StyleMatchCircle.tsx(102,29): error TS2339: Property 'primaryScale' does not exist on type '{ readonly primary: "#5C8A5C"; readonly primaryIndexed: { readonly 50: "#F6F8F6"; readonly 75: "#F2F6F2"; readonly 100: "#E8F0E8"; readonly 200: "#D1E1D1"; readonly 300: "#A8C8A8"; readonly 400: "#7FA87F"; ... 4 more ...; readonly 900: "#1A3F1A"; }; ... 26 more ...; readonly lavender: { ...; }; }'.
src/components/StyleMatchCircle.tsx(252,49): error TS2339: Property 'transparent' does not exist on type '{ readonly primary: "#F8F6F4"; readonly secondary: "#F5F3F1"; readonly tertiary: "#F2F0EE"; readonly elevated: "#FFFFFF"; readonly glass: "rgba(255, 255, 255, 0.15)"; readonly overlay: "rgba(0,0,0,0.4)"; readonly card: "#FFFFFF"; }'.
src/components/ultra/UltraPremiumHomeScreen.tsx(278,11): error TS2322: Type '{ children: Element[]; style: { flex: number; }; contentContainerStyle: ({ flexGrow: number; } | { paddingBottom: number; })[]; onScroll: ScrollHandlerProcessed<Record<string, unknown>>; ... 6 more ...; getItemLayout: undefined; }' is not assignable to type 'IntrinsicAttributes & IntrinsicClassAttributes<Component<AnimateProps<ScrollViewProps>, any, any>> & Readonly<...>'.
  Property 'maxToRenderPerBatch' does not exist on type 'IntrinsicAttributes & IntrinsicClassAttributes<Component<AnimateProps<ScrollViewProps>, any, any>> & Readonly<...>'.
src/components/ultra/UltraPremiumTabBar.tsx(83,13): error TS2339: Property 'options' does not exist on type 'unknown'.
src/components/ultra/UltraPremiumTabBar.tsx(83,37): error TS18048: 'route' is possibly 'undefined'.
src/components/ultra/UltraPremiumTabBar.tsx(98,9): error TS2322: Type 'string' is not assignable to type 'never'.
src/components/ultra/UltraPremiumTabBar.tsx(99,17): error TS18048: 'route' is possibly 'undefined'.
src/components/ultra/UltraPremiumTabBar.tsx(103,31): error TS2339: Property 'defaultPrevented' does not exist on type 'never'.
src/components/ultra/UltraPremiumTabBar.tsx(104,29): error TS18048: 'route' is possibly 'undefined'.
src/components/ultra/UltraPremiumTabBar.tsx(110,9): error TS2322: Type 'string' is not assignable to type 'never'.
src/components/ultra/UltraPremiumTabBar.tsx(111,17): error TS18048: 'route' is possibly 'undefined'.
src/components/vision/shared/BentoCard.tsx(123,9): error TS2322: Type 'string[]' is not assignable to type 'readonly [ColorValue, ColorValue, ...ColorValue[]]'.
  Source provides no match for required element at position 0 in target.
src/components/vision/shared/BentoGrid.tsx(60,13): error TS2322: Type 'string' is not assignable to type '"wifi" | "exit" | "push" | "map" | "filter" | "at" | "text" | "link" | "search" | "image" | "alert" | "checkbox" | "menu" | "radio" | "timer" | "list" | "repeat" | "grid" | "card" | ... 1318 more ... | "woman-sharp"'.
src/components/vision/shared/BentoGrid.tsx(78,15): error TS2322: Type 'string' is not assignable to type '"wifi" | "exit" | "push" | "map" | "filter" | "at" | "text" | "link" | "search" | "image" | "alert" | "checkbox" | "menu" | "radio" | "timer" | "list" | "repeat" | "grid" | "card" | ... 1318 more ... | "woman-sharp"'.
src/components/vision/shared/BentoGrid.tsx(97,15): error TS2322: Type 'string' is not assignable to type '"wifi" | "exit" | "push" | "map" | "filter" | "at" | "text" | "link" | "search" | "image" | "alert" | "checkbox" | "menu" | "radio" | "timer" | "list" | "repeat" | "grid" | "card" | ... 1318 more ... | "woman-sharp"'.
src/components/vision/shared/SwipeableCard.tsx(6,3): error TS2305: Module '"react-native"' has no exported member 'PanGestureHandler'.
src/components/vision/shared/SwipeableCard.tsx(220,13): error TS2322: Type 'string[]' is not assignable to type 'readonly [ColorValue, ColorValue, ...ColorValue[]]'.
  Source provides no match for required element at position 0 in target.
src/components/vision/shared/SwipeStack.tsx(43,13): error TS2322: Type '{ key: string; outfit: OutfitCard; index: number; totalCards: number; onSwipe: (direction: "left" | "right", outfit: OutfitCard) => void; isActive: boolean; }' is not assignable to type 'IntrinsicAttributes & SwipeableCardProps'.
  Property 'outfit' does not exist on type 'IntrinsicAttributes & SwipeableCardProps'.
src/components/vision/VisionWardrobeScreen.tsx(61,5): error TS2322: Type '"pants"' is not assignable to type '"wifi" | "exit" | "push" | "map" | "filter" | "at" | "text" | "link" | "search" | "image" | "alert" | "checkbox" | "menu" | "radio" | "timer" | "list" | "repeat" | "grid" | "card" | ... 1318 more ... | "woman-sharp"'.
src/components/vision/VisionWardrobeScreen.tsx(75,5): error TS2322: Type '"jacket"' is not assignable to type '"wifi" | "exit" | "push" | "map" | "filter" | "at" | "text" | "link" | "search" | "image" | "alert" | "checkbox" | "menu" | "radio" | "timer" | "list" | "repeat" | "grid" | "card" | ... 1318 more ... | "woman-sharp"'.
src/components/wardrobe/CameraView/index.tsx(35,18): error TS2448: Block-scoped variable 'requestPermissions' used before its declaration.
src/components/wardrobe/CameraView/index.tsx(37,30): error TS2304: Cannot find name 'useCallback'.
src/components/wardrobe/ItemDetails.tsx(217,22): error TS2304: Cannot find name 'color'.
src/components/wardrobe/WardrobeFilter.tsx(57,47): error TS2345: Argument of type 'ActiveFilters[T] extends (infer U)[] ? U : boolean' is not assignable to parameter of type 'string'.
  Type 'unknown' is not assignable to type 'string'.
src/components/wardrobe/WardrobeFilter.tsx(98,57): error TS2345: Argument of type 'T' is not assignable to parameter of type 'boolean'.
src/components/wardrobe/WardrobeGrid.tsx(175,7): error TS2322: Type '(data: WardrobeItemType[] | null | undefined, index: number) => { length: number; offset: number; index: number; }' is not assignable to type '(data: ArrayLike<WardrobeItem> | null | undefined, index: number) => { length: number; offset: number; index: number; }'.
  Types of parameters 'data' and 'data' are incompatible.
    Type 'ArrayLike<WardrobeItem> | null | undefined' is not assignable to type 'WardrobeItem[] | null | undefined'.
      Type 'ArrayLike<WardrobeItem>' is missing the following properties from type 'WardrobeItem[]': pop, push, concat, join, and 34 more.
src/components/wardrobe/WardrobeItem.tsx(42,72): error TS2345: Argument of type 'AIAnalysisData | undefined' is not assignable to parameter of type 'Record<string, any> | (() => Record<string, any> | null) | null'.
  Type 'undefined' is not assignable to type 'Record<string, any> | (() => Record<string, any> | null) | null'.
src/components/wardrobe/WardrobeItem.tsx(224,15): error TS2339: Property 'price' does not exist on type 'WardrobeItem'.
src/components/wardrobe/WardrobeItem.tsx(224,58): error TS2339: Property 'price' does not exist on type 'WardrobeItem'.
src/config/bundleOptimization.ts(93,3): error TS2322: Type '{ enableImageOptimization: boolean; chunkSizeLimit: number; enableCodeSplitting: boolean; enableTreeShaking: boolean; enableLazyLoading: boolean; enableMinification: boolean; preloadStrategy: "aggressive" | ... 1 more ... | "smart"; excludeFromBundle: string[]; criticalModules: string[]; } | { ...; } | { ...; }' is not assignable to type 'BundleOptimizationConfig'.
  Type '{ enableCodeSplitting: boolean; chunkSizeLimit: number; preloadStrategy: string; enableTreeShaking: boolean; enableLazyLoading: boolean; enableImageOptimization: boolean; enableMinification: boolean; excludeFromBundle: string[]; criticalModules: string[]; }' is not assignable to type 'BundleOptimizationConfig'.
    Types of property 'preloadStrategy' are incompatible.
      Type 'string' is not assignable to type '"aggressive" | "conservative" | "smart"'.
src/config/supabaseClient.ts(39,13): error TS2345: Argument of type 'string | undefined' is not assignable to parameter of type 'string | URL'.
  Type 'undefined' is not assignable to type 'string | URL'.
src/config/supabaseClient.ts(74,38): error TS2345: Argument of type 'string | undefined' is not assignable to parameter of type 'string'.
  Type 'undefined' is not assignable to type 'string'.
src/hooks/useIntersectionObserver.ts(166,12): error TS2322: Type 'RefObject<View | null>' is not assignable to type 'RefObject<View>'.
  Type 'View | null' is not assignable to type 'View'.
    Type 'null' is not assignable to type 'NativeMethods & ViewComponent'.
      Type 'null' is not assignable to type 'NativeMethods'.
src/lib/logger.ts(90,59): error TS2554: Expected 1 arguments, but got 2.
src/lib/logger.ts(100,46): error TS2554: Expected 1 arguments, but got 2.
src/providers/AIProvider.tsx(175,60): error TS2345: Argument of type 'UserProfile' is not assignable to parameter of type 'import("C:/AYNAMODA/src/types/user").UserProfile'.
  Type 'UserProfile' is missing the following properties from type 'UserProfile': style, favoriteColors, budget, sustainabilityGoals
src/providers/ErrorProvider.tsx(366,11): error TS2322: Type 'string | undefined' is not assignable to type 'string | number | boolean | null'.
  Type 'undefined' is not assignable to type 'string | number | boolean | null'.
src/screens/AynaMirrorScreen.tsx(368,18): error TS2345: Argument of type '"auto" | "off" | "on" | undefined' is not assignable to parameter of type 'SetStateAction<"auto" | "off" | "on">'.
  Type 'undefined' is not assignable to type 'SetStateAction<"auto" | "off" | "on">'.
src/screens/AynaMirrorScreen.tsx(394,46): error TS2339: Property 'background' does not exist on type '{ primary: string[]; secondary: string[]; warm: string[]; neutral: string[]; sunset: string[]; earth: string[]; cream: string[]; }'.
src/screens/AynaMirrorScreen.tsx(415,46): error TS2339: Property 'background' does not exist on type '{ primary: string[]; secondary: string[]; warm: string[]; neutral: string[]; sunset: string[]; earth: string[]; cream: string[]; }'.
src/screens/AynaMirrorScreen.tsx(440,44): error TS2339: Property 'background' does not exist on type '{ primary: string[]; secondary: string[]; warm: string[]; neutral: string[]; sunset: string[]; earth: string[]; cream: string[]; }'.
src/screens/AynaMirrorScreen.tsx(628,65): error TS2339: Property 'main' does not exist on type '{ 50: string; 100: string; 200: string; 300: string; 400: string; 500: string; 600: string; 700: string; 800: string; 900: string; }'.
src/screens/AynaMirrorSettingsScreen.tsx(394,11): error TS2769: No overload matches this call.
  The last overload gave the following error.
    Object literal may only specify known properties, and 'is24Hour' does not exist in type 'Attributes & DateTimePickerProps'.
src/screens/MainRitualScreen.tsx(10,36): error TS2307: Cannot find module '../constants/ModernDesignSystem' or its corresponding type declarations.
src/screens/MainRitualScreen.tsx(35,5): error TS2322: Type '"Sakin & Dengeli"' is not assignable to type 'MoodTag'.
src/screens/MainRitualScreen.tsx(50,5): error TS2322: Type '"I┼ş─▒lt─▒l─▒ & G├╝venli"' is not assignable to type 'MoodTag'.
src/screens/MainRitualScreen.tsx(65,5): error TS2322: Type '"Ne┼şeli & Oyuncu"' is not assignable to type 'MoodTag'.
src/screens/WardrobeScreen.tsx(209,9): error TS2322: Type 'WardrobeItem' is not assignable to type 'ClothingItem | WardrobeItem'.
  Type 'import("C:/AYNAMODA/src/types/aynaMirror").WardrobeItem' is not assignable to type 'import("C:/AYNAMODA/src/components/sanctuary/WardrobeItemCard").WardrobeItem'.
    Types of property 'purchaseDate' are incompatible.
      Type 'Date | undefined' is not assignable to type 'string | undefined'.
        Type 'Date' is not assignable to type 'string'.
src/screens/WardrobeScreen.tsx(211,29): error TS7006: Parameter 'id' implicitly has an 'any' type.
src/screens/WardrobeScreen.tsx(211,33): error TS7006: Parameter 'update' implicitly has an 'any' type.
src/services/accessibilityService.ts(130,63): error TS2345: Argument of type 'unknown' is not assignable to parameter of type 'DevLogArg'.
src/services/accessibilityService.ts(252,67): error TS2339: Property 'terracotta' does not exist on type 'Record<string, any> | { text: { primary: string; secondary: string; }; background: { primary: string; }; sage: { light: string; }; gold: { light: string; }; functional: { primary: string; success: string; warning: string; error: string; }; }'.
  Property 'terracotta' does not exist on type '{ text: { primary: string; secondary: string; }; background: { primary: string; }; sage: { light: string; }; gold: { light: string; }; functional: { primary: string; success: string; warning: string; error: string; }; }'.
src/services/accessibilityService.ts(253,67): error TS2339: Property 'success' does not exist on type 'Record<string, any> | { text: { primary: string; secondary: string; }; background: { primary: string; }; sage: { light: string; }; gold: { light: string; }; functional: { primary: string; success: string; warning: string; error: string; }; }'.
  Property 'success' does not exist on type '{ text: { primary: string; secondary: string; }; background: { primary: string; }; sage: { light: string; }; gold: { light: string; }; functional: { primary: string; success: string; warning: string; error: string; }; }'.
src/services/accessibilityService.ts(254,67): error TS2339: Property 'warning' does not exist on type 'Record<string, any> | { text: { primary: string; secondary: string; }; background: { primary: string; }; sage: { light: string; }; gold: { light: string; }; functional: { primary: string; success: string; warning: string; error: string; }; }'.
  Property 'warning' does not exist on type '{ text: { primary: string; secondary: string; }; background: { primary: string; }; sage: { light: string; }; gold: { light: string; }; functional: { primary: string; success: string; warning: string; error: string; }; }'.
src/services/accessibilityService.ts(255,67): error TS2339: Property 'error' does not exist on type 'Record<string, any> | { text: { primary: string; secondary: string; }; background: { primary: string; }; sage: { light: string; }; gold: { light: string; }; functional: { primary: string; success: string; warning: string; error: string; }; }'.
  Property 'error' does not exist on type '{ text: { primary: string; secondary: string; }; background: { primary: string; }; sage: { light: string; }; gold: { light: string; }; functional: { primary: string; success: string; warning: string; error: string; }; }'.
src/services/AIService.ts(160,17): error TS2322: Type '({ type: string; text: string; } | { type: string; image_url: { url: string; }; })[]' is not assignable to type 'string'.
src/services/AIService.ts(417,17): error TS2322: Type '({ type: string; text: string; } | { type: string; image_url: { url: string; }; })[]' is not assignable to type 'string'.
src/services/antiConsumptionService.ts(168,34): error TS2339: Property 'purchasePrice' does not exist on type 'WardrobeItem'.
src/services/antiConsumptionService.ts(169,33): error TS2339: Property 'purchaseDate' does not exist on type 'WardrobeItem'.
src/services/antiConsumptionService.ts(624,11): error TS2739: Type 'PostgrestTransformBuilder<any, any, any[], "wardrobe_items", unknown>' is missing the following properties from type 'Promise<PostgrestSingleResponse<unknown>>': catch, finally, [Symbol.toStringTag]
src/services/antiConsumptionService.ts(634,44): error TS2739: Type 'PostgrestFilterBuilder<any, any, any[], "wardrobe_items", unknown>' is missing the following properties from type 'Promise<PostgrestSingleResponse<unknown>>': catch, finally, [Symbol.toStringTag]
src/services/aynaMirrorService.ts(40,23): error TS2352: Conversion of type 'typeof WeatherService' to type 'WeatherServiceShape' may be a mistake because neither type sufficiently overlaps with the other. If this was intentional, convert the expression to 'unknown' first.
  Types of property 'analyzeWeatherAppropriatenessForItem' are incompatible.
    Type '(item: { category: string; tags: string[]; }, weather: WeatherContext) => number' is not comparable to type '(item: unknown) => number'.
      Target signature provides too few arguments. Expected 2 or more, but got 1.
src/services/aynaMirrorService.ts(46,23): error TS2352: Conversion of type 'typeof WeatherService' to type 'WeatherServiceShape' may be a mistake because neither type sufficiently overlaps with the other. If this was intentional, convert the expression to 'unknown' first.
  Types of property 'analyzeWeatherAppropriatenessForItem' are incompatible.
    Type '(item: { category: string; tags: string[]; }, weather: WeatherContext) => number' is not comparable to type '(item: unknown) => number'.
      Target signature provides too few arguments. Expected 2 or more, but got 1.
src/services/aynaMirrorService.ts(492,13): error TS2741: Property 'itemId' is missing in type '{ totalWears: number; averageRating: number; lastWorn: null; complimentsReceived: number; costPerWear: number; }' but required in type 'UsageStats'.
src/services/aynaMirrorService.ts(505,13): error TS2741: Property 'itemId' is missing in type '{ totalWears: number; averageRating: number; lastWorn: null; complimentsReceived: number; costPerWear: number; }' but required in type 'UsageStats'.
src/services/aynaMirrorService.ts(518,13): error TS2741: Property 'itemId' is missing in type '{ totalWears: number; averageRating: number; lastWorn: null; complimentsReceived: number; costPerWear: number; }' but required in type 'UsageStats'.
src/services/aynaMirrorService.ts(664,13): error TS2741: Property 'itemId' is missing in type '{ totalWears: number; lastWorn: null; averageRating: number; complimentsReceived: number; costPerWear: number; }' but required in type 'UsageStats'.
src/services/aynaMirrorService.ts(1143,27): error TS2339: Property 'analyzeWeatherAppropriatenessForItem' does not exist on type 'Promise<WeatherServiceShape>'.
src/services/aynaMirrorService.ts(1144,14): error TS2339: Property 'analyzeWeatherAppropriatenessForItem' does not exist on type 'Promise<WeatherServiceShape>'.
src/services/aynaMirrorService.ts(1548,26): error TS2339: Property 'analyzeWeatherAppropriatenessForItem' does not exist on type 'Promise<WeatherServiceShape>'.
src/services/aynaMirrorService.ts(1549,16): error TS2339: Property 'analyzeWeatherAppropriatenessForItem' does not exist on type 'Promise<WeatherServiceShape>'.
src/services/calendarService.ts(103,9): error TS2322: Type '{ title: string; startTime: Date; endTime: Date; location: string | undefined; type: "fitness" | "special" | "work" | "social" | "personal" | "travel"; }[]' is not assignable to type 'CalendarEvent[]'.
  Type '{ title: string; startTime: Date; endTime: Date; location: string | undefined; type: "fitness" | "special" | "work" | "social" | "personal" | "travel"; }' is not assignable to type 'CalendarEvent'.
    Types of property 'type' are incompatible.
      Type '"fitness" | "special" | "work" | "social" | "personal" | "travel"' is not assignable to type '"special" | "work" | "social" | "personal"'.
        Type '"fitness"' is not assignable to type '"special" | "work" | "social" | "personal"'.
src/services/calendarService.ts(115,11): error TS2322: Type '"fitness" | "special" | "work" | "social" | "personal" | "travel"' is not assignable to type '"special" | "work" | "social" | "personal"'.
  Type '"fitness"' is not assignable to type '"special" | "work" | "social" | "personal"'.
src/services/databasePerformanceService.ts(1,26): error TS2307: Cannot find module '@/lib/supabase' or its corresponding type declarations.
src/services/databasePerformanceService.ts(2,10): error TS2614: Module '"@/utils/logger"' has no exported member 'logInDev'. Did you mean to use 'import logInDev from "@/utils/logger"' instead?
src/services/databasePerformanceService.ts(2,20): error TS2614: Module '"@/utils/logger"' has no exported member 'errorInDev'. Did you mean to use 'import errorInDev from "@/utils/logger"' instead?
src/services/databasePerformanceService.ts(62,40): error TS2345: Argument of type 'Omit<PerformanceMetric, "timestamp">' is not assignable to parameter of type 'PerformanceMetric'.
  Property 'timestamp' is missing in type 'Omit<PerformanceMetric, "timestamp">' but required in type 'PerformanceMetric'.
src/services/ErrorReporting.ts(292,9): error TS2322: Type 'number | undefined' is not assignable to type 'string | number | boolean | null'.
  Type 'undefined' is not assignable to type 'string | number | boolean | null'.
src/services/ErrorReporting.ts(293,9): error TS2322: Type 'number | undefined' is not assignable to type 'string | number | boolean | null'.
  Type 'undefined' is not assignable to type 'string | number | boolean | null'.
src/services/ErrorReporting.ts(449,41): error TS2345: Argument of type 'Record<string, unknown>' is not assignable to parameter of type 'Record<string, string | number | boolean | null>'.
  'string' index signatures are incompatible.
    Type 'unknown' is not assignable to type 'string | number | boolean | null'.
src/services/imageCacheManager.ts(293,85): error TS2554: Expected 1 arguments, but got 2.
src/services/imageCacheManager.ts(302,9): error TS2322: Type 'Promise<string>' is not assignable to type 'string'.
src/services/imageCacheManager.ts(516,10): error TS1205: Re-exporting a type when 'isolatedModules' is enabled requires using 'export type'.
src/services/imageCacheManager.ts(516,23): error TS1205: Re-exporting a type when 'isolatedModules' is enabled requires using 'export type'.
src/services/imageCacheManager.ts(516,35): error TS1205: Re-exporting a type when 'isolatedModules' is enabled requires using 'export type'.
src/services/intelligenceService.ts(178,24): error TS2339: Property 'costPerWear' does not exist on type 'Partial<WardrobeItem> & { id?: string | undefined; }'.
src/services/intelligenceService.ts(178,59): error TS2339: Property 'costPerWear' does not exist on type 'Partial<WardrobeItem> & { id?: string | undefined; }'.
src/services/notificationService.ts(21,29): error TS18048: 'jest' is possibly 'undefined'.
src/services/notificationService.ts(22,26): error TS18048: 'jest' is possibly 'undefined'.
src/services/notificationService.ts(22,54): error TS2345: Argument of type '{ status: string; }' is not assignable to parameter of type 'never'.
src/services/notificationService.ts(23,30): error TS18048: 'jest' is possibly 'undefined'.
src/services/notificationService.ts(23,58): error TS2345: Argument of type '{ status: string; }' is not assignable to parameter of type 'never'.
src/services/notificationService.ts(24,28): error TS18048: 'jest' is possibly 'undefined'.
src/services/notificationService.ts(24,56): error TS2345: Argument of type '{ data: string; }' is not assignable to parameter of type 'never'.
src/services/notificationService.ts(25,34): error TS18048: 'jest' is possibly 'undefined'.
src/services/notificationService.ts(26,32): error TS18048: 'jest' is possibly 'undefined'.
src/services/notificationService.ts(26,60): error TS2345: Argument of type '"mock-notification-id"' is not assignable to parameter of type 'never'.
src/services/notificationService.ts(27,39): error TS18048: 'jest' is possibly 'undefined'.
src/services/notificationService.ts(28,43): error TS18048: 'jest' is possibly 'undefined'.
src/services/notificationService.ts(29,40): error TS18048: 'jest' is possibly 'undefined'.
src/services/notificationService.ts(29,68): error TS2345: Argument of type 'never[]' is not assignable to parameter of type 'never'.
src/services/notificationService.ts(30,31): error TS18048: 'jest' is possibly 'undefined'.
src/services/notificationService.ts(31,35): error TS18048: 'jest' is possibly 'undefined'.
src/services/notificationService.ts(32,37): error TS18048: 'jest' is possibly 'undefined'.
src/services/notificationService.ts(32,65): error TS2345: Argument of type 'never[]' is not assignable to parameter of type 'never'.
src/services/notificationService.ts(33,25): error TS18048: 'jest' is possibly 'undefined'.
src/services/notificationService.ts(34,25): error TS18048: 'jest' is possibly 'undefined'.
src/services/notificationService.ts(34,53): error TS2345: Argument of type '0' is not assignable to parameter of type 'never'.
src/services/notificationService.ts(35,38): error TS18048: 'jest' is possibly 'undefined'.
src/services/notificationService.ts(36,46): error TS18048: 'jest' is possibly 'undefined'.
src/services/notificationService.ts(37,37): error TS18048: 'jest' is possibly 'undefined'.
src/services/notificationService.ts(58,7): error TS2649: Cannot augment module 'jest' with value exports because it resolves to a non-module entity.
src/services/notificationService.ts(82,5): error TS2322: Type 'Record<string, unknown> | undefined' is not assignable to type 'typeof import("C:/AYNAMODA/node_modules/expo-notifications/build/index")'.
  Type 'undefined' is not assignable to type 'typeof import("C:/AYNAMODA/node_modules/expo-notifications/build/index")'.
src/services/notificationService.ts(91,7): error TS2322: Type 'null' is not assignable to type 'typeof import("C:/AYNAMODA/node_modules/expo-notifications/build/index")'.
src/services/notificationService.ts(394,9): error TS2322: Type '{ date: Date; }' is not assignable to type 'NotificationTriggerInput'.
  Property 'type' is missing in type '{ date: Date; }' but required in type 'DateTriggerInput'.
src/services/wardrobeService.ts(153,57): error TS2345: Argument of type 'unknown' is not assignable to parameter of type 'DevLogArg'.
src/services/wardrobeService.ts(267,11): error TS2353: Object literal may only specify known properties, and 'sortOrder' does not exist in type '{ limit?: number | undefined; offset?: number | undefined; category?: string | undefined; sortBy?: string | undefined; }'.
src/services/wardrobeService.ts(473,37): error TS2345: Argument of type 'PostgrestSingleResponse<any[]>' is not assignable to parameter of type 'SupabaseResult<unknown>'.
  Type 'PostgrestResponseFailure' is not assignable to type 'SupabaseResult<unknown>'.
    Property 'ok' is missing in type 'PostgrestResponseFailure' but required in type 'SupabaseErr'.
src/utils/databaseOptimizations.ts(74,48): error TS2345: Argument of type 'unknown' is not assignable to parameter of type 'DevLogArg'.
src/utils/databaseOptimizations.ts(562,50): error TS2345: Argument of type 'unknown' is not assignable to parameter of type 'DevLogArg'.
src/utils/dynamicImports.tsx(9,30): error TS2307: Cannot find module '../constants/DesignSystem' or its corresponding type declarations.
src/utils/dynamicImports.tsx(66,10): error TS2322: Type 'ComponentProps<T>' is not assignable to type 'IntrinsicAttributes & (T extends MemoExoticComponent<infer U extends ComponentType<any>> | LazyExoticComponent<infer U extends ComponentType<...>> ? ReactManagedAttributes<...> : ReactManagedAttributes<...>)'.
  Type 'unknown' is not assignable to type 'IntrinsicAttributes & (T extends MemoExoticComponent<infer U extends ComponentType<any>> | LazyExoticComponent<infer U extends ComponentType<...>> ? ReactManagedAttributes<...> : ReactManagedAttributes<...>)'.
    Type 'unknown' is not assignable to type 'IntrinsicAttributes'.
src/utils/dynamicImports.tsx(66,28): error TS2698: Spread types may only be created from object types.
src/utils/dynamicImports.tsx(104,11): error TS2322: Type 'Promise<typeof import("C:/AYNAMODA/src/components/wardrobe/WardrobeGrid")>' is not assignable to type 'Promise<{ default: ComponentType<unknown>; }>'.
  Type 'typeof import("C:/AYNAMODA/src/components/wardrobe/WardrobeGrid")' is not assignable to type '{ default: ComponentType<unknown>; }'.
    Types of property 'default' are incompatible.
      Type 'FC<WardrobeGridProps>' is not assignable to type 'ComponentType<unknown>'.
        Type 'FunctionComponent<WardrobeGridProps>' is not assignable to type 'FunctionComponent<unknown>'.
          Type 'unknown' is not assignable to type 'WardrobeGridProps'.
src/utils/dynamicImports.tsx(110,11): error TS2322: Type 'Promise<typeof import("C:/AYNAMODA/src/components/discovery/DiscoveryEngine")>' is not assignable to type 'Promise<{ default: ComponentType<unknown>; }>'.
  Type 'typeof import("C:/AYNAMODA/src/components/discovery/DiscoveryEngine")' is not assignable to type '{ default: ComponentType<unknown>; }'.
    Types of property 'default' are incompatible.
      Type 'FC<DiscoveryEngineProps>' is not assignable to type 'ComponentType<unknown>'.
        Type 'FunctionComponent<DiscoveryEngineProps>' is not assignable to type 'FunctionComponent<unknown>'.
          Type 'unknown' is not assignable to type 'DiscoveryEngineProps'.
src/utils/dynamicImports.tsx(116,18): error TS2307: Cannot find module '../components/charts/AnalyticsChart' or its corresponding type declarations.
src/utils/dynamicImports.tsx(122,18): error TS2307: Cannot find module '../components/vision/CameraCapture' or its corresponding type declarations.
src/utils/dynamicImports.tsx(128,18): error TS2307: Cannot find module '../components/auth/AuthFlow' or its corresponding type declarations.
src/utils/dynamicImports.tsx(137,42): error TS2307: Cannot find module '../screens/ProfileScreen' or its corresponding type declarations.
src/utils/dynamicImports.tsx(139,43): error TS2307: Cannot find module '../screens/SettingsScreen' or its corresponding type declarations.
src/utils/dynamicImports.tsx(141,44): error TS2307: Cannot find module '../screens/AnalyticsScreen' or its corresponding type declarations.
src/utils/dynamicImports.tsx(143,36): error TS2322: Type 'Promise<typeof import("C:/AYNAMODA/src/screens/WardrobeScreen")>' is not assignable to type 'Promise<{ default: ComponentType<unknown>; }>'.
  Type 'typeof import("C:/AYNAMODA/src/screens/WardrobeScreen")' is not assignable to type '{ default: ComponentType<unknown>; }'.
    Types of property 'default' are incompatible.
      Type 'FC<{}>' is not assignable to type 'ComponentType<unknown>'.
        Type 'FunctionComponent<{}>' is not assignable to type 'FunctionComponent<unknown>'.
          Type 'unknown' is not assignable to type '{}'.
src/utils/dynamicImports.tsx(145,44): error TS2307: Cannot find module '../screens/DiscoveryScreen' or its corresponding type declarations.
src/utils/dynamicImports.tsx(160,40): error TS2339: Property 'includes' does not exist on type '{}'.
src/utils/dynamicImports.tsx(173,28): error TS2322: Type 'Promise<typeof import("C:/AYNAMODA/src/components/wardrobe/WardrobeGrid")>' is not assignable to type 'Promise<{ default: ComponentType<unknown>; }>'.
  Type 'typeof import("C:/AYNAMODA/src/components/wardrobe/WardrobeGrid")' is not assignable to type '{ default: ComponentType<unknown>; }'.
    Types of property 'default' are incompatible.
      Type 'FC<WardrobeGridProps>' is not assignable to type 'ComponentType<unknown>'.
        Type 'FunctionComponent<WardrobeGridProps>' is not assignable to type 'FunctionComponent<unknown>'.
          Type 'unknown' is not assignable to type 'WardrobeGridProps'.
src/utils/dynamicImports.tsx(174,28): error TS2322: Type 'Promise<typeof import("C:/AYNAMODA/src/components/discovery/DiscoveryEngine")>' is not assignable to type 'Promise<{ default: ComponentType<unknown>; }>'.
  Type 'typeof import("C:/AYNAMODA/src/components/discovery/DiscoveryEngine")' is not assignable to type '{ default: ComponentType<unknown>; }'.
    Types of property 'default' are incompatible.
      Type 'FC<DiscoveryEngineProps>' is not assignable to type 'ComponentType<unknown>'.
        Type 'FunctionComponent<DiscoveryEngineProps>' is not assignable to type 'FunctionComponent<unknown>'.
          Type 'unknown' is not assignable to type 'DiscoveryEngineProps'.
src/utils/dynamicImports.tsx(179,35): error TS2307: Cannot find module '../components/charts/AnalyticsChart' or its corresponding type declarations.
src/utils/dynamicImports.tsx(180,35): error TS2307: Cannot find module '../screens/ProfileScreen' or its corresponding type declarations.
src/utils/supabaseErrorMapping.ts(108,55): error TS2554: Expected 0 arguments, but got 1.
src/utils/treeShaking.ts(7,56): error TS7016: Could not find a declaration file for module 'lodash'. 'C:/AYNAMODA/node_modules/lodash/lodash.js' implicitly has an 'any' type.
  Try `npm i --save-dev @types/lodash` if it exists or add a new declaration (.d.ts) file containing `declare module 'lodash';`
src/utils/treeShaking.ts(13,68): error TS2339: Property 'AntDesign' does not exist on type 'typeof import("C:/AYNAMODA/node_modules/@expo/vector-icons/AntDesign")'.
src/utils/treeShaking.ts(14,92): error TS2339: Property 'Feather' does not exist on type 'typeof import("C:/AYNAMODA/node_modules/@expo/vector-icons/Feather")'.
src/utils/treeShaking.ts(15,90): error TS2339: Property 'Feather' does not exist on type 'typeof import("C:/AYNAMODA/node_modules/@expo/vector-icons/Feather")'.
src/utils/treeShaking.ts(17,66): error TS2339: Property 'Feather' does not exist on type 'typeof import("C:/AYNAMODA/node_modules/@expo/vector-icons/Feather")'.
src/utils/treeShaking.ts(18,92): error TS2339: Property 'Feather' does not exist on type 'typeof import("C:/AYNAMODA/node_modules/@expo/vector-icons/Feather")'.
src/utils/treeShaking.ts(19,90): error TS2339: Property 'Feather' does not exist on type 'typeof import("C:/AYNAMODA/node_modules/@expo/vector-icons/Feather")'.
src/utils/treeShaking.ts(20,92): error TS2339: Property 'Feather' does not exist on type 'typeof import("C:/AYNAMODA/node_modules/@expo/vector-icons/Feather")'.
src/utils/treeShaking.ts(21,91): error TS2339: Property 'Feather' does not exist on type 'typeof import("C:/AYNAMODA/node_modules/@expo/vector-icons/Feather")'.
src/utils/treeShaking.ts(25,72): error TS2339: Property 'MaterialIcons' does not exist on type 'typeof import("C:/AYNAMODA/node_modules/@expo/vector-icons/MaterialIcons")'.
src/utils/treeShaking.ts(27,72): error TS2339: Property 'MaterialIcons' does not exist on type 'typeof import("C:/AYNAMODA/node_modules/@expo/vector-icons/MaterialIcons")'.
src/utils/treeShaking.ts(31,67): error TS2339: Property 'Ionicons' does not exist on type 'typeof import("C:/AYNAMODA/node_modules/@expo/vector-icons/Ionicons")'.
src/utils/treeShaking.ts(33,67): error TS2339: Property 'Ionicons' does not exist on type 'typeof import("C:/AYNAMODA/node_modules/@expo/vector-icons/Ionicons")'.
