{"numFailedTestSuites":0,"numFailedTests":0,"numPassedTestSuites":30,"numPassedTests":493,"numPendingTestSuites":0,"numPendingTests":0,"numRuntimeErrorTestSuites":0,"numTodoTests":0,"numTotalTestSuites":30,"numTotalTests":493,"openHandles":[],"snapshot":{"added":0,"didUpdate":false,"failure":false,"filesAdded":0,"filesRemoved":0,"filesRemovedList":[],"filesUnmatched":0,"filesUpdated":0,"matched":0,"total":0,"unchecked":0,"uncheckedKeysByFile":[],"unmatched":0,"updated":0},"startTime":1755196317615,"success":true,"testResults":[{"assertionResults":[{"ancestorTitles":["PerformanceOptimizationService","Recommendation Caching"],"duration":4,"failureDetails":[],"failureMessages":[],"fullName":"PerformanceOptimizationService Recommendation Caching should cache daily recommendations successfully","invocations":1,"location":null,"numPassingAsserts":1,"retryReasons":[],"status":"passed","title":"should cache daily recommendations successfully"},{"ancestorTitles":["PerformanceOptimizationService","Recommendation Caching"],"duration":0,"failureDetails":[],"failureMessages":[],"fullName":"PerformanceOptimizationService Recommendation Caching should retrieve cached recommendations when valid","invocations":1,"location":null,"numPassingAsserts":2,"retryReasons":[],"status":"passed","title":"should retrieve cached recommendations when valid"},{"ancestorTitles":["PerformanceOptimizationService","Recommendation Caching"],"duration":0,"failureDetails":[],"failureMessages":[],"fullName":"PerformanceOptimizationService Recommendation Caching should return null for expired cached recommendations","invocations":1,"location":null,"numPassingAsserts":2,"retryReasons":[],"status":"passed","title":"should return null for expired cached recommendations"},{"ancestorTitles":["PerformanceOptimizationService","Recommendation Caching"],"duration":1,"failureDetails":[],"failureMessages":[],"fullName":"PerformanceOptimizationService Recommendation Caching should pre-generate recommendations for tomorrow","invocations":1,"location":null,"numPassingAsserts":1,"retryReasons":[],"status":"passed","title":"should pre-generate recommendations for tomorrow"},{"ancestorTitles":["PerformanceOptimizationService","Recommendation Caching"],"duration":0,"failureDetails":[],"failureMessages":[],"fullName":"PerformanceOptimizationService Recommendation Caching should skip pre-generation if recommendations already cached","invocations":1,"location":null,"numPassingAsserts":1,"retryReasons":[],"status":"passed","title":"should skip pre-generation if recommendations already cached"},{"ancestorTitles":["PerformanceOptimizationService","Wardrobe Data Caching"],"duration":0,"failureDetails":[],"failureMessages":[],"fullName":"PerformanceOptimizationService Wardrobe Data Caching should cache wardrobe data successfully","invocations":1,"location":null,"numPassingAsserts":1,"retryReasons":[],"status":"passed","title":"should cache wardrobe data successfully"},{"ancestorTitles":["PerformanceOptimizationService","Wardrobe Data Caching"],"duration":0,"failureDetails":[],"failureMessages":[],"fullName":"PerformanceOptimizationService Wardrobe Data Caching should retrieve cached wardrobe data when valid","invocations":1,"location":null,"numPassingAsserts":1,"retryReasons":[],"status":"passed","title":"should retrieve cached wardrobe data when valid"},{"ancestorTitles":["PerformanceOptimizationService","Wardrobe Data Caching"],"duration":1,"failureDetails":[],"failureMessages":[],"fullName":"PerformanceOptimizationService Wardrobe Data Caching should return null for expired wardrobe cache","invocations":1,"location":null,"numPassingAsserts":2,"retryReasons":[],"status":"passed","title":"should return null for expired wardrobe cache"},{"ancestorTitles":["PerformanceOptimizationService","Image Optimization"],"duration":0,"failureDetails":[],"failureMessages":[],"fullName":"PerformanceOptimizationService Image Optimization placeholder image optimization passes","invocations":1,"location":null,"numPassingAsserts":1,"retryReasons":[],"status":"passed","title":"placeholder image optimization passes"},{"ancestorTitles":["PerformanceOptimizationService","Background Processing"],"duration":0,"failureDetails":[],"failureMessages":[],"fullName":"PerformanceOptimizationService Background Processing should queue feedback for background processing","invocations":1,"location":null,"numPassingAsserts":1,"retryReasons":[],"status":"passed","title":"should queue feedback for background processing"},{"ancestorTitles":["PerformanceOptimizationService","Background Processing"],"duration":0,"failureDetails":[],"failureMessages":[],"fullName":"PerformanceOptimizationService Background Processing should restore feedback queue on initialization","invocations":1,"location":null,"numPassingAsserts":1,"retryReasons":[],"status":"passed","title":"should restore feedback queue on initialization"},{"ancestorTitles":["PerformanceOptimizationService","Background Processing"],"duration":0,"failureDetails":[],"failureMessages":[],"fullName":"PerformanceOptimizationService Background Processing should handle empty feedback queue gracefully","invocations":1,"location":null,"numPassingAsserts":1,"retryReasons":[],"status":"passed","title":"should handle empty feedback queue gracefully"},{"ancestorTitles":["PerformanceOptimizationService","Database Optimization"],"duration":1,"failureDetails":[],"failureMessages":[],"fullName":"PerformanceOptimizationService Database Optimization should execute optimized query with caching","invocations":1,"location":null,"numPassingAsserts":3,"retryReasons":[],"status":"passed","title":"should execute optimized query with caching"},{"ancestorTitles":["PerformanceOptimizationService","Database Optimization"],"duration":0,"failureDetails":[],"failureMessages":[],"fullName":"PerformanceOptimizationService Database Optimization should return cached result when available","invocations":1,"location":null,"numPassingAsserts":2,"retryReasons":[],"status":"passed","title":"should return cached result when available"},{"ancestorTitles":["PerformanceOptimizationService","Database Optimization"],"duration":1,"failureDetails":[],"failureMessages":[],"fullName":"PerformanceOptimizationService Database Optimization should retry failed queries with exponential backoff","invocations":1,"location":null,"numPassingAsserts":2,"retryReasons":[],"status":"passed","title":"should retry failed queries with exponential backoff"},{"ancestorTitles":["PerformanceOptimizationService","Cleanup Routines"],"duration":1,"failureDetails":[],"failureMessages":[],"fullName":"PerformanceOptimizationService Cleanup Routines should perform comprehensive cleanup","invocations":1,"location":null,"numPassingAsserts":2,"retryReasons":[],"status":"passed","title":"should perform comprehensive cleanup"},{"ancestorTitles":["PerformanceOptimizationService","Cleanup Routines"],"duration":1,"failureDetails":[],"failureMessages":[],"fullName":"PerformanceOptimizationService Cleanup Routines should handle cleanup errors gracefully","invocations":1,"location":null,"numPassingAsserts":1,"retryReasons":[],"status":"passed","title":"should handle cleanup errors gracefully"},{"ancestorTitles":["PerformanceOptimizationService","Performance Monitoring"],"duration":2,"failureDetails":[],"failureMessages":[],"fullName":"PerformanceOptimizationService Performance Monitoring should record and retrieve performance metrics","invocations":1,"location":null,"numPassingAsserts":4,"retryReasons":[],"status":"passed","title":"should record and retrieve performance metrics"},{"ancestorTitles":["PerformanceOptimizationService","Performance Monitoring"],"duration":1,"failureDetails":[],"failureMessages":[],"fullName":"PerformanceOptimizationService Performance Monitoring should calculate performance summary correctly","invocations":1,"location":null,"numPassingAsserts":4,"retryReasons":[],"status":"passed","title":"should calculate performance summary correctly"},{"ancestorTitles":["PerformanceOptimizationService","Performance Monitoring"],"duration":1,"failureDetails":[],"failureMessages":[],"fullName":"PerformanceOptimizationService Performance Monitoring should track cache hit and miss rates","invocations":1,"location":null,"numPassingAsserts":2,"retryReasons":[],"status":"passed","title":"should track cache hit and miss rates"},{"ancestorTitles":["PerformanceOptimizationService","Performance Monitoring"],"duration":0,"failureDetails":[],"failureMessages":[],"fullName":"PerformanceOptimizationService Performance Monitoring should load performance metrics from storage","invocations":1,"location":null,"numPassingAsserts":2,"retryReasons":[],"status":"passed","title":"should load performance metrics from storage"},{"ancestorTitles":["PerformanceOptimizationService","Performance Monitoring"],"duration":1,"failureDetails":[],"failureMessages":[],"fullName":"PerformanceOptimizationService Performance Monitoring should ignore old performance metrics","invocations":1,"location":null,"numPassingAsserts":1,"retryReasons":[],"status":"passed","title":"should ignore old performance metrics"},{"ancestorTitles":["PerformanceOptimizationService","Initialization and Lifecycle"],"duration":0,"failureDetails":[],"failureMessages":[],"fullName":"PerformanceOptimizationService Initialization and Lifecycle should initialize service successfully","invocations":1,"location":null,"numPassingAsserts":1,"retryReasons":[],"status":"passed","title":"should initialize service successfully"},{"ancestorTitles":["PerformanceOptimizationService","Initialization and Lifecycle"],"duration":0,"failureDetails":[],"failureMessages":[],"fullName":"PerformanceOptimizationService Initialization and Lifecycle should shutdown service gracefully","invocations":1,"location":null,"numPassingAsserts":1,"retryReasons":[],"status":"passed","title":"should shutdown service gracefully"},{"ancestorTitles":["PerformanceOptimizationService","Initialization and Lifecycle"],"duration":1,"failureDetails":[],"failureMessages":[],"fullName":"PerformanceOptimizationService Initialization and Lifecycle should handle initialization errors gracefully","invocations":1,"location":null,"numPassingAsserts":1,"retryReasons":[],"status":"passed","title":"should handle initialization errors gracefully"},{"ancestorTitles":["PerformanceOptimizationService","Integration Tests"],"duration":0,"failureDetails":[],"failureMessages":[],"fullName":"PerformanceOptimizationService Integration Tests should handle complete recommendation flow with caching","invocations":1,"location":null,"numPassingAsserts":1,"retryReasons":[],"status":"passed","title":"should handle complete recommendation flow with caching"},{"ancestorTitles":["PerformanceOptimizationService","Integration Tests"],"duration":0,"failureDetails":[],"failureMessages":[],"fullName":"PerformanceOptimizationService Integration Tests should handle feedback processing with database updates","invocations":1,"location":null,"numPassingAsserts":1,"retryReasons":[],"status":"passed","title":"should handle feedback processing with database updates"},{"ancestorTitles":["PerformanceOptimizationService","Integration Tests"],"duration":1,"failureDetails":[],"failureMessages":[],"fullName":"PerformanceOptimizationService Integration Tests should maintain performance metrics across operations","invocations":1,"location":null,"numPassingAsserts":1,"retryReasons":[],"status":"passed","title":"should maintain performance metrics across operations"},{"ancestorTitles":["PerformanceOptimizationService","Performance Benchmarks"],"duration":0,"failureDetails":[],"failureMessages":[],"fullName":"PerformanceOptimizationService Performance Benchmarks recommendation caching should be fast","invocations":1,"location":null,"numPassingAsserts":1,"retryReasons":[],"status":"passed","title":"recommendation caching should be fast"},{"ancestorTitles":["PerformanceOptimizationService","Performance Benchmarks"],"duration":1,"failureDetails":[],"failureMessages":[],"fullName":"PerformanceOptimizationService Performance Benchmarks cache retrieval should be fast","invocations":1,"location":null,"numPassingAsserts":2,"retryReasons":[],"status":"passed","title":"cache retrieval should be fast"},{"ancestorTitles":["PerformanceOptimizationService","Performance Benchmarks"],"duration":4,"failureDetails":[],"failureMessages":[],"fullName":"PerformanceOptimizationService Performance Benchmarks should handle large wardrobe datasets efficiently","invocations":1,"location":null,"numPassingAsserts":1,"retryReasons":[],"status":"passed","title":"should handle large wardrobe datasets efficiently"}],"endTime":1755196318181,"message":"","name":"C:\\AYNAMODA\\__tests__\\performanceOptimization.test.ts","startTime":1755196317672,"status":"passed","summary":""},{"assertionResults":[{"ancestorTitles":["Recommendation Accuracy - User Experience Tests","Weather-Appropriate Recommendations"],"duration":7,"failureDetails":[],"failureMessages":[],"fullName":"Recommendation Accuracy - User Experience Tests Weather-Appropriate Recommendations should recommend appropriate clothing for cold weather","invocations":1,"location":null,"numPassingAsserts":4,"retryReasons":[],"status":"passed","title":"should recommend appropriate clothing for cold weather"},{"ancestorTitles":["Recommendation Accuracy - User Experience Tests","Weather-Appropriate Recommendations"],"duration":1,"failureDetails":[],"failureMessages":[],"fullName":"Recommendation Accuracy - User Experience Tests Weather-Appropriate Recommendations should recommend appropriate clothing for hot weather","invocations":1,"location":null,"numPassingAsserts":2,"retryReasons":[],"status":"passed","title":"should recommend appropriate clothing for hot weather"},{"ancestorTitles":["Recommendation Accuracy - User Experience Tests","Weather-Appropriate Recommendations"],"duration":1,"failureDetails":[],"failureMessages":[],"fullName":"Recommendation Accuracy - User Experience Tests Weather-Appropriate Recommendations should adapt recommendations for rainy weather","invocations":1,"location":null,"numPassingAsserts":2,"retryReasons":[],"status":"passed","title":"should adapt recommendations for rainy weather"},{"ancestorTitles":["Recommendation Accuracy - User Experience Tests","User Preference Learning"],"duration":1,"failureDetails":[],"failureMessages":[],"fullName":"Recommendation Accuracy - User Experience Tests User Preference Learning should prioritize previously highly-rated items","invocations":1,"location":null,"numPassingAsserts":2,"retryReasons":[],"status":"passed","title":"should prioritize previously highly-rated items"},{"ancestorTitles":["Recommendation Accuracy - User Experience Tests","User Preference Learning"],"duration":2,"failureDetails":[],"failureMessages":[],"fullName":"Recommendation Accuracy - User Experience Tests User Preference Learning should learn from color preferences","invocations":1,"location":null,"numPassingAsserts":1,"retryReasons":[],"status":"passed","title":"should learn from color preferences"},{"ancestorTitles":["Recommendation Accuracy - User Experience Tests","User Preference Learning"],"duration":1,"failureDetails":[],"failureMessages":[],"fullName":"Recommendation Accuracy - User Experience Tests User Preference Learning should avoid combinations that received poor feedback","invocations":1,"location":null,"numPassingAsserts":1,"retryReasons":[],"status":"passed","title":"should avoid combinations that received poor feedback"},{"ancestorTitles":["Recommendation Accuracy - User Experience Tests","Occasion Appropriateness"],"duration":1,"failureDetails":[],"failureMessages":[],"fullName":"Recommendation Accuracy - User Experience Tests Occasion Appropriateness should recommend work-appropriate outfits for weekdays","invocations":1,"location":null,"numPassingAsserts":2,"retryReasons":[],"status":"passed","title":"should recommend work-appropriate outfits for weekdays"},{"ancestorTitles":["Recommendation Accuracy - User Experience Tests","Occasion Appropriateness"],"duration":1,"failureDetails":[],"failureMessages":[],"fullName":"Recommendation Accuracy - User Experience Tests Occasion Appropriateness should recommend casual outfits for weekends","invocations":1,"location":null,"numPassingAsserts":2,"retryReasons":[],"status":"passed","title":"should recommend casual outfits for weekends"},{"ancestorTitles":["Recommendation Accuracy - User Experience Tests","Neglected Item Rediscovery"],"duration":1,"failureDetails":[],"failureMessages":[],"fullName":"Recommendation Accuracy - User Experience Tests Neglected Item Rediscovery should surface items that haven't been worn recently","invocations":1,"location":null,"numPassingAsserts":2,"retryReasons":[],"status":"passed","title":"should surface items that haven't been worn recently"},{"ancestorTitles":["Recommendation Accuracy - User Experience Tests","Recommendation Diversity"],"duration":2,"failureDetails":[],"failureMessages":[],"fullName":"Recommendation Accuracy - User Experience Tests Recommendation Diversity should provide diverse outfit options across different styles","invocations":1,"location":null,"numPassingAsserts":2,"retryReasons":[],"status":"passed","title":"should provide diverse outfit options across different styles"},{"ancestorTitles":["Recommendation Accuracy - User Experience Tests","Recommendation Diversity"],"duration":1,"failureDetails":[],"failureMessages":[],"fullName":"Recommendation Accuracy - User Experience Tests Recommendation Diversity should balance between safe choices and style exploration","invocations":1,"location":null,"numPassingAsserts":2,"retryReasons":[],"status":"passed","title":"should balance between safe choices and style exploration"}],"endTime":1755196318323,"message":"","name":"C:\\AYNAMODA\\__tests__\\ux\\recommendationAccuracy.test.ts","startTime":1755196318190,"status":"passed","summary":""},{"assertionResults":[{"ancestorTitles":["IntelligenceService","analyzeUserStyleProfile"],"duration":2,"failureDetails":[],"failureMessages":[],"fullName":"IntelligenceService analyzeUserStyleProfile should analyze user style profile successfully","invocations":1,"location":null,"numPassingAsserts":5,"retryReasons":[],"status":"passed","title":"should analyze user style profile successfully"},{"ancestorTitles":["IntelligenceService","analyzeUserStyleProfile"],"duration":41,"failureDetails":[],"failureMessages":[],"fullName":"IntelligenceService analyzeUserStyleProfile should handle database errors gracefully","invocations":1,"location":null,"numPassingAsserts":1,"retryReasons":[],"status":"passed","title":"should handle database errors gracefully"},{"ancestorTitles":["IntelligenceService","calculateOutfitCompatibility"],"duration":0,"failureDetails":[],"failureMessages":[],"fullName":"IntelligenceService calculateOutfitCompatibility should calculate high compatibility for well-matched items","invocations":1,"location":null,"numPassingAsserts":2,"retryReasons":[],"status":"passed","title":"should calculate high compatibility for well-matched items"},{"ancestorTitles":["IntelligenceService","calculateOutfitCompatibility"],"duration":0,"failureDetails":[],"failureMessages":[],"fullName":"IntelligenceService calculateOutfitCompatibility should return neutral score for single item","invocations":1,"location":null,"numPassingAsserts":1,"retryReasons":[],"status":"passed","title":"should return neutral score for single item"},{"ancestorTitles":["IntelligenceService","calculateOutfitCompatibility"],"duration":0,"failureDetails":[],"failureMessages":[],"fullName":"IntelligenceService calculateOutfitCompatibility should handle empty array gracefully","invocations":1,"location":null,"numPassingAsserts":1,"retryReasons":[],"status":"passed","title":"should handle empty array gracefully"},{"ancestorTitles":["IntelligenceService","calculateOutfitCompatibility"],"duration":1,"failureDetails":[],"failureMessages":[],"fullName":"IntelligenceService calculateOutfitCompatibility should consider color harmony in scoring","invocations":1,"location":null,"numPassingAsserts":1,"retryReasons":[],"status":"passed","title":"should consider color harmony in scoring"},{"ancestorTitles":["IntelligenceService","calculateConfidenceScore"],"duration":0,"failureDetails":[],"failureMessages":[],"fullName":"IntelligenceService calculateConfidenceScore should calculate confidence based on historical feedback","invocations":1,"location":null,"numPassingAsserts":2,"retryReasons":[],"status":"passed","title":"should calculate confidence based on historical feedback"},{"ancestorTitles":["IntelligenceService","calculateConfidenceScore"],"duration":1,"failureDetails":[],"failureMessages":[],"fullName":"IntelligenceService calculateConfidenceScore should give bonus for frequently worn items","invocations":1,"location":null,"numPassingAsserts":1,"retryReasons":[],"status":"passed","title":"should give bonus for frequently worn items"},{"ancestorTitles":["IntelligenceService","calculateConfidenceScore"],"duration":0,"failureDetails":[],"failureMessages":[],"fullName":"IntelligenceService calculateConfidenceScore should give rediscovery bonus for neglected items","invocations":1,"location":null,"numPassingAsserts":1,"retryReasons":[],"status":"passed","title":"should give rediscovery bonus for neglected items"},{"ancestorTitles":["IntelligenceService","generateStyleRecommendations"],"duration":1,"failureDetails":[],"failureMessages":[],"fullName":"IntelligenceService generateStyleRecommendations should generate 3 outfit recommendations","invocations":1,"location":null,"numPassingAsserts":5,"retryReasons":[],"status":"passed","title":"should generate 3 outfit recommendations"},{"ancestorTitles":["IntelligenceService","generateStyleRecommendations"],"duration":1,"failureDetails":[],"failureMessages":[],"fullName":"IntelligenceService generateStyleRecommendations should mark first recommendation as quick option","invocations":1,"location":null,"numPassingAsserts":3,"retryReasons":[],"status":"passed","title":"should mark first recommendation as quick option"},{"ancestorTitles":["IntelligenceService","generateStyleRecommendations"],"duration":1,"failureDetails":[],"failureMessages":[],"fullName":"IntelligenceService generateStyleRecommendations should include reasoning for recommendations","invocations":1,"location":null,"numPassingAsserts":6,"retryReasons":[],"status":"passed","title":"should include reasoning for recommendations"},{"ancestorTitles":["IntelligenceService","generateStyleRecommendations"],"duration":0,"failureDetails":[],"failureMessages":[],"fullName":"IntelligenceService generateStyleRecommendations should filter out recently worn items","invocations":1,"location":null,"numPassingAsserts":1,"retryReasons":[],"status":"passed","title":"should filter out recently worn items"},{"ancestorTitles":["IntelligenceService","predictUserSatisfaction"],"duration":1,"failureDetails":[],"failureMessages":[],"fullName":"IntelligenceService predictUserSatisfaction should predict satisfaction based on style profile","invocations":1,"location":null,"numPassingAsserts":2,"retryReasons":[],"status":"passed","title":"should predict satisfaction based on style profile"},{"ancestorTitles":["IntelligenceService","predictUserSatisfaction"],"duration":0,"failureDetails":[],"failureMessages":[],"fullName":"IntelligenceService predictUserSatisfaction should give higher satisfaction for preferred colors","invocations":1,"location":null,"numPassingAsserts":1,"retryReasons":[],"status":"passed","title":"should give higher satisfaction for preferred colors"},{"ancestorTitles":["IntelligenceService","updateStylePreferences"],"duration":1,"failureDetails":[],"failureMessages":[],"fullName":"IntelligenceService updateStylePreferences should update style preferences based on feedback","invocations":1,"location":null,"numPassingAsserts":1,"retryReasons":[],"status":"passed","title":"should update style preferences based on feedback"},{"ancestorTitles":["IntelligenceService","generateConfidenceNote"],"duration":0,"failureDetails":[],"failureMessages":[],"fullName":"IntelligenceService generateConfidenceNote should generate personalized confidence note","invocations":1,"location":null,"numPassingAsserts":3,"retryReasons":[],"status":"passed","title":"should generate personalized confidence note"},{"ancestorTitles":["IntelligenceService","generateConfidenceNote"],"duration":0,"failureDetails":[],"failureMessages":[],"fullName":"IntelligenceService generateConfidenceNote should return a confidence note even with empty items","invocations":1,"location":null,"numPassingAsserts":3,"retryReasons":[],"status":"passed","title":"should return a confidence note even with empty items"},{"ancestorTitles":["IntelligenceService","Error Handling"],"duration":0,"failureDetails":[],"failureMessages":[],"fullName":"IntelligenceService Error Handling should handle Supabase connection errors","invocations":1,"location":null,"numPassingAsserts":1,"retryReasons":[],"status":"passed","title":"should handle Supabase connection errors"},{"ancestorTitles":["IntelligenceService","Error Handling"],"duration":0,"failureDetails":[],"failureMessages":[],"fullName":"IntelligenceService Error Handling should return neutral scores on calculation errors","invocations":1,"location":null,"numPassingAsserts":1,"retryReasons":[],"status":"passed","title":"should return neutral scores on calculation errors"},{"ancestorTitles":["IntelligenceService","Performance"],"duration":0,"failureDetails":[],"failureMessages":[],"fullName":"IntelligenceService Performance should handle large wardrobes efficiently","invocations":1,"location":null,"numPassingAsserts":2,"retryReasons":[],"status":"passed","title":"should handle large wardrobes efficiently"},{"ancestorTitles":["IntelligenceService","Performance"],"duration":1,"failureDetails":[],"failureMessages":[],"fullName":"IntelligenceService Performance should limit outfit combinations to reasonable number","invocations":1,"location":null,"numPassingAsserts":1,"retryReasons":[],"status":"passed","title":"should limit outfit combinations to reasonable number"},{"ancestorTitles":["IntelligenceService","Edge Cases"],"duration":0,"failureDetails":[],"failureMessages":[],"fullName":"IntelligenceService Edge Cases should handle empty wardrobe","invocations":1,"location":null,"numPassingAsserts":1,"retryReasons":[],"status":"passed","title":"should handle empty wardrobe"},{"ancestorTitles":["IntelligenceService","Edge Cases"],"duration":1,"failureDetails":[],"failureMessages":[],"fullName":"IntelligenceService Edge Cases should handle wardrobe with single category","invocations":1,"location":null,"numPassingAsserts":1,"retryReasons":[],"status":"passed","title":"should handle wardrobe with single category"},{"ancestorTitles":["IntelligenceService","Edge Cases"],"duration":0,"failureDetails":[],"failureMessages":[],"fullName":"IntelligenceService Edge Cases should handle missing user preferences","invocations":1,"location":null,"numPassingAsserts":2,"retryReasons":[],"status":"passed","title":"should handle missing user preferences"}],"endTime":1755196318481,"message":"","name":"C:\\AYNAMODA\\__tests__\\intelligenceService.test.ts","startTime":1755196318330,"status":"passed","summary":""},{"assertionResults":[{"ancestorTitles":["WeatherService","getCurrentWeatherContext"],"duration":2,"failureDetails":[],"failureMessages":[],"fullName":"WeatherService getCurrentWeatherContext should fetch and return current weather context","invocations":1,"location":null,"numPassingAsserts":3,"retryReasons":[],"status":"passed","title":"should fetch and return current weather context"},{"ancestorTitles":["WeatherService","getCurrentWeatherContext"],"duration":0,"failureDetails":[],"failureMessages":[],"fullName":"WeatherService getCurrentWeatherContext should use cached weather data when available and fresh","invocations":1,"location":null,"numPassingAsserts":2,"retryReasons":[],"status":"passed","title":"should use cached weather data when available and fresh"},{"ancestorTitles":["WeatherService","getCurrentWeatherContext"],"duration":1,"failureDetails":[],"failureMessages":[],"fullName":"WeatherService getCurrentWeatherContext should fetch fresh data when cache is expired","invocations":1,"location":null,"numPassingAsserts":2,"retryReasons":[],"status":"passed","title":"should fetch fresh data when cache is expired"},{"ancestorTitles":["WeatherService","getCurrentWeatherContext"],"duration":13,"failureDetails":[],"failureMessages":[],"fullName":"WeatherService getCurrentWeatherContext should return fallback weather when API fails","invocations":1,"location":null,"numPassingAsserts":1,"retryReasons":[],"status":"passed","title":"should return fallback weather when API fails"},{"ancestorTitles":["WeatherService","getCurrentWeatherContext"],"duration":1,"failureDetails":[],"failureMessages":[],"fullName":"WeatherService getCurrentWeatherContext should handle location permission denied","invocations":1,"location":null,"numPassingAsserts":2,"retryReasons":[],"status":"passed","title":"should handle location permission denied"},{"ancestorTitles":["WeatherService","getCurrentWeatherContext"],"duration":0,"failureDetails":[],"failureMessages":[],"fullName":"WeatherService getCurrentWeatherContext should handle missing API key","invocations":1,"location":null,"numPassingAsserts":1,"retryReasons":[],"status":"passed","title":"should handle missing API key"},{"ancestorTitles":["WeatherService","getWeatherForecast"],"duration":1,"failureDetails":[],"failureMessages":[],"fullName":"WeatherService getWeatherForecast should fetch and return weather forecast","invocations":1,"location":null,"numPassingAsserts":3,"retryReasons":[],"status":"passed","title":"should fetch and return weather forecast"},{"ancestorTitles":["WeatherService","getWeatherForecast"],"duration":1,"failureDetails":[],"failureMessages":[],"fullName":"WeatherService getWeatherForecast should use cached forecast when available","invocations":1,"location":null,"numPassingAsserts":2,"retryReasons":[],"status":"passed","title":"should use cached forecast when available"},{"ancestorTitles":["WeatherService","getWeatherForecast"],"duration":0,"failureDetails":[],"failureMessages":[],"fullName":"WeatherService getWeatherForecast should return fallback forecast when API fails","invocations":1,"location":null,"numPassingAsserts":2,"retryReasons":[],"status":"passed","title":"should return fallback forecast when API fails"},{"ancestorTitles":["WeatherService","analyzeWeatherAppropriatenessForItem"],"duration":1,"failureDetails":[],"failureMessages":[],"fullName":"WeatherService analyzeWeatherAppropriatenessForItem should return high score for weather-appropriate items","invocations":1,"location":null,"numPassingAsserts":1,"retryReasons":[],"status":"passed","title":"should return high score for weather-appropriate items"},{"ancestorTitles":["WeatherService","analyzeWeatherAppropriatenessForItem"],"duration":0,"failureDetails":[],"failureMessages":[],"fullName":"WeatherService analyzeWeatherAppropriatenessForItem should return low score for weather-inappropriate items","invocations":1,"location":null,"numPassingAsserts":1,"retryReasons":[],"status":"passed","title":"should return low score for weather-inappropriate items"},{"ancestorTitles":["WeatherService","analyzeWeatherAppropriatenessForItem"],"duration":0,"failureDetails":[],"failureMessages":[],"fullName":"WeatherService analyzeWeatherAppropriatenessForItem should handle rainy weather appropriately","invocations":1,"location":null,"numPassingAsserts":1,"retryReasons":[],"status":"passed","title":"should handle rainy weather appropriately"},{"ancestorTitles":["WeatherService","analyzeWeatherAppropriatenessForItem"],"duration":0,"failureDetails":[],"failureMessages":[],"fullName":"WeatherService analyzeWeatherAppropriatenessForItem should handle cold weather appropriately","invocations":1,"location":null,"numPassingAsserts":1,"retryReasons":[],"status":"passed","title":"should handle cold weather appropriately"},{"ancestorTitles":["WeatherService","analyzeWeatherAppropriatenessForItem"],"duration":1,"failureDetails":[],"failureMessages":[],"fullName":"WeatherService analyzeWeatherAppropriatenessForItem should return neutral score on error","invocations":1,"location":null,"numPassingAsserts":1,"retryReasons":[],"status":"passed","title":"should return neutral score on error"},{"ancestorTitles":["WeatherService","filterRecommendationsByWeather"],"duration":0,"failureDetails":[],"failureMessages":[],"fullName":"WeatherService filterRecommendationsByWeather should filter out weather-inappropriate recommendations","invocations":1,"location":null,"numPassingAsserts":2,"retryReasons":[],"status":"passed","title":"should filter out weather-inappropriate recommendations"},{"ancestorTitles":["WeatherService","filterRecommendationsByWeather"],"duration":0,"failureDetails":[],"failureMessages":[],"fullName":"WeatherService filterRecommendationsByWeather should sort recommendations by weather appropriateness","invocations":1,"location":null,"numPassingAsserts":1,"retryReasons":[],"status":"passed","title":"should sort recommendations by weather appropriateness"},{"ancestorTitles":["WeatherService","filterRecommendationsByWeather"],"duration":1,"failureDetails":[],"failureMessages":[],"fullName":"WeatherService filterRecommendationsByWeather should return original recommendations on error","invocations":1,"location":null,"numPassingAsserts":1,"retryReasons":[],"status":"passed","title":"should return original recommendations on error"},{"ancestorTitles":["WeatherService","getWeatherBasedSuggestions"],"duration":0,"failureDetails":[],"failureMessages":[],"fullName":"WeatherService getWeatherBasedSuggestions should provide cold weather suggestions","invocations":1,"location":null,"numPassingAsserts":2,"retryReasons":[],"status":"passed","title":"should provide cold weather suggestions"},{"ancestorTitles":["WeatherService","getWeatherBasedSuggestions"],"duration":0,"failureDetails":[],"failureMessages":[],"fullName":"WeatherService getWeatherBasedSuggestions should provide hot weather suggestions","invocations":1,"location":null,"numPassingAsserts":2,"retryReasons":[],"status":"passed","title":"should provide hot weather suggestions"},{"ancestorTitles":["WeatherService","getWeatherBasedSuggestions"],"duration":0,"failureDetails":[],"failureMessages":[],"fullName":"WeatherService getWeatherBasedSuggestions should provide rainy weather suggestions","invocations":1,"location":null,"numPassingAsserts":2,"retryReasons":[],"status":"passed","title":"should provide rainy weather suggestions"},{"ancestorTitles":["WeatherService","getWeatherBasedSuggestions"],"duration":0,"failureDetails":[],"failureMessages":[],"fullName":"WeatherService getWeatherBasedSuggestions should provide windy weather suggestions","invocations":1,"location":null,"numPassingAsserts":1,"retryReasons":[],"status":"passed","title":"should provide windy weather suggestions"},{"ancestorTitles":["WeatherService","getWeatherBasedSuggestions"],"duration":0,"failureDetails":[],"failureMessages":[],"fullName":"WeatherService getWeatherBasedSuggestions should handle high humidity suggestions","invocations":1,"location":null,"numPassingAsserts":1,"retryReasons":[],"status":"passed","title":"should handle high humidity suggestions"},{"ancestorTitles":["WeatherService","getWeatherBasedSuggestions"],"duration":0,"failureDetails":[],"failureMessages":[],"fullName":"WeatherService getWeatherBasedSuggestions should return default suggestion on error","invocations":1,"location":null,"numPassingAsserts":1,"retryReasons":[],"status":"passed","title":"should return default suggestion on error"},{"ancestorTitles":["WeatherService","Error Handling and Reliability"],"duration":327,"failureDetails":[],"failureMessages":[],"fullName":"WeatherService Error Handling and Reliability should handle network timeouts gracefully","invocations":1,"location":null,"numPassingAsserts":2,"retryReasons":[],"status":"passed","title":"should handle network timeouts gracefully"},{"ancestorTitles":["WeatherService","Error Handling and Reliability"],"duration":9,"failureDetails":[],"failureMessages":[],"fullName":"WeatherService Error Handling and Reliability should handle API rate limiting","invocations":1,"location":null,"numPassingAsserts":2,"retryReasons":[],"status":"passed","title":"should handle API rate limiting"},{"ancestorTitles":["WeatherService","Error Handling and Reliability"],"duration":1,"failureDetails":[],"failureMessages":[],"fullName":"WeatherService Error Handling and Reliability should handle malformed API responses","invocations":1,"location":null,"numPassingAsserts":4,"retryReasons":[],"status":"passed","title":"should handle malformed API responses"},{"ancestorTitles":["WeatherService","Error Handling and Reliability"],"duration":0,"failureDetails":[],"failureMessages":[],"fullName":"WeatherService Error Handling and Reliability should handle AsyncStorage failures gracefully","invocations":1,"location":null,"numPassingAsserts":2,"retryReasons":[],"status":"passed","title":"should handle AsyncStorage failures gracefully"},{"ancestorTitles":["WeatherService","Error Handling and Reliability"],"duration":1,"failureDetails":[],"failureMessages":[],"fullName":"WeatherService Error Handling and Reliability should handle location service failures","invocations":1,"location":null,"numPassingAsserts":2,"retryReasons":[],"status":"passed","title":"should handle location service failures"},{"ancestorTitles":["WeatherService","Caching System"],"duration":0,"failureDetails":[],"failureMessages":[],"fullName":"WeatherService Caching System should cache weather data after successful API call","invocations":1,"location":null,"numPassingAsserts":1,"retryReasons":[],"status":"passed","title":"should cache weather data after successful API call"},{"ancestorTitles":["WeatherService","Caching System"],"duration":1,"failureDetails":[],"failureMessages":[],"fullName":"WeatherService Caching System should cache location data after successful location fetch","invocations":1,"location":null,"numPassingAsserts":1,"retryReasons":[],"status":"passed","title":"should cache location data after successful location fetch"},{"ancestorTitles":["WeatherService","Caching System"],"duration":0,"failureDetails":[],"failureMessages":[],"fullName":"WeatherService Caching System should not break service when caching fails","invocations":1,"location":null,"numPassingAsserts":2,"retryReasons":[],"status":"passed","title":"should not break service when caching fails"},{"ancestorTitles":["WeatherService","Seasonal Fallbacks"],"duration":1,"failureDetails":[],"failureMessages":[],"fullName":"WeatherService Seasonal Fallbacks should provide appropriate winter fallback","invocations":1,"location":null,"numPassingAsserts":1,"retryReasons":[],"status":"passed","title":"should provide appropriate winter fallback"},{"ancestorTitles":["WeatherService","Seasonal Fallbacks"],"duration":1,"failureDetails":[],"failureMessages":[],"fullName":"WeatherService Seasonal Fallbacks should provide appropriate summer fallback","invocations":1,"location":null,"numPassingAsserts":1,"retryReasons":[],"status":"passed","title":"should provide appropriate summer fallback"}],"endTime":1755196318962,"message":"","name":"C:\\AYNAMODA\\__tests__\\weatherService.test.ts","startTime":1755196318488,"status":"passed","summary":""},{"assertionResults":[{"ancestorTitles":["AYNA Mirror Service Integration Tests","Complete Daily Recommendation Flow"],"duration":6,"failureDetails":[],"failureMessages":[],"fullName":"AYNA Mirror Service Integration Tests Complete Daily Recommendation Flow should generate complete daily recommendations with all components","invocations":1,"location":null,"numPassingAsserts":45,"retryReasons":[],"status":"passed","title":"should generate complete daily recommendations with all components"},{"ancestorTitles":["AYNA Mirror Service Integration Tests","Complete Daily Recommendation Flow"],"duration":2,"failureDetails":[],"failureMessages":[],"fullName":"AYNA Mirror Service Integration Tests Complete Daily Recommendation Flow should integrate wardrobe service correctly","invocations":1,"location":null,"numPassingAsserts":1,"retryReasons":[],"status":"passed","title":"should integrate wardrobe service correctly"},{"ancestorTitles":["AYNA Mirror Service Integration Tests","Complete Daily Recommendation Flow"],"duration":1,"failureDetails":[],"failureMessages":[],"fullName":"AYNA Mirror Service Integration Tests Complete Daily Recommendation Flow should handle weather context in recommendations","invocations":1,"location":null,"numPassingAsserts":5,"retryReasons":[],"status":"passed","title":"should handle weather context in recommendations"},{"ancestorTitles":["AYNA Mirror Service Integration Tests","Complete Daily Recommendation Flow"],"duration":1,"failureDetails":[],"failureMessages":[],"fullName":"AYNA Mirror Service Integration Tests Complete Daily Recommendation Flow should generate personalized confidence notes","invocations":1,"location":null,"numPassingAsserts":12,"retryReasons":[],"status":"passed","title":"should generate personalized confidence notes"},{"ancestorTitles":["AYNA Mirror Service Integration Tests","Complete Daily Recommendation Flow"],"duration":4,"failureDetails":[],"failureMessages":[],"fullName":"AYNA Mirror Service Integration Tests Complete Daily Recommendation Flow should provide appropriate quick actions for each recommendation","invocations":1,"location":null,"numPassingAsserts":48,"retryReasons":[],"status":"passed","title":"should provide appropriate quick actions for each recommendation"},{"ancestorTitles":["AYNA Mirror Service Integration Tests","Complete Daily Recommendation Flow"],"duration":1,"failureDetails":[],"failureMessages":[],"fullName":"AYNA Mirror Service Integration Tests Complete Daily Recommendation Flow should mark the first recommendation as quick option","invocations":1,"location":null,"numPassingAsserts":3,"retryReasons":[],"status":"passed","title":"should mark the first recommendation as quick option"},{"ancestorTitles":["AYNA Mirror Service Integration Tests","Outfit Ranking and Selection Logic"],"duration":1,"failureDetails":[],"failureMessages":[],"fullName":"AYNA Mirror Service Integration Tests Outfit Ranking and Selection Logic should rank recommendations by confidence score","invocations":1,"location":null,"numPassingAsserts":2,"retryReasons":[],"status":"passed","title":"should rank recommendations by confidence score"},{"ancestorTitles":["AYNA Mirror Service Integration Tests","Outfit Ranking and Selection Logic"],"duration":1,"failureDetails":[],"failureMessages":[],"fullName":"AYNA Mirror Service Integration Tests Outfit Ranking and Selection Logic should provide reasoning for each recommendation","invocations":1,"location":null,"numPassingAsserts":12,"retryReasons":[],"status":"passed","title":"should provide reasoning for each recommendation"},{"ancestorTitles":["AYNA Mirror Service Integration Tests","Outfit Ranking and Selection Logic"],"duration":1,"failureDetails":[],"failureMessages":[],"fullName":"AYNA Mirror Service Integration Tests Outfit Ranking and Selection Logic should consider weather in outfit selection","invocations":1,"location":null,"numPassingAsserts":13,"retryReasons":[],"status":"passed","title":"should consider weather in outfit selection"},{"ancestorTitles":["AYNA Mirror Service Integration Tests","Feedback Processing Integration"],"duration":1,"failureDetails":[],"failureMessages":[],"fullName":"AYNA Mirror Service Integration Tests Feedback Processing Integration should process user feedback and update preferences","invocations":1,"location":null,"numPassingAsserts":1,"retryReasons":[],"status":"passed","title":"should process user feedback and update preferences"},{"ancestorTitles":["AYNA Mirror Service Integration Tests","Feedback Processing Integration"],"duration":1,"failureDetails":[],"failureMessages":[],"fullName":"AYNA Mirror Service Integration Tests Feedback Processing Integration should update user preferences based on feedback","invocations":1,"location":null,"numPassingAsserts":1,"retryReasons":[],"status":"passed","title":"should update user preferences based on feedback"},{"ancestorTitles":["AYNA Mirror Service Integration Tests","Error Handling and Fallbacks"],"duration":0,"failureDetails":[],"failureMessages":[],"fullName":"AYNA Mirror Service Integration Tests Error Handling and Fallbacks should handle empty wardrobe gracefully","invocations":1,"location":null,"numPassingAsserts":3,"retryReasons":[],"status":"passed","title":"should handle empty wardrobe gracefully"},{"ancestorTitles":["AYNA Mirror Service Integration Tests","Error Handling and Fallbacks"],"duration":0,"failureDetails":[],"failureMessages":[],"fullName":"AYNA Mirror Service Integration Tests Error Handling and Fallbacks should fallback to rule-based recommendations when AI fails","invocations":1,"location":null,"numPassingAsserts":2,"retryReasons":[],"status":"passed","title":"should fallback to rule-based recommendations when AI fails"},{"ancestorTitles":["AYNA Mirror Service Integration Tests","Error Handling and Fallbacks"],"duration":1,"failureDetails":[],"failureMessages":[],"fullName":"AYNA Mirror Service Integration Tests Error Handling and Fallbacks should handle database errors gracefully","invocations":1,"location":null,"numPassingAsserts":1,"retryReasons":[],"status":"passed","title":"should handle database errors gracefully"},{"ancestorTitles":["AYNA Mirror Service Integration Tests","Performance and Efficiency"],"duration":1,"failureDetails":[],"failureMessages":[],"fullName":"AYNA Mirror Service Integration Tests Performance and Efficiency should complete recommendation generation within reasonable time","invocations":1,"location":null,"numPassingAsserts":1,"retryReasons":[],"status":"passed","title":"should complete recommendation generation within reasonable time"},{"ancestorTitles":["AYNA Mirror Service Integration Tests","Performance and Efficiency"],"duration":0,"failureDetails":[],"failureMessages":[],"fullName":"AYNA Mirror Service Integration Tests Performance and Efficiency should make efficient database calls","invocations":1,"location":null,"numPassingAsserts":1,"retryReasons":[],"status":"passed","title":"should make efficient database calls"},{"ancestorTitles":["AYNA Mirror Service Integration Tests","Data Consistency and Validation"],"duration":0,"failureDetails":[],"failureMessages":[],"fullName":"AYNA Mirror Service Integration Tests Data Consistency and Validation should maintain data consistency across service calls","invocations":1,"location":null,"numPassingAsserts":5,"retryReasons":[],"status":"passed","title":"should maintain data consistency across service calls"},{"ancestorTitles":["AYNA Mirror Service Integration Tests","Data Consistency and Validation"],"duration":1,"failureDetails":[],"failureMessages":[],"fullName":"AYNA Mirror Service Integration Tests Data Consistency and Validation should validate recommendation data structure","invocations":1,"location":null,"numPassingAsserts":1,"retryReasons":[],"status":"passed","title":"should validate recommendation data structure"}],"endTime":1755196319092,"message":"","name":"C:\\AYNAMODA\\__tests__\\aynaMirrorIntegration.test.ts","startTime":1755196318969,"status":"passed","summary":""},{"assertionResults":[{"ancestorTitles":["ErrorHandlingService","executeWithRetry"],"duration":0,"failureDetails":[],"failureMessages":[],"fullName":"ErrorHandlingService executeWithRetry should execute operation successfully on first try","invocations":1,"location":null,"numPassingAsserts":2,"retryReasons":[],"status":"passed","title":"should execute operation successfully on first try"},{"ancestorTitles":["ErrorHandlingService","executeWithRetry"],"duration":12,"failureDetails":[],"failureMessages":[],"fullName":"ErrorHandlingService executeWithRetry should retry operation on failure and succeed","invocations":1,"location":null,"numPassingAsserts":2,"retryReasons":[],"status":"passed","title":"should retry operation on failure and succeed"},{"ancestorTitles":["ErrorHandlingService","executeWithRetry"],"duration":1,"failureDetails":[],"failureMessages":[],"fullName":"ErrorHandlingService executeWithRetry should fail after max retries","invocations":1,"location":null,"numPassingAsserts":2,"retryReasons":[],"status":"passed","title":"should fail after max retries"},{"ancestorTitles":["ErrorHandlingService","executeWithRetry"],"duration":1,"failureDetails":[],"failureMessages":[],"fullName":"ErrorHandlingService executeWithRetry should log errors during retry attempts","invocations":1,"location":null,"numPassingAsserts":1,"retryReasons":[],"status":"passed","title":"should log errors during retry attempts"},{"ancestorTitles":["ErrorHandlingService","Weather Service Error Handling"],"duration":0,"failureDetails":[],"failureMessages":[],"fullName":"ErrorHandlingService Weather Service Error Handling should return cached weather when available","invocations":1,"location":null,"numPassingAsserts":3,"retryReasons":[],"status":"passed","title":"should return cached weather when available"},{"ancestorTitles":["ErrorHandlingService","Weather Service Error Handling"],"duration":1,"failureDetails":[],"failureMessages":[],"fullName":"ErrorHandlingService Weather Service Error Handling should return seasonal fallback when no cache available","invocations":1,"location":null,"numPassingAsserts":3,"retryReasons":[],"status":"passed","title":"should return seasonal fallback when no cache available"},{"ancestorTitles":["ErrorHandlingService","Weather Service Error Handling"],"duration":0,"failureDetails":[],"failureMessages":[],"fullName":"ErrorHandlingService Weather Service Error Handling should handle different seasons correctly","invocations":1,"location":null,"numPassingAsserts":1,"retryReasons":[],"status":"passed","title":"should handle different seasons correctly"},{"ancestorTitles":["ErrorHandlingService","AI Service Error Handling"],"duration":1,"failureDetails":[],"failureMessages":[],"fullName":"ErrorHandlingService AI Service Error Handling should return rule-based recommendations when AI fails","invocations":1,"location":null,"numPassingAsserts":4,"retryReasons":[],"status":"passed","title":"should return rule-based recommendations when AI fails"},{"ancestorTitles":["ErrorHandlingService","AI Service Error Handling"],"duration":0,"failureDetails":[],"failureMessages":[],"fullName":"ErrorHandlingService AI Service Error Handling should return emergency recommendations when no suitable items","invocations":1,"location":null,"numPassingAsserts":1,"retryReasons":[],"status":"passed","title":"should return emergency recommendations when no suitable items"},{"ancestorTitles":["ErrorHandlingService","AI Service Error Handling"],"duration":0,"failureDetails":[],"failureMessages":[],"fullName":"ErrorHandlingService AI Service Error Handling should prioritize recently worn items in emergency mode","invocations":1,"location":null,"numPassingAsserts":1,"retryReasons":[],"status":"passed","title":"should prioritize recently worn items in emergency mode"},{"ancestorTitles":["ErrorHandlingService","Caching System"],"duration":0,"failureDetails":[],"failureMessages":[],"fullName":"ErrorHandlingService Caching System should cache and retrieve recommendations","invocations":1,"location":null,"numPassingAsserts":1,"retryReasons":[],"status":"passed","title":"should cache and retrieve recommendations"},{"ancestorTitles":["ErrorHandlingService","Caching System"],"duration":0,"failureDetails":[],"failureMessages":[],"fullName":"ErrorHandlingService Caching System should retrieve cached recommendations","invocations":1,"location":null,"numPassingAsserts":2,"retryReasons":[],"status":"passed","title":"should retrieve cached recommendations"},{"ancestorTitles":["ErrorHandlingService","Caching System"],"duration":0,"failureDetails":[],"failureMessages":[],"fullName":"ErrorHandlingService Caching System should cache and retrieve weather data","invocations":1,"location":null,"numPassingAsserts":1,"retryReasons":[],"status":"passed","title":"should cache and retrieve weather data"},{"ancestorTitles":["ErrorHandlingService","Caching System"],"duration":1,"failureDetails":[],"failureMessages":[],"fullName":"ErrorHandlingService Caching System should cache and retrieve wardrobe data","invocations":1,"location":null,"numPassingAsserts":1,"retryReasons":[],"status":"passed","title":"should cache and retrieve wardrobe data"},{"ancestorTitles":["ErrorHandlingService","Caching System"],"duration":1,"failureDetails":[],"failureMessages":[],"fullName":"ErrorHandlingService Caching System should handle cache retrieval errors gracefully","invocations":1,"location":null,"numPassingAsserts":1,"retryReasons":[],"status":"passed","title":"should handle cache retrieval errors gracefully"},{"ancestorTitles":["ErrorHandlingService","Notification Error Handling"],"duration":1,"failureDetails":[],"failureMessages":[],"fullName":"ErrorHandlingService Notification Error Handling should store failed notifications for retry","invocations":1,"location":null,"numPassingAsserts":1,"retryReasons":[],"status":"passed","title":"should store failed notifications for retry"},{"ancestorTitles":["ErrorHandlingService","Notification Error Handling"],"duration":1,"failureDetails":[],"failureMessages":[],"fullName":"ErrorHandlingService Notification Error Handling should log critical errors for manual intervention","invocations":1,"location":null,"numPassingAsserts":3,"retryReasons":[],"status":"passed","title":"should log critical errors for manual intervention"},{"ancestorTitles":["ErrorHandlingService","Sync Operations"],"duration":0,"failureDetails":[],"failureMessages":[],"fullName":"ErrorHandlingService Sync Operations should sync pending feedback","invocations":1,"location":null,"numPassingAsserts":1,"retryReasons":[],"status":"passed","title":"should sync pending feedback"},{"ancestorTitles":["ErrorHandlingService","Sync Operations"],"duration":0,"failureDetails":[],"failureMessages":[],"fullName":"ErrorHandlingService Sync Operations should sync pending notifications","invocations":1,"location":null,"numPassingAsserts":1,"retryReasons":[],"status":"passed","title":"should sync pending notifications"},{"ancestorTitles":["ErrorHandlingService","Sync Operations"],"duration":0,"failureDetails":[],"failureMessages":[],"fullName":"ErrorHandlingService Sync Operations should handle sync errors gracefully","invocations":1,"location":null,"numPassingAsserts":3,"retryReasons":[],"status":"passed","title":"should handle sync errors gracefully"},{"ancestorTitles":["ErrorHandlingService","User-Friendly Error Messages"],"duration":0,"failureDetails":[],"failureMessages":[],"fullName":"ErrorHandlingService User-Friendly Error Messages should provide appropriate error messages for different contexts","invocations":1,"location":null,"numPassingAsserts":2,"retryReasons":[],"status":"passed","title":"should provide appropriate error messages for different contexts"},{"ancestorTitles":["ErrorHandlingService","User-Friendly Error Messages"],"duration":0,"failureDetails":[],"failureMessages":[],"fullName":"ErrorHandlingService User-Friendly Error Messages should provide recovery actions for different error types","invocations":1,"location":null,"numPassingAsserts":2,"retryReasons":[],"status":"passed","title":"should provide recovery actions for different error types"},{"ancestorTitles":["ErrorHandlingService","User-Friendly Error Messages"],"duration":0,"failureDetails":[],"failureMessages":[],"fullName":"ErrorHandlingService User-Friendly Error Messages should provide default messages for unknown contexts","invocations":1,"location":null,"numPassingAsserts":2,"retryReasons":[],"status":"passed","title":"should provide default messages for unknown contexts"},{"ancestorTitles":["ErrorHandlingService","Error Logging"],"duration":0,"failureDetails":[],"failureMessages":[],"fullName":"ErrorHandlingService Error Logging should maintain error log size limit","invocations":1,"location":null,"numPassingAsserts":1,"retryReasons":[],"status":"passed","title":"should maintain error log size limit"},{"ancestorTitles":["ErrorHandlingService","Offline Mode"],"duration":0,"failureDetails":[],"failureMessages":[],"fullName":"ErrorHandlingService Offline Mode should work in offline mode with cached data","invocations":1,"location":null,"numPassingAsserts":2,"retryReasons":[],"status":"passed","title":"should work in offline mode with cached data"},{"ancestorTitles":["ErrorHandlingService","Offline Mode"],"duration":0,"failureDetails":[],"failureMessages":[],"fullName":"ErrorHandlingService Offline Mode should handle complete offline scenario","invocations":1,"location":null,"numPassingAsserts":2,"retryReasons":[],"status":"passed","title":"should handle complete offline scenario"}],"endTime":1755196319223,"message":"","name":"C:\\AYNAMODA\\__tests__\\errorHandlingService.test.ts","startTime":1755196319099,"status":"passed","summary":""},{"assertionResults":[{"ancestorTitles":["EnhancedWardrobeService","saveClothingItem"],"duration":1,"failureDetails":[],"failureMessages":[],"fullName":"EnhancedWardrobeService saveClothingItem should save a clothing item with enhanced features","invocations":1,"location":null,"numPassingAsserts":3,"retryReasons":[],"status":"passed","title":"should save a clothing item with enhanced features"},{"ancestorTitles":["EnhancedWardrobeService","saveClothingItem"],"duration":1,"failureDetails":[],"failureMessages":[],"fullName":"EnhancedWardrobeService saveClothingItem should auto-categorize item when category is missing","invocations":1,"location":null,"numPassingAsserts":1,"retryReasons":[],"status":"passed","title":"should auto-categorize item when category is missing"},{"ancestorTitles":["EnhancedWardrobeService","saveClothingItem"],"duration":1,"failureDetails":[],"failureMessages":[],"fullName":"EnhancedWardrobeService saveClothingItem should extract colors when colors array is empty","invocations":1,"location":null,"numPassingAsserts":1,"retryReasons":[],"status":"passed","title":"should extract colors when colors array is empty"},{"ancestorTitles":["EnhancedWardrobeService","saveClothingItem"],"duration":15,"failureDetails":[],"failureMessages":[],"fullName":"EnhancedWardrobeService saveClothingItem should handle database errors gracefully","invocations":1,"location":null,"numPassingAsserts":1,"retryReasons":[],"status":"passed","title":"should handle database errors gracefully"},{"ancestorTitles":["EnhancedWardrobeService","getUserWardrobe"],"duration":1,"failureDetails":[],"failureMessages":[],"fullName":"EnhancedWardrobeService getUserWardrobe should retrieve and transform user wardrobe items","invocations":1,"location":null,"numPassingAsserts":7,"retryReasons":[],"status":"passed","title":"should retrieve and transform user wardrobe items"},{"ancestorTitles":["EnhancedWardrobeService","trackItemUsage"],"duration":1,"failureDetails":[],"failureMessages":[],"fullName":"EnhancedWardrobeService trackItemUsage should track item usage successfully","invocations":1,"location":null,"numPassingAsserts":1,"retryReasons":[],"status":"passed","title":"should track item usage successfully"},{"ancestorTitles":["EnhancedWardrobeService","trackItemUsage"],"duration":0,"failureDetails":[],"failureMessages":[],"fullName":"EnhancedWardrobeService trackItemUsage should track item usage without outfit ID","invocations":1,"location":null,"numPassingAsserts":1,"retryReasons":[],"status":"passed","title":"should track item usage without outfit ID"},{"ancestorTitles":["EnhancedWardrobeService","trackItemUsage"],"duration":0,"failureDetails":[],"failureMessages":[],"fullName":"EnhancedWardrobeService trackItemUsage should handle tracking errors","invocations":1,"location":null,"numPassingAsserts":1,"retryReasons":[],"status":"passed","title":"should handle tracking errors"},{"ancestorTitles":["EnhancedWardrobeService","getItemUsageStats"],"duration":1,"failureDetails":[],"failureMessages":[],"fullName":"EnhancedWardrobeService getItemUsageStats should return detailed usage statistics","invocations":1,"location":null,"numPassingAsserts":1,"retryReasons":[],"status":"passed","title":"should return detailed usage statistics"},{"ancestorTitles":["EnhancedWardrobeService","getItemUsageStats"],"duration":0,"failureDetails":[],"failureMessages":[],"fullName":"EnhancedWardrobeService getItemUsageStats should handle items with no purchase price","invocations":1,"location":null,"numPassingAsserts":1,"retryReasons":[],"status":"passed","title":"should handle items with no purchase price"},{"ancestorTitles":["EnhancedWardrobeService","getNeglectedItems"],"duration":1,"failureDetails":[],"failureMessages":[],"fullName":"EnhancedWardrobeService getNeglectedItems should return neglected items","invocations":1,"location":null,"numPassingAsserts":3,"retryReasons":[],"status":"passed","title":"should return neglected items"},{"ancestorTitles":["EnhancedWardrobeService","calculateCostPerWear"],"duration":1,"failureDetails":[],"failureMessages":[],"fullName":"EnhancedWardrobeService calculateCostPerWear should calculate cost per wear correctly","invocations":1,"location":null,"numPassingAsserts":1,"retryReasons":[],"status":"passed","title":"should calculate cost per wear correctly"},{"ancestorTitles":["EnhancedWardrobeService","getWardrobeUtilizationStats"],"duration":0,"failureDetails":[],"failureMessages":[],"fullName":"EnhancedWardrobeService getWardrobeUtilizationStats should return comprehensive utilization statistics","invocations":1,"location":null,"numPassingAsserts":2,"retryReasons":[],"status":"passed","title":"should return comprehensive utilization statistics"},{"ancestorTitles":["EnhancedWardrobeService","categorizeItemAutomatically"],"duration":0,"failureDetails":[],"failureMessages":[],"fullName":"EnhancedWardrobeService categorizeItemAutomatically should return default category for auto-categorization","invocations":1,"location":null,"numPassingAsserts":1,"retryReasons":[],"status":"passed","title":"should return default category for auto-categorization"},{"ancestorTitles":["EnhancedWardrobeService","categorizeItemAutomatically"],"duration":1,"failureDetails":[],"failureMessages":[],"fullName":"EnhancedWardrobeService categorizeItemAutomatically should handle categorization errors gracefully","invocations":1,"location":null,"numPassingAsserts":1,"retryReasons":[],"status":"passed","title":"should handle categorization errors gracefully"},{"ancestorTitles":["EnhancedWardrobeService","extractItemColors"],"duration":0,"failureDetails":[],"failureMessages":[],"fullName":"EnhancedWardrobeService extractItemColors should return default colors for extraction","invocations":1,"location":null,"numPassingAsserts":1,"retryReasons":[],"status":"passed","title":"should return default colors for extraction"},{"ancestorTitles":["EnhancedWardrobeService","extractItemColors"],"duration":0,"failureDetails":[],"failureMessages":[],"fullName":"EnhancedWardrobeService extractItemColors should handle color extraction errors gracefully","invocations":1,"location":null,"numPassingAsserts":1,"retryReasons":[],"status":"passed","title":"should handle color extraction errors gracefully"},{"ancestorTitles":["EnhancedWardrobeService","suggestItemTags"],"duration":1,"failureDetails":[],"failureMessages":[],"fullName":"EnhancedWardrobeService suggestItemTags should suggest tags based on category","invocations":1,"location":null,"numPassingAsserts":2,"retryReasons":[],"status":"passed","title":"should suggest tags based on category"},{"ancestorTitles":["EnhancedWardrobeService","suggestItemTags"],"duration":0,"failureDetails":[],"failureMessages":[],"fullName":"EnhancedWardrobeService suggestItemTags should suggest tags for different categories","invocations":1,"location":null,"numPassingAsserts":3,"retryReasons":[],"status":"passed","title":"should suggest tags for different categories"},{"ancestorTitles":["EnhancedWardrobeService","suggestItemTags"],"duration":0,"failureDetails":[],"failureMessages":[],"fullName":"EnhancedWardrobeService suggestItemTags should suggest neutral tag for neutral colors","invocations":1,"location":null,"numPassingAsserts":1,"retryReasons":[],"status":"passed","title":"should suggest neutral tag for neutral colors"},{"ancestorTitles":["EnhancedWardrobeService","suggestItemTags"],"duration":0,"failureDetails":[],"failureMessages":[],"fullName":"EnhancedWardrobeService suggestItemTags should suggest branded tag when brand is present","invocations":1,"location":null,"numPassingAsserts":1,"retryReasons":[],"status":"passed","title":"should suggest branded tag when brand is present"},{"ancestorTitles":["EnhancedWardrobeService","suggestItemTags"],"duration":1,"failureDetails":[],"failureMessages":[],"fullName":"EnhancedWardrobeService suggestItemTags should remove duplicate tags","invocations":1,"location":null,"numPassingAsserts":1,"retryReasons":[],"status":"passed","title":"should remove duplicate tags"},{"ancestorTitles":["EnhancedWardrobeService","updateItemConfidenceScore"],"duration":0,"failureDetails":[],"failureMessages":[],"fullName":"EnhancedWardrobeService updateItemConfidenceScore should update confidence score successfully","invocations":1,"location":null,"numPassingAsserts":1,"retryReasons":[],"status":"passed","title":"should update confidence score successfully"},{"ancestorTitles":["EnhancedWardrobeService","updateItemConfidenceScore"],"duration":1,"failureDetails":[],"failureMessages":[],"fullName":"EnhancedWardrobeService updateItemConfidenceScore should handle confidence score update errors","invocations":1,"location":null,"numPassingAsserts":1,"retryReasons":[],"status":"passed","title":"should handle confidence score update errors"},{"ancestorTitles":["EnhancedWardrobeService","transformRecordToWardrobeItem"],"duration":0,"failureDetails":[],"failureMessages":[],"fullName":"EnhancedWardrobeService transformRecordToWardrobeItem should transform database record to WardrobeItem correctly","invocations":1,"location":null,"numPassingAsserts":6,"retryReasons":[],"status":"passed","title":"should transform database record to WardrobeItem correctly"}],"endTime":1755196319374,"message":"","name":"C:\\AYNAMODA\\__tests__\\enhancedWardrobeService.test.ts","startTime":1755196319230,"status":"passed","summary":""},{"assertionResults":[{"ancestorTitles":["Performance Benchmarks - AYNA Mirror System","Core Performance Benchmarks"],"duration":2,"failureDetails":[],"failureMessages":[],"fullName":"Performance Benchmarks - AYNA Mirror System Core Performance Benchmarks should generate daily recommendations in under 1 second","invocations":1,"location":null,"numPassingAsserts":3,"retryReasons":[],"status":"passed","title":"should generate daily recommendations in under 1 second"},{"ancestorTitles":["Performance Benchmarks - AYNA Mirror System","Core Performance Benchmarks"],"duration":1,"failureDetails":[],"failureMessages":[],"fullName":"Performance Benchmarks - AYNA Mirror System Core Performance Benchmarks should process user feedback in under 500ms","invocations":1,"location":null,"numPassingAsserts":1,"retryReasons":[],"status":"passed","title":"should process user feedback in under 500ms"},{"ancestorTitles":["Performance Benchmarks - AYNA Mirror System","Core Performance Benchmarks"],"duration":2,"failureDetails":[],"failureMessages":[],"fullName":"Performance Benchmarks - AYNA Mirror System Core Performance Benchmarks should handle large wardrobes efficiently","invocations":1,"location":null,"numPassingAsserts":2,"retryReasons":[],"status":"passed","title":"should handle large wardrobes efficiently"},{"ancestorTitles":["Performance Benchmarks - AYNA Mirror System","Service-Specific Performance"],"duration":0,"failureDetails":[],"failureMessages":[],"fullName":"Performance Benchmarks - AYNA Mirror System Service-Specific Performance should analyze user style profile efficiently","invocations":1,"location":null,"numPassingAsserts":2,"retryReasons":[],"status":"passed","title":"should analyze user style profile efficiently"},{"ancestorTitles":["Performance Benchmarks - AYNA Mirror System","Service-Specific Performance"],"duration":0,"failureDetails":[],"failureMessages":[],"fullName":"Performance Benchmarks - AYNA Mirror System Service-Specific Performance should calculate outfit compatibility quickly","invocations":1,"location":null,"numPassingAsserts":3,"retryReasons":[],"status":"passed","title":"should calculate outfit compatibility quickly"},{"ancestorTitles":["Performance Benchmarks - AYNA Mirror System","Service-Specific Performance"],"duration":0,"failureDetails":[],"failureMessages":[],"fullName":"Performance Benchmarks - AYNA Mirror System Service-Specific Performance should track item usage efficiently","invocations":1,"location":null,"numPassingAsserts":1,"retryReasons":[],"status":"passed","title":"should track item usage efficiently"},{"ancestorTitles":["Performance Benchmarks - AYNA Mirror System","Concurrent Operations Performance"],"duration":4,"failureDetails":[],"failureMessages":[],"fullName":"Performance Benchmarks - AYNA Mirror System Concurrent Operations Performance should handle multiple simultaneous recommendation requests","invocations":1,"location":null,"numPassingAsserts":22,"retryReasons":[],"status":"passed","title":"should handle multiple simultaneous recommendation requests"},{"ancestorTitles":["Performance Benchmarks - AYNA Mirror System","Concurrent Operations Performance"],"duration":2,"failureDetails":[],"failureMessages":[],"fullName":"Performance Benchmarks - AYNA Mirror System Concurrent Operations Performance should handle mixed operations concurrently","invocations":1,"location":null,"numPassingAsserts":2,"retryReasons":[],"status":"passed","title":"should handle mixed operations concurrently"},{"ancestorTitles":["Performance Benchmarks - AYNA Mirror System","Memory and Resource Usage"],"duration":16,"failureDetails":[],"failureMessages":[],"fullName":"Performance Benchmarks - AYNA Mirror System Memory and Resource Usage should not leak memory during repeated operations","invocations":1,"location":null,"numPassingAsserts":1,"retryReasons":[],"status":"passed","title":"should not leak memory during repeated operations"},{"ancestorTitles":["Performance Benchmarks - AYNA Mirror System","Memory and Resource Usage"],"duration":1,"failureDetails":[],"failureMessages":[],"fullName":"Performance Benchmarks - AYNA Mirror System Memory and Resource Usage should handle timeout scenarios gracefully","invocations":1,"location":null,"numPassingAsserts":2,"retryReasons":[],"status":"passed","title":"should handle timeout scenarios gracefully"},{"ancestorTitles":["Performance Benchmarks - AYNA Mirror System","Database Query Performance"],"duration":2,"failureDetails":[],"failureMessages":[],"fullName":"Performance Benchmarks - AYNA Mirror System Database Query Performance should optimize wardrobe queries for large datasets","invocations":1,"location":null,"numPassingAsserts":1,"retryReasons":[],"status":"passed","title":"should optimize wardrobe queries for large datasets"}],"endTime":1755196319539,"message":"","name":"C:\\AYNAMODA\\__tests__\\performance\\performanceBenchmarks.test.ts","startTime":1755196319384,"status":"passed","summary":""},{"assertionResults":[{"ancestorTitles":["UserPreferencesService","getUserPreferences"],"duration":1,"failureDetails":[],"failureMessages":[],"fullName":"UserPreferencesService getUserPreferences should return existing user preferences","invocations":1,"location":null,"numPassingAsserts":4,"retryReasons":[],"status":"passed","title":"should return existing user preferences"},{"ancestorTitles":["UserPreferencesService","getUserPreferences"],"duration":0,"failureDetails":[],"failureMessages":[],"fullName":"UserPreferencesService getUserPreferences should create default preferences for new user","invocations":1,"location":null,"numPassingAsserts":3,"retryReasons":[],"status":"passed","title":"should create default preferences for new user"},{"ancestorTitles":["UserPreferencesService","getUserPreferences"],"duration":1,"failureDetails":[],"failureMessages":[],"fullName":"UserPreferencesService getUserPreferences should handle database errors gracefully","invocations":1,"location":null,"numPassingAsserts":3,"retryReasons":[],"status":"passed","title":"should handle database errors gracefully"},{"ancestorTitles":["UserPreferencesService","updateUserPreferences"],"duration":0,"failureDetails":[],"failureMessages":[],"fullName":"UserPreferencesService updateUserPreferences should update user preferences successfully","invocations":1,"location":null,"numPassingAsserts":2,"retryReasons":[],"status":"passed","title":"should update user preferences successfully"},{"ancestorTitles":["UserPreferencesService","updateUserPreferences"],"duration":11,"failureDetails":[],"failureMessages":[],"fullName":"UserPreferencesService updateUserPreferences should handle update errors","invocations":1,"location":null,"numPassingAsserts":1,"retryReasons":[],"status":"passed","title":"should handle update errors"},{"ancestorTitles":["UserPreferencesService","updateNotificationPreferences"],"duration":0,"failureDetails":[],"failureMessages":[],"fullName":"UserPreferencesService updateNotificationPreferences should update notification preferences","invocations":1,"location":null,"numPassingAsserts":1,"retryReasons":[],"status":"passed","title":"should update notification preferences"},{"ancestorTitles":["UserPreferencesService","updatePrivacySettings"],"duration":0,"failureDetails":[],"failureMessages":[],"fullName":"UserPreferencesService updatePrivacySettings should update privacy settings","invocations":1,"location":null,"numPassingAsserts":1,"retryReasons":[],"status":"passed","title":"should update privacy settings"},{"ancestorTitles":["UserPreferencesService","detectAndUpdateTimezone"],"duration":1,"failureDetails":[],"failureMessages":[],"fullName":"UserPreferencesService detectAndUpdateTimezone should detect timezone from device","invocations":1,"location":null,"numPassingAsserts":2,"retryReasons":[],"status":"passed","title":"should detect timezone from device"},{"ancestorTitles":["UserPreferencesService","detectAndUpdateTimezone"],"duration":0,"failureDetails":[],"failureMessages":[],"fullName":"UserPreferencesService detectAndUpdateTimezone should use location-based timezone when available","invocations":1,"location":null,"numPassingAsserts":1,"retryReasons":[],"status":"passed","title":"should use location-based timezone when available"},{"ancestorTitles":["UserPreferencesService","detectAndUpdateTimezone"],"duration":0,"failureDetails":[],"failureMessages":[],"fullName":"UserPreferencesService detectAndUpdateTimezone should fallback to UTC on error","invocations":1,"location":null,"numPassingAsserts":1,"retryReasons":[],"status":"passed","title":"should fallback to UTC on error"},{"ancestorTitles":["UserPreferencesService","trackDailyEngagement"],"duration":1,"failureDetails":[],"failureMessages":[],"fullName":"UserPreferencesService trackDailyEngagement should call updateEngagementHistory when tracking engagement","invocations":1,"location":null,"numPassingAsserts":1,"retryReasons":[],"status":"passed","title":"should call updateEngagementHistory when tracking engagement"},{"ancestorTitles":["UserPreferencesService","trackDailyEngagement"],"duration":0,"failureDetails":[],"failureMessages":[],"fullName":"UserPreferencesService trackDailyEngagement should handle engagement tracking errors gracefully","invocations":1,"location":null,"numPassingAsserts":1,"retryReasons":[],"status":"passed","title":"should handle engagement tracking errors gracefully"},{"ancestorTitles":["UserPreferencesService","syncPreferences"],"duration":1,"failureDetails":[],"failureMessages":[],"fullName":"UserPreferencesService syncPreferences should force refresh preferences from database","invocations":1,"location":null,"numPassingAsserts":2,"retryReasons":[],"status":"passed","title":"should force refresh preferences from database"},{"ancestorTitles":["UserPreferencesService","syncPreferences"],"duration":0,"failureDetails":[],"failureMessages":[],"fullName":"UserPreferencesService syncPreferences should create default preferences if none exist during sync","invocations":1,"location":null,"numPassingAsserts":1,"retryReasons":[],"status":"passed","title":"should create default preferences if none exist during sync"}],"endTime":1755196319686,"message":"","name":"C:\\AYNAMODA\\__tests__\\userPreferencesService.test.ts","startTime":1755196319546,"status":"passed","summary":""},{"assertionResults":[{"ancestorTitles":["Error Handling Integration Tests","AYNA Mirror Service Error Handling"],"duration":2,"failureDetails":[],"failureMessages":[],"fullName":"Error Handling Integration Tests AYNA Mirror Service Error Handling should handle complete service failure gracefully","invocations":1,"location":null,"numPassingAsserts":3,"retryReasons":[],"status":"passed","title":"should handle complete service failure gracefully"},{"ancestorTitles":["Error Handling Integration Tests","AYNA Mirror Service Error Handling"],"duration":426,"failureDetails":[],"failureMessages":[],"fullName":"Error Handling Integration Tests AYNA Mirror Service Error Handling should retry failed operations with exponential backoff","invocations":1,"location":null,"numPassingAsserts":3,"retryReasons":[],"status":"passed","title":"should retry failed operations with exponential backoff"},{"ancestorTitles":["Error Handling Integration Tests","AYNA Mirror Service Error Handling"],"duration":1,"failureDetails":[],"failureMessages":[],"fullName":"Error Handling Integration Tests AYNA Mirror Service Error Handling should cache successful results for offline use","invocations":1,"location":null,"numPassingAsserts":2,"retryReasons":[],"status":"passed","title":"should cache successful results for offline use"},{"ancestorTitles":["Error Handling Integration Tests","Weather Service Error Handling"],"duration":1,"failureDetails":[],"failureMessages":[],"fullName":"Error Handling Integration Tests Weather Service Error Handling should handle weather API failures with cached fallback","invocations":1,"location":null,"numPassingAsserts":3,"retryReasons":[],"status":"passed","title":"should handle weather API failures with cached fallback"},{"ancestorTitles":["Error Handling Integration Tests","Weather Service Error Handling"],"duration":0,"failureDetails":[],"failureMessages":[],"fullName":"Error Handling Integration Tests Weather Service Error Handling should provide seasonal fallback when no cache available","invocations":1,"location":null,"numPassingAsserts":3,"retryReasons":[],"status":"passed","title":"should provide seasonal fallback when no cache available"},{"ancestorTitles":["Error Handling Integration Tests","Weather Service Error Handling"],"duration":0,"failureDetails":[],"failureMessages":[],"fullName":"Error Handling Integration Tests Weather Service Error Handling should handle location permission denial gracefully","invocations":1,"location":null,"numPassingAsserts":2,"retryReasons":[],"status":"passed","title":"should handle location permission denial gracefully"},{"ancestorTitles":["Error Handling Integration Tests","Notification Service Error Handling"],"duration":0,"failureDetails":[],"failureMessages":[],"fullName":"Error Handling Integration Tests Notification Service Error Handling should handle notification permission denial","invocations":1,"location":null,"numPassingAsserts":1,"retryReasons":[],"status":"passed","title":"should handle notification permission denial"},{"ancestorTitles":["Error Handling Integration Tests","Notification Service Error Handling"],"du
[...]
onfidence notes"},{"ancestorTitles":["ConfidenceNote","Text Handling"],"duration":0,"failureDetails":[],"failureMessages":[],"fullName":"ConfidenceNote Text Handling should handle short confidence notes","invocations":1,"location":null,"numPassingAsserts":1,"retryReasons":[],"status":"passed","title":"should handle short confidence notes"},{"ancestorTitles":["ConfidenceNote","Text Handling"],"duration":1,"failureDetails":[],"failureMessages":[],"fullName":"ConfidenceNote Text Handling should handle empty confidence notes gracefully","invocations":1,"location":null,"numPassingAsserts":0,"retryReasons":[],"status":"passed","title":"should handle empty confidence notes gracefully"},{"ancestorTitles":["ConfidenceNote","Text Handling"],"duration":1,"failureDetails":[],"failureMessages":[],"fullName":"ConfidenceNote Text Handling should handle special characters and emojis","invocations":1,"location":null,"numPassingAsserts":1,"retryReasons":[],"status":"passed","title":"should handle special characters and emojis"}],"endTime":1755196334372,"message":"","name":"C:\\AYNAMODA\\__tests__\\confidenceNote.test.tsx","startTime":1755196334023,"status":"passed","summary":""},{"assertionResults":[{"ancestorTitles":["EmotionalResponseStep","Emotional States and Configuration"],"duration":3,"failureDetails":[],"failureMessages":[],"fullName":"EmotionalResponseStep Emotional States and Configuration should have all valid emotional states","invocations":1,"location":null,"numPassingAsserts":49,"retryReasons":[],"status":"passed","title":"should have all valid emotional states"},{"ancestorTitles":["EmotionalResponseStep","Emotional States and Configuration"],"duration":1,"failureDetails":[],"failureMessages":[],"fullName":"EmotionalResponseStep Emotional States and Configuration should have valid intensity levels","invocations":1,"location":null,"numPassingAsserts":40,"retryReasons":[],"status":"passed","title":"should have valid intensity levels"},{"ancestorTitles":["EmotionalResponseStep","EmotionalResponse Data Structure"],"duration":0,"failureDetails":[],"failureMessages":[],"fullName":"EmotionalResponseStep EmotionalResponse Data Structure should validate emotional response structure","invocations":1,"location":null,"numPassingAsserts":5,"retryReasons":[],"status":"passed","title":"should validate emotional response structure"},{"ancestorTitles":["EmotionalResponseStep","EmotionalResponse Data Structure"],"duration":1,"failureDetails":[],"failureMessages":[],"fullName":"EmotionalResponseStep EmotionalResponse Data Structure should handle different intensity levels","invocations":1,"location":null,"numPassingAsserts":6,"retryReasons":[],"status":"passed","title":"should handle different intensity levels"},{"ancestorTitles":["EmotionalResponseStep","Component Props Interface"],"duration":0,"failureDetails":[],"failureMessages":[],"fullName":"EmotionalResponseStep Component Props Interface should validate EmotionalResponseStep props structure","invocations":1,"location":null,"numPassingAsserts":5,"retryReasons":[],"status":"passed","title":"should validate EmotionalResponseStep props structure"},{"ancestorTitles":["EmotionalResponseStep","Emotion Selection Logic"],"duration":0,"failureDetails":[],"failureMessages":[],"fullName":"EmotionalResponseStep Emotion Selection Logic should handle emotion selection callbacks","invocations":1,"location":null,"numPassingAsserts":2,"retryReasons":[],"status":"passed","title":"should handle emotion selection callbacks"},{"ancestorTitles":["EmotionalResponseStep","Emotion Selection Logic"],"duration":0,"failureDetails":[],"failureMessages":[],"fullName":"EmotionalResponseStep Emotion Selection Logic should handle intensity change callbacks","invocations":1,"location":null,"numPassingAsserts":2,"retryReasons":[],"status":"passed","title":"should handle intensity change callbacks"},{"ancestorTitles":["EmotionalResponseStep","Validation and Error Handling"],"duration":0,"failureDetails":[],"failureMessages":[],"fullName":"EmotionalResponseStep Validation and Error Handling should validate intensity range","invocations":1,"location":null,"numPassingAsserts":10,"retryReasons":[],"status":"passed","title":"should validate intensity range"},{"ancestorTitles":["EmotionalResponseStep","Validation and Error Handling"],"duration":0,"failureDetails":[],"failureMessages":[],"fullName":"EmotionalResponseStep Validation and Error Handling should handle empty additional emotions array","invocations":1,"location":null,"numPassingAsserts":2,"retryReasons":[],"status":"passed","title":"should handle empty additional emotions array"},{"ancestorTitles":["EmotionalResponseStep","Validation and Error Handling"],"duration":0,"failureDetails":[],"failureMessages":[],"fullName":"EmotionalResponseStep Validation and Error Handling should handle multiple additional emotions","invocations":1,"location":null,"numPassingAsserts":8,"retryReasons":[],"status":"passed","title":"should handle multiple additional emotions"},{"ancestorTitles":["EmotionalResponseStep","Animation and Interaction Logic"],"duration":0,"failureDetails":[],"failureMessages":[],"fullName":"EmotionalResponseStep Animation and Interaction Logic should handle emotion animation triggers","invocations":1,"location":null,"numPassingAsserts":3,"retryReasons":[],"status":"passed","title":"should handle emotion animation triggers"},{"ancestorTitles":["EmotionalResponseStep","Animation and Interaction Logic"],"duration":0,"failureDetails":[],"failureMessages":[],"fullName":"EmotionalResponseStep Animation and Interaction Logic should handle intensity animation triggers","invocations":1,"location":null,"numPassingAsserts":3,"retryReasons":[],"status":"passed","title":"should handle intensity animation triggers"}],"endTime":1755196334655,"message":"","name":"C:\\AYNAMODA\\__tests__\\emotionalResponseStep.test.tsx","startTime":1755196334391,"status":"passed","summary":""},{"assertionResults":[{"ancestorTitles":["Feedback Collection System","OutfitFeedback Data Structure"],"duration":0,"failureDetails":[],"failureMessages":[],"fullName":"Feedback Collection System OutfitFeedback Data Structure should have all required properties for feedback collection","invocations":1,"location":null,"numPassingAsserts":8,"retryReasons":[],"status":"passed","title":"should have all required properties for feedback collection"},{"ancestorTitles":["Feedback Collection System","OutfitFeedback Data Structure"],"duration":0,"failureDetails":[],"failureMessages":[],"fullName":"Feedback Collection System OutfitFeedback Data Structure should validate confidence rating range","invocations":1,"location":null,"numPassingAsserts":14,"retryReasons":[],"status":"passed","title":"should validate confidence rating range"},{"ancestorTitles":["Feedback Collection System","EmotionalResponse Data Structure"],"duration":1,"failureDetails":[],"failureMessages":[],"fullName":"Feedback Collection System EmotionalResponse Data Structure should have valid emotional states","invocations":1,"location":null,"numPassingAsserts":4,"retryReasons":[],"status":"passed","title":"should have valid emotional states"},{"ancestorTitles":["Feedback Collection System","EmotionalResponse Data Structure"],"duration":0,"failureDetails":[],"failureMessages":[],"fullName":"Feedback Collection System EmotionalResponse Data Structure should validate intensity range","invocations":1,"location":null,"numPassingAsserts":9,"retryReasons":[],"status":"passed","title":"should validate intensity range"},{"ancestorTitles":["Feedback Collection System","ComfortRating Data Structure"],"duration":1,"failureDetails":[],"failureMessages":[],"fullName":"Feedback Collection System ComfortRating Data Structure should have all comfort dimensions","invocations":1,"location":null,"numPassingAsserts":9,"retryReasons":[],"status":"passed","title":"should have all comfort dimensions"},{"ancestorTitles":["Feedback Collection System","SocialFeedback Data Structure"],"duration":0,"failureDetails":[],"failureMessages":[],"fullName":"Feedback Collection System SocialFeedback Data Structure should handle social feedback data correctly","invocations":1,"location":null,"numPassingAsserts":3,"retryReasons":[],"status":"passed","title":"should handle social feedback data correctly"},{"ancestorTitles":["Feedback Collection System","SocialFeedback Data Structure"],"duration":0,"failureDetails":[],"failureMessages":[],"fullName":"Feedback Collection System SocialFeedback Data Structure should handle optional social feedback","invocations":1,"location":null,"numPassingAsserts":2,"retryReasons":[],"status":"passed","title":"should handle optional social feedback"},{"ancestorTitles":["Feedback Collection System","Feedback Validation Logic"],"duration":0,"failureDetails":[],"failureMessages":[],"fullName":"Feedback Collection System Feedback Validation Logic should validate complete feedback object","invocations":1,"location":null,"numPassingAsserts":1,"retryReasons":[],"status":"passed","title":"should validate complete feedback object"},{"ancestorTitles":["Feedback Collection System","Feedback Validation Logic"],"duration":0,"failureDetails":[],"failureMessages":[],"fullName":"Feedback Collection System Feedback Validation Logic should handle feedback data storage format","invocations":1,"location":null,"numPassingAsserts":3,"retryReasons":[],"status":"passed","title":"should handle feedback data storage format"},{"ancestorTitles":["Feedback Collection System","Feedback Component Props Validation"],"duration":0,"failureDetails":[],"failureMessages":[],"fullName":"Feedback Collection System Feedback Component Props Validation should validate FeedbackCollector props structure","invocations":1,"location":null,"numPassingAsserts":5,"retryReasons":[],"status":"passed","title":"should validate FeedbackCollector props structure"}],"endTime":1755196334926,"message":"","name":"C:\\AYNAMODA\\__tests__\\feedbackCollector.test.tsx","startTime":1755196334663,"status":"passed","summary":""},{"assertionResults":[{"ancestorTitles":["AYNA Mirror Data Models","WardrobeItem Interface"],"duration":1,"failureDetails":[],"failureMessages":[],"fullName":"AYNA Mirror Data Models WardrobeItem Interface should have all required properties for intelligence features","invocations":1,"location":null,"numPassingAsserts":4,"retryReasons":[],"status":"passed","title":"should have all required properties for intelligence features"},{"ancestorTitles":["AYNA Mirror Data Models","DailyRecommendations Interface"],"duration":0,"failureDetails":[],"failureMessages":[],"fullName":"AYNA Mirror Data Models DailyRecommendations Interface should structure daily recommendations correctly","invocations":1,"location":null,"numPassingAsserts":3,"retryReasons":[],"status":"passed","title":"should structure daily recommendations correctly"},{"ancestorTitles":["AYNA Mirror Data Models","OutfitRecommendation Interface"],"duration":1,"failureDetails":[],"failureMessages":[],"fullName":"AYNA Mirror Data Models OutfitRecommendation Interface should include confidence features","invocations":1,"location":null,"numPassingAsserts":4,"retryReasons":[],"status":"passed","title":"should include confidence features"},{"ancestorTitles":["Enhanced Wardrobe Service","Service Interface"],"duration":0,"failureDetails":[],"failureMessages":[],"fullName":"Enhanced Wardrobe Service Service Interface should have all required intelligence methods","invocations":1,"location":null,"numPassingAsserts":8,"retryReasons":[],"status":"passed","title":"should have all required intelligence methods"},{"ancestorTitles":["Enhanced Wardrobe Service","Service Interface"],"duration":0,"failureDetails":[],"failureMessages":[],"fullName":"Enhanced Wardrobe Service Service Interface should suggest appropriate tags for different item categories","invocations":1,"location":null,"numPassingAsserts":2,"retryReasons":[],"status":"passed","title":"should suggest appropriate tags for different item categories"},{"ancestorTitles":["Enhanced Wardrobe Service","Service Interface"],"duration":0,"failureDetails":[],"failureMessages":[],"fullName":"Enhanced Wardrobe Service Service Interface should suggest tags based on colors","invocations":1,"location":null,"numPassingAsserts":1,"retryReasons":[],"status":"passed","title":"should suggest tags based on colors"},{"ancestorTitles":["AYNA Mirror Service","Service Interface"],"duration":0,"failureDetails":[],"failureMessages":[],"fullName":"AYNA Mirror Service Service Interface should have all core daily ritual methods","invocations":1,"location":null,"numPassingAsserts":5,"retryReasons":[],"status":"passed","title":"should have all core daily ritual methods"},{"ancestorTitles":["AYNA Mirror Service","Confidence Note Generation"],"duration":0,"failureDetails":[],"failureMessages":[],"fullName":"AYNA Mirror Service Confidence Note Generation should generate encouraging confidence notes","invocations":1,"location":null,"numPassingAsserts":3,"retryReasons":[],"status":"passed","title":"should generate encouraging confidence notes"},{"ancestorTitles":["Database Schema Validation","Required Tables"],"duration":0,"failureDetails":[],"failureMessages":[],"fullName":"Database Schema Validation Required Tables should define all required table structures","invocations":1,"location":null,"numPassingAsserts":5,"retryReasons":[],"status":"passed","title":"should define all required table structures"},{"ancestorTitles":["Database Schema Validation","Database Functions"],"duration":0,"failureDetails":[],"failureMessages":[],"fullName":"Database Schema Validation Database Functions should define required database functions","invocations":1,"location":null,"numPassingAsserts":5,"retryReasons":[],"status":"passed","title":"should define required database functions"}],"endTime":1755196335188,"message":"","name":"C:\\AYNAMODA\\__tests__\\aynaMirror.test.ts","startTime":1755196334936,"status":"passed","summary":""},{"assertionResults":[{"ancestorTitles":["UserPreferencesService Integration"],"duration":3,"failureDetails":[],"failureMessages":[],"fullName":"UserPreferencesService Integration should handle complete preference management flow","invocations":1,"location":null,"numPassingAsserts":4,"retryReasons":[],"status":"passed","title":"should handle complete preference management flow"},{"ancestorTitles":["UserPreferencesService Integration"],"duration":1,"failureDetails":[],"failureMessages":[],"fullName":"UserPreferencesService Integration should handle error scenarios gracefully","invocations":1,"location":null,"numPassingAsserts":2,"retryReasons":[],"status":"passed","title":"should handle error scenarios gracefully"},{"ancestorTitles":["UserPreferencesService Integration"],"duration":0,"failureDetails":[],"failureMessages":[],"fullName":"UserPreferencesService Integration should maintain data consistency across operations","invocations":1,"location":null,"numPassingAsserts":4,"retryReasons":[],"status":"passed","title":"should maintain data consistency across operations"}],"endTime":1755196335452,"message":"","name":"C:\\AYNAMODA\\__tests__\\userPreferencesIntegration.test.ts","startTime":1755196335195,"status":"passed","summary":""},{"assertionResults":[{"ancestorTitles":["ConfidenceRatingStep","Confidence Rating Labels"],"duration":2,"failureDetails":[],"failureMessages":[],"fullName":"ConfidenceRatingStep Confidence Rating Labels should have correct labels for each rating level","invocations":1,"location":null,"numPassingAsserts":35,"retryReasons":[],"status":"passed","title":"should have correct labels for each rating level"},{"ancestorTitles":["ConfidenceRatingStep","Confidence Rating Labels"],"duration":1,"failureDetails":[],"failureMessages":[],"fullName":"ConfidenceRatingStep Confidence Rating Labels should provide appropriate affirmations for high ratings","invocations":1,"location":null,"numPassingAsserts":4,"retryReasons":[],"status":"passed","title":"should provide appropriate affirmations for high ratings"},{"ancestorTitles":["ConfidenceRatingStep","Confidence Rating Labels"],"duration":0,"failureDetails":[],"failureMessages":[],"fullName":"ConfidenceRatingStep Confidence Rating Labels should provide encouragement for low ratings","invocations":1,"location":null,"numPassingAsserts":2,"retryReasons":[],"status":"passed","title":"should provide encouragement for low ratings"},{"ancestorTitles":["ConfidenceRatingStep","Rating Validation"],"duration":1,"failureDetails":[],"failureMessages":[],"fullName":"ConfidenceRatingStep Rating Validation should validate rating range","invocations":1,"location":null,"numPassingAsserts":14,"retryReasons":[],"status":"passed","title":"should validate rating range"},{"ancestorTitles":["ConfidenceRatingStep","Rating Validation"],"duration":0,"failureDetails":[],"failureMessages":[],"fullName":"ConfidenceRatingStep Rating Validation should handle rating change callback","invocations":1,"location":null,"numPassingAsserts":2,"retryReasons":[],"status":"passed","title":"should handle rating change callback"},{"ancestorTitles":["ConfidenceRatingStep","Component Props Interface"],"duration":0,"failureDetails":[],"failureMessages":[],"fullName":"ConfidenceRatingStep Component Props Interface should validate ConfidenceRatingStep props structure","invocations":1,"location":null,"numPassingAsserts":4,"retryReasons":[],"status":"passed","title":"should validate ConfidenceRatingStep props structure"},{"ancestorTitles":["ConfidenceRatingStep","Animation and Interaction Logic"],"duration":1,"failureDetails":[],"failureMessages":[],"fullName":"ConfidenceRatingStep Animation and Interaction Logic should handle star animation triggers","invocations":1,"location":null,"numPassingAsserts":3,"retryReasons":[],"status":"passed","title":"should handle star animation triggers"},{"ancestorTitles":["ConfidenceRatingStep","Animation and Interaction Logic"],"duration":0,"failureDetails":[],"failureMessages":[],"fullName":"ConfidenceRatingStep Animation and Interaction Logic should provide haptic feedback configuration","invocations":1,"location":null,"numPassingAsserts":3,"retryReasons":[],"status":"passed","title":"should provide haptic feedback configuration"}],"endTime":1755196335726,"message":"","name":"C:\\AYNAMODA\\__tests__\\confidenceRatingStep.test.tsx","startTime":1755196335465,"status":"passed","summary":""},{"assertionResults":[{"ancestorTitles":["AYNA Mirror Daily Ritual - End-to-End Flow","Complete Daily Ritual Flow"],"duration":1,"failureDetails":[],"failureMessages":[],"fullName":"AYNA Mirror Daily Ritual - End-to-End Flow Complete Daily Ritual Flow should execute the complete daily ritual from notification to feedback","invocations":1,"location":null,"numPassingAsserts":1,"retryReasons":[],"status":"passed","title":"should execute the complete daily ritual from notification to feedback"},{"ancestorTitles":["AYNA Mirror Daily Ritual - End-to-End Flow","Accessibility and Inclusive Design"],"duration":6,"failureDetails":[],"failureMessages":[],"fullName":"AYNA Mirror Daily Ritual - End-to-End Flow Accessibility and Inclusive Design should provide accessible confidence notes for screen readers","invocations":1,"location":null,"numPassingAsserts":6,"retryReasons":[],"status":"passed","title":"should provide accessible confidence notes for screen readers"},{"ancestorTitles":["AYNA Mirror Daily Ritual - End-to-End Flow","Accessibility and Inclusive Design"],"duration":1,"failureDetails":[],"failureMessages":[],"fullName":"AYNA Mirror Daily Ritual - End-to-End Flow Accessibility and Inclusive Design should support different confidence note styles for diverse users","invocations":1,"location":null,"numPassingAsserts":4,"retryReasons":[],"status":"passed","title":"should support different confidence note styles for diverse users"}],"endTime":1755196335983,"message":"","name":"C:\\AYNAMODA\\__tests__\\e2e\\dailyRitualFlow.test.ts","startTime":1755196335734,"status":"passed","summary":""}],"wasInterrupted":false}
