{"numFailedTestSuites":1,"numFailedTests":0,"numPassedTestSuites":42,"numPassedTests":597,"numPendingTestSuites":0,"numPendingTests":0,"numRuntimeErrorTestSuites":1,"numTodoTests":0,"numTotalTestSuites":43,"numTotalTests":597,"openHandles":[],"snapshot":{"added":0,"didUpdate":false,"failure":false,"filesAdded":0,"filesRemoved":0,"filesRemovedList":[],"filesUnmatched":0,"filesUpdated":0,"matched":0,"total":0,"unchecked":0,"uncheckedKeysByFile":[],"unmatched":0,"updated":0},"startTime":1755967109941,"success":false,"testResults":[{"assertionResults":[{"ancestorTitles":["AccessibilityService","WCAG Compliance Validation"],"duration":110,"failureDetails":[],"failureMessages":[],"fullName":"AccessibilityService WCAG Compliance Validation should validate WCAG 2.1 AA compliance","invocations":1,"location":null,"numPassingAsserts":9,"retryReasons":[],"status":"passed","title":"should validate WCAG 2.1 AA compliance"},{"ancestorTitles":["AccessibilityService","WCAG Compliance Validation"],"duration":104,"failureDetails":[],"failureMessages":[],"fullName":"AccessibilityService WCAG Compliance Validation should return score between 0 and 100","invocations":1,"location":null,"numPassingAsserts":2,"retryReasons":[],"status":"passed","title":"should return score between 0 and 100"},{"ancestorTitles":["AccessibilityService","WCAG Compliance Validation"],"duration":107,"failureDetails":[],"failureMessages":[],"fullName":"AccessibilityService WCAG Compliance Validation should pass when score is 80 or above","invocations":1,"location":null,"numPassingAsserts":1,"retryReasons":[],"status":"passed","title":"should pass when score is 80 or above"},{"ancestorTitles":["AccessibilityService","WCAG Compliance Validation"],"duration":117,"failureDetails":[],"failureMessages":[],"fullName":"AccessibilityService WCAG Compliance Validation should include proper issue structure","invocations":1,"location":null,"numPassingAsserts":40,"retryReasons":[],"status":"passed","title":"should include proper issue structure"},{"ancestorTitles":["AccessibilityService","Color Contrast Validation"],"duration":102,"failureDetails":[],"failureMessages":[],"fullName":"AccessibilityService Color Contrast Validation should calculate contrast ratio correctly","invocations":1,"location":null,"numPassingAsserts":2,"retryReasons":[],"status":"passed","title":"should calculate contrast ratio correctly"},{"ancestorTitles":["AccessibilityService","Color Contrast Validation"],"duration":108,"failureDetails":[],"failureMessages":[],"fullName":"AccessibilityService Color Contrast Validation should validate hex to RGB conversion","invocations":1,"location":null,"numPassingAsserts":5,"retryReasons":[],"status":"passed","title":"should validate hex to RGB conversion"},{"ancestorTitles":["AccessibilityService","Color Contrast Validation"],"duration":110,"failureDetails":[],"failureMessages":[],"fullName":"AccessibilityService Color Contrast Validation should calculate luminance correctly","invocations":1,"location":null,"numPassingAsserts":4,"retryReasons":[],"status":"passed","title":"should calculate luminance correctly"},{"ancestorTitles":["AccessibilityService","Color Contrast Validation"],"duration":113,"failureDetails":[],"failureMessages":[],"fullName":"AccessibilityService Color Contrast Validation should identify AA and AAA compliance levels","invocations":1,"location":null,"numPassingAsserts":36,"retryReasons":[],"status":"passed","title":"should identify AA and AAA compliance levels"},{"ancestorTitles":["AccessibilityService","Screen Reader Support"],"duration":214,"failureDetails":[],"failureMessages":[],"fullName":"AccessibilityService Screen Reader Support should detect screen reader state","invocations":1,"location":null,"numPassingAsserts":1,"retryReasons":[],"status":"passed","title":"should detect screen reader state"},{"ancestorTitles":["AccessibilityService","Screen Reader Support"],"duration":107,"failureDetails":[],"failureMessages":[],"fullName":"AccessibilityService Screen Reader Support should provide accessible props","invocations":1,"location":null,"numPassingAsserts":1,"retryReasons":[],"status":"passed","title":"should provide accessible props"},{"ancestorTitles":["AccessibilityService","Screen Reader Support"],"duration":108,"failureDetails":[],"failureMessages":[],"fullName":"AccessibilityService Screen Reader Support should handle minimal accessible props","invocations":1,"location":null,"numPassingAsserts":1,"retryReasons":[],"status":"passed","title":"should handle minimal accessible props"},{"ancestorTitles":["AccessibilityService","Screen Reader Support"],"duration":109,"failureDetails":[],"failureMessages":[],"fullName":"AccessibilityService Screen Reader Support should announce messages for accessibility","invocations":1,"location":null,"numPassingAsserts":1,"retryReasons":[],"status":"passed","title":"should announce messages for accessibility"},{"ancestorTitles":["AccessibilityService","System State Detection"],"duration":107,"failureDetails":[],"failureMessages":[],"fullName":"AccessibilityService System State Detection should track screen reader state","invocations":1,"location":null,"numPassingAsserts":1,"retryReasons":[],"status":"passed","title":"should track screen reader state"},{"ancestorTitles":["AccessibilityService","System State Detection"],"duration":108,"failureDetails":[],"failureMessages":[],"fullName":"AccessibilityService System State Detection should track reduce motion state","invocations":1,"location":null,"numPassingAsserts":1,"retryReasons":[],"status":"passed","title":"should track reduce motion state"},{"ancestorTitles":["AccessibilityService","System State Detection"],"duration":110,"failureDetails":[],"failureMessages":[],"fullName":"AccessibilityService System State Detection should listen for accessibility changes","invocations":1,"location":null,"numPassingAsserts":1,"retryReasons":[],"status":"passed","title":"should listen for accessibility changes"},{"ancestorTitles":["AccessibilityService","Accessibility Report Generation"],"duration":109,"failureDetails":[],"failureMessages":[],"fullName":"AccessibilityService Accessibility Report Generation should generate comprehensive accessibility report","invocations":1,"location":null,"numPassingAsserts":8,"retryReasons":[],"status":"passed","title":"should generate comprehensive accessibility report"},{"ancestorTitles":["AccessibilityService","Accessibility Report Generation"],"duration":109,"failureDetails":[],"failureMessages":[],"fullName":"AccessibilityService Accessibility Report Generation should include issues in report when present","invocations":1,"location":null,"numPassingAsserts":2,"retryReasons":[],"status":"passed","title":"should include issues in report when present"},{"ancestorTitles":["AccessibilityService","Accessibility Report Generation"],"duration":109,"failureDetails":[],"failureMessages":[],"fullName":"AccessibilityService Accessibility Report Generation should include recommendations in report","invocations":1,"location":null,"numPassingAsserts":3,"retryReasons":[],"status":"passed","title":"should include recommendations in report"},{"ancestorTitles":["AccessibilityService","Accessibility Report Generation"],"duration":109,"failureDetails":[],"failureMessages":[],"fullName":"AccessibilityService Accessibility Report Generation should show proper status indicators","invocations":1,"location":null,"numPassingAsserts":1,"retryReasons":[],"status":"passed","title":"should show proper status indicators"},{"ancestorTitles":["AccessibilityService","Edge Cases and Error Handling"],"duration":106,"failureDetails":[],"failureMessages":[],"fullName":"AccessibilityService Edge Cases and Error Handling should handle invalid color inputs gracefully","invocations":1,"location":null,"numPassingAsserts":4,"retryReasons":[],"status":"passed","title":"should handle invalid color inputs gracefully"},{"ancestorTitles":["AccessibilityService","Edge Cases and Error Handling"],"duration":109,"failureDetails":[],"failureMessages":[],"fullName":"AccessibilityService Edge Cases and Error Handling should handle accessibility info errors gracefully","invocations":1,"location":null,"numPassingAsserts":1,"retryReasons":[],"status":"passed","title":"should handle accessibility info errors gracefully"},{"ancestorTitles":["AccessibilityService","Edge Cases and Error Handling"],"duration":110,"failureDetails":[],"failureMessages":[],"fullName":"AccessibilityService Edge Cases and Error Handling should provide fallback values when validation fails","invocations":1,"location":null,"numPassingAsserts":5,"retryReasons":[],"status":"passed","title":"should provide fallback values when validation fails"},{"ancestorTitles":["AccessibilityService","Singleton Pattern"],"duration":108,"failureDetails":[],"failureMessages":[],"fullName":"AccessibilityService Singleton Pattern should return the same instance","invocations":1,"location":null,"numPassingAsserts":1,"retryReasons":[],"status":"passed","title":"should return the same instance"}],"endTime":1755967113136,"message":"","name":"C:\\AYNAMODA\\__tests__\\services\\accessibilityService.test.ts","startTime":1755967110035,"status":"passed","summary":""},{"assertionResults":[{"ancestorTitles":["NotificationService","Initialization"],"duration":1,"failureDetails":[],"failureMessages":[],"fullName":"NotificationService Initialization should initialize successfully with granted permissions","invocations":1,"location":null,"numPassingAsserts":2,"retryReasons":[],"status":"passed","title":"should initialize successfully with granted permissions"},{"ancestorTitles":["NotificationService","Initialization"],"duration":0,"failureDetails":[],"failureMessages":[],"fullName":"NotificationService Initialization should request permissions if not already granted","invocations":1,"location":null,"numPassingAsserts":2,"retryReasons":[],"status":"passed","title":"should request permissions if not already granted"},{"ancestorTitles":["NotificationService","Initialization"],"duration":0,"failureDetails":[],"failureMessages":[],"fullName":"NotificationService Initialization should return false if permissions are denied","invocations":1,"location":null,"numPassingAsserts":1,"retryReasons":[],"status":"passed","title":"should return false if permissions are denied"},{"ancestorTitles":["NotificationService","Daily Mirror Notifications"],"duration":2,"failureDetails":[],"failureMessages":[],"fullName":"NotificationService Daily Mirror Notifications should schedule daily mirror notification with correct content","invocations":1,"location":null,"numPassingAsserts":1,"retryReasons":[],"status":"passed","title":"should schedule daily mirror notification with correct content"},{"ancestorTitles":["NotificationService","Daily Mirror Notifications"],"duration":0,"failureDetails":[],"failureMessages":[],"fullName":"NotificationService Daily Mirror Notifications should store scheduled notification info","invocations":1,"location":null,"numPassingAsserts":1,"retryReasons":[],"status":"passed","title":"should store scheduled notification info"},{"ancestorTitles":["NotificationService","Daily Mirror Notifications"],"duration":1,"failureDetails":[],"failureMessages":[],"fullName":"NotificationService Daily Mirror Notifications should cancel existing daily notifications before scheduling new ones","invocations":1,"location":null,"numPassingAsserts":1,"retryReasons":[],"status":"passed","title":"should cancel existing daily notifications before scheduling new ones"},{"ancestorTitles":["NotificationService","Feedback Prompts"],"duration":12,"failureDetails":[],"failureMessages":[],"fullName":"NotificationService Feedback Prompts should schedule feedback prompt with correct content","invocations":1,"location":null,"numPassingAsserts":1,"retryReasons":[],"status":"passed","title":"should schedule feedback prompt with correct content"},{"ancestorTitles":["NotificationService","Feedback Prompts"],"duration":0,"failureDetails":[],"failureMessages":[],"fullName":"NotificationService Feedback Prompts should schedule feedback prompt with custom delay","invocations":1,"location":null,"numPassingAsserts":1,"retryReasons":[],"status":"passed","title":"should schedule feedback prompt with custom delay"},{"ancestorTitles":["NotificationService","Re-engagement Messages"],"duration":1,"failureDetails":[],"failureMessages":[],"fullName":"NotificationService Re-engagement Messages should send appropriate message for 3 days inactive","invocations":1,"location":null,"numPassingAsserts":1,"retryReasons":[],"status":"passed","title":"should send appropriate message for 3 days inactive"},{"ancestorTitles":["NotificationService","Re-engagement Messages"],"duration":0,"failureDetails":[],"failureMessages":[],"fullName":"NotificationService Re-engagement Messages should send appropriate message for 7 days inactive","invocations":1,"location":null,"numPassingAsserts":1,"retryReasons":[],"status":"passed","title":"should send appropriate message for 7 days inactive"},{"ancestorTitles":["NotificationService","Re-engagement Messages"],"duration":0,"failureDetails":[],"failureMessages":[],"fullName":"NotificationService Re-engagement Messages should send appropriate message for long-term inactive users","invocations":1,"location":null,"numPassingAsserts":1,"retryReasons":[],"status":"passed","title":"should send appropriate message for long-term inactive users"},{"ancestorTitles":["NotificationService","Notification Timing Optimization"],"duration":1,"failureDetails":[],"failureMessages":[],"fullName":"NotificationService Notification Timing Optimization should optimize timing based on engagement history","invocations":1,"location":null,"numPassingAsserts":2,"retryReasons":[],"status":"passed","title":"should optimize timing based on engagement history"},{"ancestorTitles":["NotificationService","Notification Timing Optimization"],"duration":0,"failureDetails":[],"failureMessages":[],"fullName":"NotificationService Notification Timing Optimization should return default 6 AM if no engagement history","invocations":1,"location":null,"numPassingAsserts":2,"retryReasons":[],"status":"passed","title":"should return default 6 AM if no engagement history"},{"ancestorTitles":["NotificationService","Timezone Handling"],"duration":1,"failureDetails":[],"failureMessages":[],"fullName":"NotificationService Timezone Handling should handle timezone changes and reschedule notifications","invocations":1,"location":null,"numPassingAsserts":2,"retryReasons":[],"status":"passed","title":"should handle timezone changes and reschedule notifications"},{"ancestorTitles":["NotificationService","Notification Management"],"duration":0,"failureDetails":[],"failureMessages":[],"fullName":"NotificationService Notification Management should cancel all scheduled notifications for a user","invocations":1,"location":null,"numPassingAsserts":3,"retryReasons":[],"status":"passed","title":"should cancel all scheduled notifications for a user"},{"ancestorTitles":["NotificationService","Notification Management"],"duration":1,"failureDetails":[],"failureMessages":[],"fullName":"NotificationService Notification Management should check if notifications are enabled","invocations":1,"location":null,"numPassingAsserts":2,"retryReasons":[],"status":"passed","title":"should check if notifications are enabled"},{"ancestorTitles":["NotificationService","Notification Management"],"duration":0,"failureDetails":[],"failureMessages":[],"fullName":"NotificationService Notification Management should return false if notifications are not enabled","invocations":1,"location":null,"numPassingAsserts":1,"retryReasons":[],"status":"passed","title":"should return false if notifications are not enabled"},{"ancestorTitles":["NotificationService","Time Calculations"],"duration":0,"failureDetails":[],"failureMessages":[],"fullName":"NotificationService Time Calculations should calculate next notification time correctly","invocations":1,"location":null,"numPassingAsserts":3,"retryReasons":[],"status":"passed","title":"should calculate next notification time correctly"},{"ancestorTitles":["NotificationService","Error Handling and Retry Logic"],"duration":1218,"failureDetails":[],"failureMessages":[],"fullName":"NotificationService Error Handling and Retry Logic should handle getPushTokenSafely retry logic","invocations":1,"location":null,"numPassingAsserts":2,"retryReasons":[],"status":"passed","title":"should handle getPushTokenSafely retry logic"},{"ancestorTitles":["NotificationService","Error Handling and Retry Logic"],"duration":1216,"failureDetails":[],"failureMessages":[],"fullName":"NotificationService Error Handling and Retry Logic should return null after all retries fail in getPushTokenSafely","invocations":1,"location":null,"numPassingAsserts":2,"retryReasons":[],"status":"passed","title":"should return null after all retries fail in getPushTokenSafely"},{"ancestorTitles":["NotificationService","Error Handling and Retry Logic"],"duration":8,"failureDetails":[],"failureMessages":[],"fullName":"NotificationService Error Handling and Retry Logic should return null in Expo Go environment","invocations":1,"location":null,"numPassingAsserts":1,"retryReasons":[],"status":"passed","title":"should return null in Expo Go environment"},{"ancestorTitles":["NotificationService","Error Handling and Retry Logic"],"duration":0,"failureDetails":[],"failureMessages":[],"fullName":"NotificationService Error Handling and Retry Logic should handle notification scheduling errors gracefully","invocations":1,"location":null,"numPassingAsserts":1,"retryReasons":[],"status":"passed","title":"should handle notification scheduling errors gracefully"},{"ancestorTitles":["NotificationService","Error Handling and Retry Logic"],"duration":0,"failureDetails":[],"failureMessages":[],"fullName":"NotificationService Error Handling and Retry Logic should handle areNotificationsEnabled errors","invocations":1,"location":null,"numPassingAsserts":1,"retryReasons":[],"status":"passed","title":"should handle areNotificationsEnabled errors"},{"ancestorTitles":["NotificationService","Error Handling and Retry Logic"],"duration":1,"failureDetails":[],"failureMessages":[],"fullName":"NotificationService Error Handling and Retry Logic should handle initialization errors when notifications unavailable","invocations":1,"location":null,"numPassingAsserts":1,"retryReasons":[],"status":"passed","title":"should handle initialization errors when notifications unavailable"}],"endTime":1755967115840,"message":"","name":"C:\\AYNAMODA\\__tests__\\notificationService.test.ts","startTime":1755967113267,"status":"passed","summary":""},{"assertionResults":[{"ancestorTitles":["NotificationService","initialize"],"duration":0,"failureDetails":[],"failureMessages":[],"fullName":"NotificationService initialize should initialize successfully with granted permissions","invocations":1,"location":null,"numPassingAsserts":1,"retryReasons":[],"status":"passed","title":"should initialize successfully with granted permissions"},{"ancestorTitles":["NotificationService","initialize"],"duration":1,"failureDetails":[],"failureMessages":[],"fullName":"NotificationService initialize should handle permission request when not granted initially","invocations":1,"location":null,"numPassingAsserts":1,"retryReasons":[],"status":"passed","title":"should handle permission request when not granted initially"},{"ancestorTitles":["NotificationService","initialize"],"duration":0,"failureDetails":[],"failureMessages":[],"fullName":"NotificationService initialize should return false when permissions are denied","invocations":1,"location":null,"numPassingAsserts":1,"retryReasons":[],"status":"passed","title":"should return false when permissions are denied"},{"ancestorTitles":["NotificationService","initialize"],"duration":0,"failureDetails":[],"failureMessages":[],"fullName":"NotificationService initialize should handle Android notification channels","invocations":1,"location":null,"numPassingAsserts":3,"retryReasons":[],"status":"passed","title":"should handle Android notification channels"},{"ancestorTitles":["NotificationService","scheduleDailyMirrorNotification"],"duration":1,"failureDetails":[],"failureMessages":[],"fullName":"NotificationService scheduleDailyMirrorNotification should schedule daily mirror notification successfully","invocations":1,"location":null,"numPassingAsserts":1,"retryReasons":[],"status":"passed","title":"should schedule daily mirror notification successfully"},{"ancestorTitles":["NotificationService","scheduleDailyMirrorNotification"],"duration":13,"failureDetails":[],"failureMessages":[],"fullName":"NotificationService scheduleDailyMirrorNotification should handle scheduling errors with retry mechanism","invocations":1,"location":null,"numPassingAsserts":2,"retryReasons":[],"status":"passed","title":"should handle scheduling errors with retry mechanism"},{"ancestorTitles":["NotificationService","scheduleFeedbackPrompt"],"duration":1,"failureDetails":[],"failureMessages":[],"fullName":"NotificationService scheduleFeedbackPrompt should schedule feedback prompt with correct delay","invocations":1,"location":null,"numPassingAsserts":1,"retryReasons":[],"status":"passed","title":"should schedule feedback prompt with correct delay"},{"ancestorTitles":["NotificationService","scheduleFeedbackPrompt"],"duration":0,"failureDetails":[],"failureMessages":[],"fullName":"NotificationService scheduleFeedbackPrompt should handle feedback prompt scheduling errors","invocations":1,"location":null,"numPassingAsserts":1,"retryReasons":[],"status":"passed","title":"should handle feedback prompt scheduling errors"},{"ancestorTitles":["NotificationService","sendReEngagementMessage"],"duration":0,"failureDetails":[],"failureMessages":[],"fullName":"NotificationService sendReEngagementMessage should send re-engagement message for 2 days inactive","invocations":1,"location":null,"numPassingAsserts":1,"retryReasons":[],"status":"passed","title":"should send re-engagement message for 2 days inactive"},{"ancestorTitles":["NotificationService","sendReEngagementMessage"],"duration":1,"failureDetails":[],"failureMessages":[],"fullName":"NotificationService sendReEngagementMessage should send different message for 5 days inactive","invocations":1,"location":null,"numPassingAsserts":1,"retryReasons":[],"status":"passed","title":"should send different message for 5 days inactive"},{"ancestorTitles":["NotificationService","sendReEngagementMessage"],"duration":0,"failureDetails":[],"failureMessages":[],"fullName":"NotificationService sendReEngagementMessage should send different message for 10 days inactive","invocations":1,"location":null,"numPassingAsserts":1,"retryReasons":[],"status":"passed","title":"should send different message for 10 days inactive"},{"ancestorTitles":["NotificationService","optimizeNotificationTiming"],"duration":0,"failureDetails":[],"failureMessages":[],"fullName":"NotificationService optimizeNotificationTiming should calculate optimal time from preferred interaction times","invocations":1,"location":null,"numPassingAsserts":3,"retryReasons":[],"status":"passed","title":"should calculate optimal time from preferred interaction times"},{"ancestorTitles":["NotificationService","optimizeNotificationTiming"],"duration":1,"failureDetails":[],"failureMessages":[],"fullName":"NotificationService optimizeNotificationTiming should use averageOpenTime when no preferred times available","invocations":1,"location":null,"numPassingAsserts":2,"retryReasons":[],"status":"passed","title":"should use averageOpenTime when no preferred times available"},{"ancestorTitles":["NotificationService","optimizeNotificationTiming"],"duration":0,"failureDetails":[],"failureMessages":[],"fullName":"NotificationService optimizeNotificationTiming should default to 6 AM when no history available","invocations":1,"location":null,"numPassingAsserts":2,"retryReasons":[],"status":"passed","title":"should default to 6 AM when no history available"},{"ancestorTitles":["NotificationService","optimizeNotificationTiming"],"duration":0,"failureDetails":[],"failureMessages":[],"fullName":"NotificationService optimizeNotificationTiming should handle errors and fallback to 6 AM","invocations":1,"location":null,"numPassingAsserts":1,"retryReasons":[],"status":"passed","title":"should handle errors and fallback to 6 AM"},{"ancestorTitles":["NotificationService","handleTimezoneChange"],"duration":1,"failureDetails":[],"failureMessages":[],"fullName":"NotificationService handleTimezoneChange should reschedule notifications with new timezone","invocations":1,"location":null,"numPassingAsserts":1,"retryReasons":[],"status":"passed","title":"should reschedule notifications with new timezone"},{"ancestorTitles":["NotificationService","cancelScheduledNotifications"],"duration":0,"failureDetails":[],"failureMessages":[],"fullName":"NotificationService cancelScheduledNotifications should cancel all scheduled notifications for user","invocations":1,"location":null,"numPassingAsserts":2,"retryReasons":[],"status":"passed","title":"should cancel all scheduled notifications for user"},{"ancestorTitles":["NotificationService","areNotificationsEnabled"],"duration":0,"failureDetails":[],"failureMessages":[],"fullName":"NotificationService areNotificationsEnabled should return true when permissions are granted","invocations":1,"location":null,"numPassingAsserts":1,"retryReasons":[],"status":"passed","title":"should return true when permissions are granted"},{"ancestorTitles":["NotificationService","areNotificationsEnabled"],"duration":0,"failureDetails":[],"failureMessages":[],"fullName":"NotificationService areNotificationsEnabled should return false when permissions are denied","invocations":1,"location":null,"numPassingAsserts":1,"retryReasons":[],"status":"passed","title":"should return false when permissions are denied"},{"ancestorTitles":["NotificationService","areNotificationsEnabled"],"duration":1,"failureDetails":[],"failureMessages":[],"fullName":"NotificationService areNotificationsEnabled should return false when notifications are not available","invocations":1,"location":null,"numPassingAsserts":1,"retryReasons":[],"status":"passed","title":"should return false when notifications are not available"},{"ancestorTitles":["NotificationService","getNotificationToken"],"duration":0,"failureDetails":[],"failureMessages":[],"fullName":"NotificationService getNotificationToken should return notification token after initialization","invocations":1,"location":null,"numPassingAsserts":1,"retryReasons":[],"status":"passed","title":"should return notification token after initialization"},{"ancestorTitles":["NotificationService","getNotificationToken"],"duration":0,"failureDetails":[],"failureMessages":[],"fullName":"NotificationService getNotificationToken should return null when not initialized","invocations":1,"location":null,"numPassingAsserts":1,"retryReasons":[],"status":"passed","title":"should return null when not initialized"},{"ancestorTitles":["getPushTokenSafely"],"duration":0,"failureDetails":[],"failureMessages":[],"fullName":"getPushTokenSafely should return token when not in Expo Go","invocations":1,"location":null,"numPassingAsserts":1,"retryReasons":[],"status":"passed","title":"should return token when not in Expo Go"},{"ancestorTitles":["getPushTokenSafely"],"duration":1225,"failureDetails":[],"failureMessages":[],"fullName":"getPushTokenSafely should retry on failure and return null after max retries","invocations":1,"location":null,"numPassingAsserts":2,"retryReasons":[],"status":"passed","title":"should retry on failure and return null after max retries"},{"ancestorTitles":["getPushTokenSafely"],"duration":404,"failureDetails":[],"failureMessages":[],"fullName":"getPushTokenSafely should return token on successful retry","invocations":1,"location":null,"numPassingAsserts":2,"retryReasons":[],"status":"passed","title":"should return token on successful retry"}],"endTime":1755967117586,"message":"","name":"C:\\AYNAMODA\\__tests__\\services\\notificationService.test.ts","startTime":1755967115846,"status":"passed","summary":""},{"assertionResults":[{"ancestorTitles":["OnboardingFlow"],"duration":9,"failureDetails":[],"failureMessages":[],"fullName":"OnboardingFlow should render without crashing","invocations":1,"location":null,"numPassingAsserts":1,"retryReasons":[],"status":"passed","title":"should render without crashing"},{"ancestorTitles":["OnboardingFlow"],"duration":3,"failureDetails":[],"failureMessages":[],"fullName":"OnboardingFlow başlangıçta hoş geldin ekranını gösterir","invocations":1,"location":null,"numPassingAsserts":3,"retryReasons":[],"status":"passed","title":"başlangıçta hoş geldin ekranını gösterir"},{"ancestorTitles":["OnboardingFlow"],"duration":9,"failureDetails":[],"failureMessages":[],"fullName":"OnboardingFlow onboarding adımlarında doğru şekilde gezinir","invocations":1,"location":null,"numPassingAsserts":3,"retryReasons":[],"status":"passed","title":"onboarding adımlarında doğru şekilde gezinir"},{"ancestorTitles":["OnboardingFlow"],"duration":22,"failureDetails":[],"failureMessages":[],"fullName":"OnboardingFlow stil tercihi seçimini doğru şekilde yönetir","invocations":1,"location":null,"numPassingAsserts":5,"retryReasons":[],"status":"passed","title":"stil tercihi seçimini doğru şekilde yönetir"},{"ancestorTitles":["OnboardingFlow"],"duration":1026,"failureDetails":[],"failureMessages":[],"fullName":"OnboardingFlow bildirim izni talebini yönetir","invocations":1,"location":null,"numPassingAsserts":1,"retryReasons":[],"status":"passed","title":"bildirim izni talebini yönetir"},{"ancestorTitles":["OnboardingFlow"],"duration":2,"failureDetails":[],"failureMessages":[],"fullName":"OnboardingFlow onboarding akışını başarıyla tamamlar","invocations":1,"location":null,"numPassingAsserts":3,"retryReasons":[],"status":"passed","title":"onboarding akışını başarıyla tamamlar"},{"ancestorTitles":["OnboardingFlow"],"duration":1,"failureDetails":[],"failureMessages":[],"fullName":"OnboardingFlow gardırop öğesi eklemeyi yönetir","invocations":1,"location":null,"numPassingAsserts":2,"retryReasons":[],"status":"passed","title":"gardırop öğesi eklemeyi yönetir"},{"ancestorTitles":["OnboardingFlow"],"duration":69,"failureDetails":[],"failureMessages":[],"fullName":"OnboardingFlow resim seçici galeri seçimini yönetir","invocations":1,"location":null,"numPassingAsserts":2,"retryReasons":[],"status":"passed","title":"resim seçici galeri seçimini yönetir"},{"ancestorTitles":["OnboardingFlow"],"duration":5,"failureDetails":[],"failureMessages":[],"fullName":"OnboardingFlow izin reddedilme senaryolarını zarif şekilde yönetir","invocations":1,"location":null,"numPassingAsserts":2,"retryReasons":[],"status":"passed","title":"izin reddedilme senaryolarını zarif şekilde yönetir"},{"ancestorTitles":["OnboardingFlow"],"duration":9,"failureDetails":[],"failureMessages":[],"fullName":"OnboardingFlow stil tercihi formunu doğrular","invocations":1,"location":null,"numPassingAsserts":4,"retryReasons":[],"status":"passed","title":"stil tercihi formunu doğrular"},{"ancestorTitles":["OnboardingFlow"],"duration":3,"failureDetails":[],"failureMessages":[],"fullName":"OnboardingFlow örnek kıyafet gezinmesini doğru şekilde yönetir","invocations":1,"location":null,"numPassingAsserts":3,"retryReasons":[],"status":"passed","title":"örnek kıyafet gezinmesini doğru şekilde yönetir"}],"endTime":1755967119064,"message":"","name":"C:\\AYNAMODA\\__tests__\\onboardingFlow.test.tsx","startTime":1755967117593,"status":"passed","summary":""},{"assertionResults":[{"ancestorTitles":["OutfitRecommendationCard","Rendering"],"duration":7,"failureDetails":[],"failureMessages":[],"fullName":"OutfitRecommendationCard Rendering should render outfit recommendation card","invocations":1,"location":null,"numPassingAsserts":2,"retryReasons":[],"status":"passed","title":"should render outfit recommendation card"},{"ancestorTitles":["OutfitRecommendationCard","Rendering"],"duration":2,"failureDetails":[],"failureMessages":[],"fullName":"OutfitRecommendationCard Rendering should display quick option badge when isQuickOption is true","invocations":1,"location":null,"numPassingAsserts":1,"retryReasons":[],"status":"passed","title":"should display quick option badge when isQuickOption is true"},{"ancestorTitles":["OutfitRecommendationCard","Rendering"],"duration":1,"failureDetails":[],"failureMessages":[],"fullName":"OutfitRecommendationCard Rendering should not display quick option badge when isQuickOption is false","invocations":1,"location":null,"numPassingAsserts":1,"retryReasons":[],"status":"passed","title":"should not display quick option badge when isQuickOption is false"},{"ancestorTitles":["OutfitRecommendationCard","Rendering"],"duration":2,"failureDetails":[],"failureMessages":[],"fullName":"OutfitRecommendationCard Rendering should display confidence score","invocations":1,"location":null,"numPassingAsserts":1,"retryReasons":[],"status":"passed","title":"should display confidence score"},{"ancestorTitles":["OutfitRecommendationCard","Rendering"],"duration":2,"failureDetails":[],"failureMessages":[],"fullName":"OutfitRecommendationCard Rendering should display item dots for each item","invocations":1,"location":null,"numPassingAsserts":1,"retryReasons":[],"status":"passed","title":"should display item dots for each item"},{"ancestorTitles":["OutfitRecommendationCard","Rendering"],"duration":5,"failureDetails":[],"failureMessages":[],"fullName":"OutfitRecommendationCard Rendering should display more items indicator when more than 4 items","invocations":1,"location":null,"numPassingAsserts":1,"retryReasons":[],"status":"passed","title":"should display more items indicator when more than 4 items"},{"ancestorTitles":["OutfitRecommendationCard","Interactions"],"duration":2,"failureDetails":[],"failureMessages":[],"fullName":"OutfitRecommendationCard Interactions should call onSelect when card is pressed","invocations":1,"location":null,"numPassingAsserts":2,"retryReasons":[],"status":"passed","title":"should call onSelect when card is pressed"},{"ancestorTitles":["OutfitRecommendationCard","Interactions"],"duration":1,"failureDetails":[],"failureMessages":[],"fullName":"OutfitRecommendationCard Interactions should call onQuickAction when quick action button is pressed","invocations":1,"location":null,"numPassingAsserts":2,"retryReasons":[],"status":"passed","title":"should call onQuickAction when quick action button is pressed"},{"ancestorTitles":["OutfitRecommendationCard","Interactions"],"duration":2,"failureDetails":[],"failureMessages":[],"fullName":"OutfitRecommendationCard Interactions should handle all quick action types","invocations":1,"location":null,"numPassingAsserts":4,"retryReasons":[],"status":"passed","title":"should handle all quick action types"},{"ancestorTitles":["OutfitRecommendationCard","Selection State"],"duration":2,"failureDetails":[],"failureMessages":[],"fullName":"OutfitRecommendationCard Selection State should apply selection styling when isSelected is true","invocations":1,"location":null,"numPassingAsserts":0,"retryReasons":[],"status":"passed","title":"should apply selection styling when isSelected is true"},{"ancestorTitles":["OutfitRecommendationCard","Image Handling"],"duration":2,"failureDetails":[],"failureMessages":[],"fullName":"OutfitRecommendationCard Image Handling should display fallback when image fails to load","invocations":1,"location":null,"numPassingAsserts":1,"retryReasons":[],"status":"passed","title":"should display fallback when image fails to load"},{"ancestorTitles":["OutfitRecommendationCard","Image Handling"],"duration":1,"failureDetails":[],"failureMessages":[],"fullName":"OutfitRecommendationCard Image Handling should handle missing image URIs gracefully","invocations":1,"location":null,"numPassingAsserts":1,"retryReasons":[],"status":"passed","title":"should handle missing image URIs gracefully"},{"ancestorTitles":["OutfitRecommendationCard","Accessibility"],"duration":2,"failureDetails":[],"failureMessages":[],"fullName":"OutfitRecommendationCard Accessibility should have proper accessibility labels","invocations":1,"location":null,"numPassingAsserts":1,"retryReasons":[],"status":"passed","title":"should have proper accessibility labels"},{"ancestorTitles":["OutfitRecommendationCard","Accessibility"],"duration":1,"failureDetails":[],"failureMessages":[],"fullName":"OutfitRecommendationCard Accessibility should have accessibility hints","invocations":1,"location":null,"numPassingAsserts":1,"retryReasons":[],"status":"passed","title":"should have accessibility hints"},{"ancestorTitles":["OutfitRecommendationCard","Accessibility"],"duration":2,"failureDetails":[],"failureMessages":[],"fullName":"OutfitRecommendationCard Accessibility should have proper button roles","invocations":1,"location":null,"numPassingAsserts":4,"retryReasons":[],"status":"passed","title":"should have proper button roles"},{"ancestorTitles":["OutfitRecommendationCard","Accessibility"],"duration":2,"failureDetails":[],"failureMessages":[],"fullName":"OutfitRecommendationCard Accessibility should have accessibility labels for quick actions","invocations":1,"location":null,"numPassingAsserts":3,"retryReasons":[],"status":"passed","title":"should have accessibility labels for quick actions"},{"ancestorTitles":["OutfitRecommendationCard","Animation Delays"],"duration":1,"failureDetails":[],"failureMessages":[],"fullName":"OutfitRecommendationCard Animation Delays should handle animation delay prop","invocations":1,"location":null,"numPassingAsserts":1,"retryReasons":[],"status":"passed","title":"should handle animation delay prop"},{"ancestorTitles":["OutfitRecommendationCard","Animation Delays"],"duration":1,"failureDetails":[],"failureMessages":[],"fullName":"OutfitRecommendationCard Animation Delays should work without animation delay","invocations":1,"location":null,"numPassingAsserts":1,"retryReasons":[],"status":"passed","title":"should work without animation delay"},{"ancestorTitles":["OutfitRecommendationCard","Responsive Design"],"duration":1,"failureDetails":[],"failureMessages":[],"fullName":"OutfitRecommendationCard Responsive Design should adapt to tablet dimensions","invocations":1,"location":null,"numPassingAsserts":1,"retryReasons":[],"status":"passed","title":"should adapt to tablet dimensions"}],"endTime":1755967119235,"message":"","name":"C:\\AYNAMODA\\__tests__\\outfitRecommendationCard.test.tsx","startTime":1755967119071,"status":"passed","summary":""},{"assertionResults":[{"ancestorTitles":["ConfidenceNote","Rendering"],"duration":6,"failureDetails":[],"failureMessages":[],"fullName":"ConfidenceNote Rendering should render confidence note text","invocations":1,"location":null,"numPassingAsserts":1,"retryReasons":[],"status":"passed","title":"should render confidence note text"},{"ancestorTitles":["ConfidenceNote","Rendering"],"duration":1,"failureDetails":[],"failureMessages":[],"fullName":"ConfidenceNote Rendering should display confidence score","invocations":1,"location":null,"numPassingAsserts":1,"retryReasons":[],"status":"passed","title":"should display confidence score"},{"ancestorTitles":["ConfidenceNote","Rendering"],"duration":1,"failureDetails":[],"failureMessages":[],"fullName":"ConfidenceNote Rendering should display confidence level text","invocations":1,"location":null,"numPassingAsserts":1,"retryReasons":[],"status":"passed","title":"should display confidence level text"},{"ancestorTitles":["ConfidenceNote","Confidence Levels"],"duration":0,"failureDetails":[],"failureMessages":[],"fullName":"ConfidenceNote Confidence Levels should display exceptional confidence for high scores","invocations":1,"location":null,"numPassingAsserts":1,"retryReasons":[],"status":"passed","title":"should display exceptional confidence for high scores"},{"ancestorTitles":["ConfidenceNote","Confidence Levels"],"duration":1,"failureDetails":[],"failureMessages":[],"fullName":"ConfidenceNote Confidence Levels should display high confidence for good scores","invocations":1,"location":null,"numPassingAsserts":1,"retryReasons":[],"status":"passed","title":"should display high confidence for good scores"},{"ancestorTitles":["ConfidenceNote","Confidence Levels"],"duration":1,"failureDetails":[],"failureMessages":[],"fullName":"ConfidenceNote Confidence Levels should display moderate confidence for average scores","invocations":1,"location":null,"numPassingAsserts":1,"retryReasons":[],"status":"passed","title":"should display moderate confidence for average scores"},{"ancestorTitles":["ConfidenceNote","Confidence Levels"],"duration":1,"failureDetails":[],"failureMessages":[],"fullName":"ConfidenceNote Confidence Levels should display building confidence for lower scores","invocations":1,"location":null,"numPassingAsserts":1,"retryReasons":[],"status":"passed","title":"should display building confidence for lower scores"},{"ancestorTitles":["ConfidenceNote","Confidence Icons"],"duration":1,"failureDetails":[],"failureMessages":[],"fullName":"ConfidenceNote Confidence Icons should show star icon for exceptional confidence","invocations":1,"location":null,"numPassingAsserts":0,"retryReasons":[],"status":"passed","title":"should show star icon for exceptional confidence"},{"ancestorTitles":["ConfidenceNote","Confidence Icons"],"duration":1,"failureDetails":[],"failureMessages":[],"fullName":"ConfidenceNote Confidence Icons should show heart icon for high confidence","invocations":1,"location":null,"numPassingAsserts":0,"retryReasons":[],"status":"passed","title":"should show heart icon for high confidence"},{"ancestorTitles":["ConfidenceNote","Confidence Icons"],"duration":2,"failureDetails":[],"failureMessages":[],"fullName":"ConfidenceNote Confidence Icons should show appropriate icon for each confidence level","invocations":1,"location":null,"numPassingAsserts":0,"retryReasons":[],"status":"passed","title":"should show appropriate icon for each confidence level"},{"ancestorTitles":["ConfidenceNote","Confidence Bar"],"duration":1,"failureDetails":[],"failureMessages":[],"fullName":"ConfidenceNote Confidence Bar should display confidence bar with correct fill percentage","invocations":1,"location":null,"numPassingAsserts":0,"retryReasons":[],"status":"passed","title":"should display confidence bar with correct fill percentage"},{"ancestorTitles":["ConfidenceNote","Confidence Bar"],"duration":2,"failureDetails":[],"failureMessages":[],"fullName":"ConfidenceNote Confidence Bar should handle edge cases for confidence scores","invocations":1,"location":null,"numPassingAsserts":3,"retryReasons":[],"status":"passed","title":"should handle edge cases for confidence scores"},{"ancestorTitles":["ConfidenceNote","Confidence Bar"],"duration":1,"failureDetails":[],"failureMessages":[],"fullName":"ConfidenceNote Confidence Bar should cap confidence bar at 100%","invocations":1,"location":null,"numPassingAsserts":0,"retryReasons":[],"status":"passed","title":"should cap confidence bar at 100%"},{"ancestorTitles":["ConfidenceNote","Styling and Theming"],"duration":0,"failureDetails":[],"failureMessages":[],"fullName":"ConfidenceNote Styling and Theming should apply custom styles","invocations":1,"location":null,"numPassingAsserts":0,"retryReasons":[],"status":"passed","title":"should apply custom styles"},{"ancestorTitles":["ConfidenceNote","Styling and Theming"],"duration":2,"failureDetails":[],"failureMessages":[],"fullName":"ConfidenceNote Styling and Theming should use appropriate colors for different confidence levels","invocations":1,"location":null,"numPassingAsserts":0,"retryReasons":[],"status":"passed","title":"should use appropriate colors for different confidence levels"},{"ancestorTitles":["ConfidenceNote","Responsive Design"],"duration":1,"failureDetails":[],"failureMessages":[],"fullName":"ConfidenceNote Responsive Design should adapt to tablet dimensions","invocations":1,"location":null,"numPassingAsserts":1,"retryReasons":[],"status":"passed","title":"should adapt to tablet dimensions"},{"ancestorTitles":["ConfidenceNote","Responsive Design"],"duration":1,"failureDetails":[],"failureMessages":[],"fullName":"ConfidenceNote Responsive Design should adapt font sizes for different screen sizes","invocations":1,"location":null,"numPassingAsserts":1,"retryReasons":[],"status":"passed","title":"should adapt font sizes for different screen sizes"},{"ancestorTitles":["ConfidenceNote","Animation Effects"],"duration":1,"failureDetails":[],"failureMessages":[],"fullName":"ConfidenceNote Animation Effects should handle entrance animations","invocations":1,"location":null,"numPassingAsserts":1,"retryReasons":[],"status":"passed","title":"should handle entrance animations"},{"ancestorTitles":["ConfidenceNote","Animation Effects"],"duration":1,"failureDetails":[],"failureMessages":[],"fullName":"ConfidenceNote Animation Effects should handle sparkle animation for high confidence","invocations":1,"location":null,"numPassingAsserts":1,"retryReasons":[],"status":"passed","title":"should handle sparkle animation for high confidence"},{"ancestorTitles":["ConfidenceNote","Animation Effects"],"duration":1,"failureDetails":[],"failureMessages":[],"fullName":"ConfidenceNote Animation Effects should not crash during animation lifecycle","invocations":1,"location":null,"numPassingAsserts":1,"retryReasons":[],"status":"passed","title":"should not crash during animation lifecycle"},{"ancestorTitles":["ConfidenceNote","Glow Effects"],"duration":0,"failureDetails":[],"failureMessages":[],"fullName":"ConfidenceNote Glow Effects should show glow effect for exceptional confidence","invocations":1,"location":null,"numPassingAsserts":0,"retryReasons":[],"status":"passed","title":"should show glow effect for exceptional confidence"},{"ancestorTitles":["ConfidenceNote","Glow Effects"],"duration":1,"failureDetails":[],"failureMessages":[],"fullName":"ConfidenceNote Glow Effects should not show glow effect for lower confidence levels","invocations":1,"location":null,"numPassingAsserts":0,"retryReasons":[],"status":"passed","title":"should not show glow effect for lower confidence levels"},{"ancestorTitles":["ConfidenceNote","Text Handling"],"duration":1,"failureDetails":[],"failureMessages":[],"fullName":"ConfidenceNote Text Handling should handle long confidence notes","invocations":1,"location":null,"numPassingAsserts":1,"retryReasons":[],"status":"passed","title":"should handle long confidence notes"},{"ancestorTitles":["ConfidenceNote","Text Handling"],"duration":3,"failureDetails":[],"failureMessages":[],"fullName":"ConfidenceNote Text Handling should handle short confidence notes","invocations":1,"location":null,"numPassingAsserts":1,"retryReasons":[],"status":"passed","title":"should handle short confidence notes"},{"ancestorTitles":["ConfidenceNote","Text Handling"],"duration":1,"failureDetails":[],"failureMessages":[],"fullName":"ConfidenceNote Text Handling should handle empty confidence notes gracefully","invocations":1,"location":null,"numPassingAsserts":0,"retryReasons":[],"status":"passed","title":"should handle empty confidence notes gracefully"},{"ancestorTitles":["ConfidenceNote","Text Handling"],"duration":0,"failureDetails":[],"failureMessages":[],"fullName":"ConfidenceNote Text Handling should handle special characters and emojis","invocations":1,"location":null,"numPassingAsserts":1,"retryReasons":[],"status":"passed","title":"should handle special characters and emojis"}],"endTime":1755967119400,"message":"","name":"C:\\AYNAMODA\\__tests__\\confidenceNote.test.tsx","startTime":1755967119243,"status":"passed","summary":""},{"assertionResults":[{"ancestorTitles":["QuickActionButton","Rendering"],"duration":2,"failureDetails":[],"failureMessages":[],"fullName":"QuickActionButton Rendering should render button with correct label","invocations":1,"location":null,"numPassingAsserts":1,"retryReasons":[],"status":"passed","title":"should render button with correct label"},{"ancestorTitles":["QuickActionButton","Rendering"],"duration":0,"failureDetails":[],"failureMessages":[],"fullName":"QuickActionButton Rendering should render button with icon","invocations":1,"location":null,"numPassingAsserts":0,"retryReasons":[],"status":"passed","title":"should render button with icon"},{"ancestorTitles":["QuickActionButton","Rendering"],"duration":2,"failureDetails":[],"failureMessages":[],"fullName":"QuickActionButton Rendering should render all action types correctly","invocations":1,"location":null,"numPassingAsserts":3,"retryReasons":[],"status":"passed","title":"should render all action types correctly"},{"ancestorTitles":["QuickActionButton","Variants"],"duration":1,"failureDetails":[],"failureMessages":[],"fullName":"QuickActionButton Variants should render primary variant","invocations":1,"location":null,"numPassingAsserts":1,"retryReasons":[],"status":"passed","title":"should render primary variant"},{"ancestorTitles":["QuickActionButton","Variants"],"duration":2,"failureDetails":[],"failureMessages":[],"fullName":"QuickActionButton Variants should render secondary variant","invocations":1,"location":null,"numPassingAsserts":1,"retryReasons":[],"status":"passed","title":"should render secondary variant"},{"ancestorTitles":["QuickActionButton","Variants"],"duration":1,"failureDetails":[],"failureMessages":[],"fullName":"QuickActionButton Variants should render accent variant","invocations":1,"location":null,"numPassingAsserts":1,"retryReasons":[],"status":"passed","title":"should render accent variant"},{"ancestorTitles":["QuickActionButton","Sizes"],"duration":1,"failureDetails":[],"failureMessages":[],"fullName":"QuickActionButton Sizes should render small size","invocations":1,"location":null,"numPassingAsserts":1,"retryReasons":[],"status":"passed","title":"should render small size"},{"ancestorTitles":["QuickActionButton","Sizes"],"duration":1,"failureDetails":[],"failureMessages":[],"fullName":"QuickActionButton Sizes should render medium size (default)","invocations":1,"location":null,"numPassingAsserts":1,"retryReasons":[],"status":"passed","title":"should render medium size (default)"},{"ancestorTitles":["QuickActionButton","Sizes"],"duration":1,"failureDetails":[],"failureMessages":[],"fullName":"QuickActionButton Sizes should render large size","invocations":1,"location":null,"numPassingAsserts":1,"retryReasons":[],"status":"passed","title":"should render large size"},{"ancestorTitles":["QuickActionButton","Interactions"],"duration":1,"failureDetails":[],"failureMessages":[],"fullName":"QuickActionButton Interactions should call onPress when button is pressed","invocations":1,"location":null,"numPassingAsserts":1,"retryReasons":[],"status":"passed","title":"should call onPress when button is pressed"},{"ancestorTitles":["QuickActionButton","Interactions"],"duration":1,"failureDetails":[],"failureMessages":[],"fullName":"QuickActionButton Interactions should provide haptic feedback on press","invocations":1,"location":null,"numPassingAsserts":1,"retryReasons":[],"status":"passed","title":"should provide haptic feedback on press"},{"ancestorTitles":["QuickActionButton","Interactions"],"duration":2,"failureDetails":[],"failureMessages":[],"fullName":"QuickActionButton Interactions should provide different haptic feedback for different actions","invocations":1,"location":null,"numPassingAsserts":3,"retryReasons":[],"status":"passed","title":"should provide different haptic feedback for different actions"},{"ancestorTitles":["QuickActionButton","Interactions"],"duration":1,"failureDetails":[],"failureMessages":[],"fullName":"QuickActionButton Interactions should handle press in and press out events","invocations":1,"location":null,"numPassingAsserts":0,"retryReasons":[],"status":"passed","title":"should handle press in and press out events"},{"ancestorTitles":["QuickActionButton","Action-Specific Behavior"],"duration":1,"failureDetails":[],"failureMessages":[],"fullName":"QuickActionButton Action-Specific Behavior should use primary variant for wear action by default","invocations":1,"location":null,"numPassingAsserts":1,"retryReasons":[],"status":"passed","title":"should use primary variant for wear action by default"},{"ancestorTitles":["QuickActionButton","Action-Specific Behavior"],"duration":1,"failureDetails":[],"failureMessages":[],"fullName":"QuickActionButton Action-Specific Behavior should use secondary variant for save action by default","invocations":1,"location":null,"numPassingAsserts":1,"retryReasons":[],"status":"passed","title":"should use secondary variant for save action by default"},{"ancestorTitles":["QuickActionButton","Action-Specific Behavior"],"duration":5,"failureDetails":[],"failureMessages":[],"fullName":"QuickActionButton Action-Specific Behavior should use accent variant for share action by default","invocations":1,"location":null,"numPassingAsserts":1,"retryReasons":[],"status":"passed","title":"should use accent variant for share action by default"},{"ancestorTitles":["QuickActionButton","Accessibility"],"duration":1,"failureDetails":[],"failureMessages":[],"fullName":"QuickActionButton Accessibility should have proper accessibility role","invocations":1,"location":null,"numPassingAsserts":1,"retryReasons":[],"status":"passed","title":"should have proper accessibility role"},{"ancestorTitles":["QuickActionButton","Accessibility"],"duration":1,"failureDetails":[],"failureMessages":[],"fullName":"QuickActionButton Accessibility should have accessibility label","invocations":1,"location":null,"numPassingAsserts":1,"retryReasons":[],"status":"passed","title":"should have accessibility label"},{"ancestorTitles":["QuickActionButton","Accessibility"],"duration":0,"failureDetails":[],"failureMessages":[],"fullName":"QuickActionButton Accessibility should have accessibility hint","invocations":1,"location":null,"numPassingAsserts":1,"retryReasons":[],"status":"passed","title":"should have accessibility hint"},{"ancestorTitles":["QuickActionButton","Accessibility"],"duration":2,"failureDetails":[],"failureMessages":[],"fullName":"QuickActionButton Accessibility should have proper accessibility labels for all actions","invocations":1,"location":null,"numPassingAsserts":3,"retryReasons":[],"status":"passed","title":"should have proper accessibility labels for all actions"},{"ancestorTitles":["QuickActionButton","Custom Styling"],"duration":1,"failureDetails":[],"failureMessages":[],"fullName":"QuickActionButton Custom Styling should apply custom styles","invocations":1,"location":null,"numPassingAsserts":0,"retryReasons":[],"status":"passed","title":"should apply custom styles"},{"ancestorTitles":["QuickActionButton","Responsive Design"],"duration":0,"failureDetails":[],"failureMessages":[],"fullName":"QuickActionButton Responsive Design should adapt to tablet dimensions","invocations":1,"location":null,"numPassingAsserts":1,"retryReasons":[],"status":"passed","title":"should adapt to tablet dimensions"},{"ancestorTitles":["QuickActionButton","Responsive Design"],"duration":1,"failureDetails":[],"failureMessages":[],"fullName":"QuickActionButton Responsive Design should adjust sizes for different screen dimensions","invocations":1,"location":null,"numPassingAsserts":3,"retryReasons":[],"status":"passed","title":"should adjust sizes for different screen dimensions"},{"ancestorTitles":["QuickActionButton","Animation Behavior"],"duration":1,"failureDetails":[],"failureMessages":[],"fullName":"QuickActionButton Animation Behavior should handle animation states without crashing","invocations":1,"location":null,"numPassingAsserts":1,"retryReasons":[],"status":"passed","title":"should handle animation states without crashing"},{"ancestorTitles":["QuickActionButton","Animation Behavior"],"duration":0,"failureDetails":[],"failureMessages":[],"fullName":"QuickActionButton Animation Behavior should clean up animations on unmount","invocations":1,"location":null,"numPassingAsserts":1,"retryReasons":[],"status":"passed","title":"should clean up animations on unmount"},{"ancestorTitles":["QuickActionButton","Glow Effects"],"duration":1,"failureDetails":[],"failureMessages":[],"fullName":"QuickActionButton Glow Effects should show glow effect on press","invocations":1,"location":null,"numPassingAsserts":0,"retryReasons":[],"status":"passed","title":"should show glow effect on press"},{"ancestorTitles":["QuickActionButton","Glow Effects"],"duration":1,"failureDetails":[],"failureMessages":[],"fullName":"QuickActionButton Glow Effects should hide glow effect on press out","invocations":1,"location":null,"numPassingAsserts":0,"retryReasons":[],"status":"passed","title":"should hide glow effect on press out"},{"ancestorTitles":["QuickActionButton","Error Handling"],"duration":0,"failureDetails":[],"failureMessages":[],"fullName":"QuickActionButton Error Handling should handle missing action properties gracefully","invocations":1,"location":null,"numPassingAsserts":0,"retryReasons":[],"status":"passed","title":"should handle missing action properties gracefully"},{"ancestorTitles":["QuickActionButton","Error Handling"],"duration":1,"failureDetails":[],"failureMessages":[],"fullName":"QuickActionButton Error Handling should handle onPress errors gracefully","invocations":1,"location":null,"numPassingAsserts":1,"retryReasons":[],"status":"passed","title":"should handle onPress errors gracefully"}],"endTime":1755967119570,"message":"","name":"C:\\AYNAMODA\\__tests__\\quickActionButton.test.tsx","startTime":1755967119407,"status":"passed","summary":""},{"assertionResults":[{"ancestorTitles":["AYNA Mirror Navigation Integration","Authentication Integration"],"duration":4,"failureDetails":[],"failureMessages":[],"fullName":"AYNA Mirror Navigation Integration Authentication Integration should redirect to sign-in when user is not authenticated","invocations":1,"location":null,"numPassingAsserts":2,"retryReasons":[],"status":"passed","title":"should redirect to sign-in when user is not authenticated"},{"ancestorTitles":["AYNA Mirror Navigation Integration","Authentication Integration"],"duration":9,"failureDetails":[],"failureMessages":[],"fullName":"AYNA Mirror Navigation Integration Authentication Integration should show loading state while authentication is loading","invocations":1,"location":null,"numPassingAsserts":1,"retryReasons":[],"status":"passed","title":"should show loading state while authentication is loading"},{"ancestorTitles":["AYNA Mirror Navigation Integration","Authentication Integration"],"duration":1,"failureDetails":[],"failureMessages":[],"fullName":"AYNA Mirror Navigation Integration Authentication Integration should render AYNA Mirror screen when user is authenticated","invocations":1,"location":null,"numPassingAsserts":2,"retryReasons":[],"status":"passed","title":"should render AYNA Mirror screen when user is authenticated"},{"ancestorTitles":["AYNA Mirror Navigation Integration","Theme Integration"],"duration":1,"failureDetails":[],"failureMessages":[],"fullName":"AYNA Mirror Navigation Integration Theme Integration should apply theme colors to container","invocations":1,"location":null,"numPassingAsserts":1,"retryReasons":[],"status":"passed","title":"should apply theme colors to container"},{"ancestorTitles":["AYNA Mirror Navigation Integration","Deep Linking Integration"],"duration":1,"failureDetails":[],"failureMessages":[],"fullName":"AYNA Mirror Navigation Integration Deep Linking Integration should handle feedback deep link parameters","invocations":1,"location":null,"numPassingAsserts":2,"retryReasons":[],"status":"passed","title":"should handle feedback deep link parameters"},{"ancestorTitles":["AYNA Mirror Navigation Integration","Deep Linking Integration"],"duration":0,"failureDetails":[],"failureMessages":[],"fullName":"AYNA Mirror Navigation Integration Deep Linking Integration should initialize notification handler on app start","invocations":1,"location":null,"numPassingAsserts":1,"retryReasons":[],"status":"passed","title":"should initialize notification handler on app start"},{"ancestorTitles":["AYNA Mirror Navigation Integration","Settings Navigation"],"duration":1,"failureDetails":[],"failureMessages":[],"fullName":"AYNA Mirror Navigation Integration Settings Navigation should render settings screen with navigation","invocations":1,"location":null,"numPassingAsserts":1,"retryReasons":[],"status":"passed","title":"should render settings screen with navigation"},{"ancestorTitles":["AYNA Mirror Navigation Integration","Settings Navigation"],"duration":1,"failureDetails":[],"failureMessages":[],"fullName":"AYNA Mirror Navigation Integration Settings Navigation should handle back navigation from settings","invocations":1,"location":null,"numPassingAsserts":1,"retryReasons":[],"status":"passed","title":"should handle back navigation from settings"},{"ancestorTitles":["AYNA Mirror Navigation Integration","Deep Link URL Parsing"],"duration":0,"failureDetails":[],"failureMessages":[],"fullName":"AYNA Mirror Navigation Integration Deep Link URL Parsing should parse AYNA Mirror deep link correctly","invocations":1,"location":null,"numPassingAsserts":2,"retryReasons":[],"status":"passed","title":"should parse AYNA Mirror deep link correctly"},{"ancestorTitles":["AYNA Mirror Navigation Integration","Deep Link URL Parsing"],"duration":0,"failureDetails":[],"failureMessages":[],"fullName":"AYNA Mirror Navigation Integration Deep Link URL Parsing should parse feedback deep link with parameters","invocations":1,"location":null,"numPassingAsserts":1,"retryReasons":[],"status":"passed","title":"should parse feedback deep link with parameters"},{"ancestorTitles":["AYNA Mirror Navigation Integration","Deep Link URL Parsing"],"duration":1,"failureDetails":[],"failureMessages":[],"fullName":"AYNA Mirror Navigation Integration Deep Link URL Parsing should parse settings deep link correctly","invocations":1,"location":null,"numPassingAsserts":1,"retryReasons":[],"status":"passed","title":"should parse settings deep link correctly"},{"ancestorTitles":["AYNA Mirror Navigation Integration","Navigation Flow Integration"],"duration":1,"failureDetails":[],"failureMessages":[],"fullName":"AYNA Mirror Navigation Integration Navigation Flow Integration should maintain proper navigation stack","invocations":1,"location":null,"numPassingAsserts":2,"retryReasons":[],"status":"passed","title":"should maintain proper navigation stack"},{"ancestorTitles":["AYNA Mirror Navigation Integration","Navigation Flow Integration"],"duration":1,"failureDetails":[],"failureMessages":[],"fullName":"AYNA Mirror Navigation Integration Navigation Flow Integration should handle authentication state changes during navigation","invocations":1,"location":null,"numPassingAsserts":1,"retryReasons":[],"status":"passed","title":"should handle authentication state changes during navigation"},{"ancestorTitles":["AYNA Mirror Navigation Integration","Error Handling"],"duration":0,"failureDetails":[],"failureMessages":[],"fullName":"AYNA Mirror Navigation Integration Error Handling should handle navigation errors gracefully","invocations":1,"location":null,"numPassingAsserts":1,"retryReasons":[],"status":"passed","title":"should handle navigation errors gracefully"},{"ancestorTitles":["AYNA Mirror Navigation Integration","Error Handling"],"duration":1,"failureDetails":[],"failureMessages":[],"fullName":"AYNA Mirror Navigation Integration Error Handling should handle deep link parsing errors","invocations":1,"location":null,"numPassingAsserts":1,"retryReasons":[],"status":"passed","title":"should handle deep link parsing errors"},{"ancestorTitles":["Notification Handler Integration"],"duration":0,"failureDetails":[],"failureMessages":[],"fullName":"Notification Handler Integration should initialize notification handler correctly","invocations":1,"location":null,"numPassingAsserts":1,"retryReasons":[],"status":"passed","title":"should initialize notification handler correctly"},{"ancestorTitles":["Notification Handler Integration"],"duration":0,"failureDetails":[],"failureMessages":[],"fullName":"Notification Handler Integration should handle notification responses","invocations":1,"location":null,"numPassingAsserts":2,"retryReasons":[],"status":"passed","title":"should handle notification responses"},{"ancestorTitles":["Notification Handler Integration"],"duration":0,"failureDetails":[],"failureMessages":[],"fullName":"Notification Handler Integration should clean up notification listeners","invocations":1,"location":null,"numPassingAsserts":1,"retryReasons":[],"status":"passed","title":"should clean up notification listeners"}],"endTime":1755967119738,"message":"","name":"C:\\AYNAMODA\\__tests__\\aynaMirrorNavigation.test.tsx","startTime":1755967119577,"status":"passed","summary":""},{"assertionResults":[{"ancestorTitles":["Erişilebilirlik - Kapsayıcı Tasarım Testleri","Ekran Okuyucu Uyumluluğu"],"duration":4,"failureDetails":[],"failureMessages":[],"fullName":"Erişilebilirlik - Kapsayıcı Tasarım Testleri Ekran Okuyucu Uyumluluğu kıyafet önerileri için uygun erişilebilirlik etiketleri sağlamalı","invocations":1,"location":null,"numPassingAsserts":4,"retryReasons":[],"status":"passed","title":"kıyafet önerileri için uygun erişilebilirlik etiketleri sağlamalı"},{"ancestorTitles":["Erişilebilirlik - Kapsayıcı Tasarım Testleri","Ekran Okuyucu Uyumluluğu"],"duration":2,"failureDetails":[],"failureMessages":[],"fullName":"Erişilebilirlik - Kapsayıcı Tasarım Testleri Ekran Okuyucu Uyumluluğu güven derecelendirme arayüzü için açıklayıcı etiketler sağlamalı","invocations":1,"location":null,"numPassingAsserts":6,"retryReasons":[],"status":"passed","title":"güven derecelendirme arayüzü için açıklayıcı etiketler sağlamalı"},{"ancestorTitles":["Erişilebilirlik - Kapsayıcı Tasarım Testleri","Ekran Okuyucu Uyumluluğu"],"duration":1,"failureDetails":[],"failureMessages":[],"fullName":"Erişilebilirlik - Kapsayıcı Tasarım Testleri Ekran Okuyucu Uyumluluğu geri bildirim toplama için anlamsal yapı sağlamalı","invocations":1,"location":null,"numPassingAsserts":3,"retryReasons":[],"status":"passed","title":"geri bildirim toplama için anlamsal yapı sağlamalı"},{"ancestorTitles":["Erişilebilirlik - Kapsayıcı Tasarım Testleri","Ekran Okuyucu Uyumluluğu"],"duration":0,"failureDetails":[],"failureMessages":[],"fullName":"Erişilebilirlik - Kapsayıcı Tasarım Testleri Ekran Okuyucu Uyumluluğu görsel öğeler için alternatif metin sağlamalı","invocations":1,"location":null,"numPassingAsserts":1,"retryReasons":[],"status":"passed","title":"görsel öğeler için alternatif metin sağlamalı"},{"ancestorTitles":["Erişilebilirlik - Kapsayıcı Tasarım Testleri","Klavye Navigasyonu"],"duration":1,"failureDetails":[],"failureMessages":[],"fullName":"Erişilebilirlik - Kapsayıcı Tasarım Testleri Klavye Navigasyonu kıyafet önerileri arasında klavye navigasyonunu desteklemeli","invocations":1,"location":null,"numPassingAsserts":4,"retryReasons":[],"status":"passed","title":"kıyafet önerileri arasında klavye navigasyonunu desteklemeli"},{"ancestorTitles":["Erişilebilirlik - Kapsayıcı Tasarım Testleri","Klavye Navigasyonu"],"duration":1,"failureDetails":[],"failureMessages":[],"fullName":"Erişilebilirlik - Kapsayıcı Tasarım Testleri Klavye Navigasyonu geri bildirim akışında uygun odak yönetimi sağlamalı","invocations":1,"location":null,"numPassingAsserts":3,"retryReasons":[],"status":"passed","title":"geri bildirim akışında uygun odak yönetimi sağlamalı"},{"ancestorTitles":["Erişilebilirlik - Kapsayıcı Tasarım Testleri","Renk ve Kontrast Erişilebilirliği"],"duration":1,"failureDetails":[],"failureMessages":[],"fullName":"Erişilebilirlik - Kapsayıcı Tasarım Testleri Renk ve Kontrast Erişilebilirliği bilgi iletmek için yalnızca renge dayanmamalı","invocations":1,"location":null,"numPassingAsserts":2,"retryReasons":[],"status":"passed","title":"bilgi iletmek için yalnızca renge dayanmamalı"},{"ancestorTitles":["Erişilebilirlik - Kapsayıcı Tasarım Testleri","Renk ve Kontrast Erişilebilirliği"],"duration":1,"failureDetails":[],"failureMessages":[],"fullName":"Erişilebilirlik - Kapsayıcı Tasarım Testleri Renk ve Kontrast Erişilebilirliği önemli öğeler için yüksek kontrast sağlamalı","invocations":1,"location":null,"numPassingAsserts":1,"retryReasons":[],"status":"passed","title":"önemli öğeler için yüksek kontrast sağlamalı"},{"ancestorTitles":["Erişilebilirlik - Kapsayıcı Tasarım Testleri","Motor Erişilebilirlik"],"duration":1,"failureDetails":[],"failureMessages":[],"fullName":"Erişilebilirlik - Kapsayıcı Tasarım Testleri Motor Erişilebilirlik yeterli boyutta dokunma hedefleri sağlamalı","invocations":1,"location":null,"numPassingAsserts":6,"retryReasons":[],"status":"passed","title":"yeterli boyutta dokunma hedefleri sağlamalı"},{"ancestorTitles":["Erişilebilirlik - Kapsayıcı Tasarım Testleri","Motor Erişilebilirlik"],"duration":0,"failureDetails":[],"failureMessages":[],"fullName":"Erişilebilirlik - Kapsayıcı Tasarım Testleri Motor Erişilebilirlik alternatif giriş yöntemlerini desteklemeli","invocations":1,"location":null,"numPassingAsserts":2,"retryReasons":[],"status":"passed","title":"alternatif giriş yöntemlerini desteklemeli"},{"ancestorTitles":["Erişilebilirlik - Kapsayıcı Tasarım Testleri","Bilişsel Erişilebilirlik"],"duration":1,"failureDetails":[],"failureMessages":[],"fullName":"Erişilebilirlik - Kapsayıcı Tasarım Testleri Bilişsel Erişilebilirlik güven notlarında açık ve basit dil sağlamalı","invocations":1,"location":null,"numPassingAsserts":3,"retryReasons":[],"status":"passed","title":"güven notlarında açık ve basit dil sağlamalı"},{"ancestorTitles":["Erişilebilirlik - Kapsayıcı Tasarım Testleri","Bilişsel Erişilebilirlik"],"duration":1,"failureDetails":[],"failureMessages":[],"fullName":"Erişilebilirlik - Kapsayıcı Tasarım Testleri Bilişsel Erişilebilirlik tutarlı etiketleme kalıpları kullanmalı","invocations":1,"location":null,"numPassingAsserts":4,"retryReasons":[],"status":"passed","title":"tutarlı etiketleme kalıpları kullanmalı"},{"ancestorTitles":["Erişilebilirlik - Kapsayıcı Tasarım Testleri","Bilişsel Erişilebilirlik"],"duration":1,"failureDetails":[],"failureMessages":[],"fullName":"Erişilebilirlik - Kapsayıcı Tasarım Testleri Bilişsel Erişilebilirlik kullanıcı eylemleri için açık geri bildirim sağlamalı","invocations":1,"location":null,"numPassingAsserts":2,"retryReasons":[],"status":"passed","title":"kullanıcı eylemleri için açık geri bildirim sağlamalı"},{"ancestorTitles":["Erişilebilirlik - Kapsayıcı Tasarım Testleri","Uluslararasılaştırma ve Yerelleştirme"],"duration":0,"failureDetails":[],"failureMessages":[],"fullName":"Erişilebilirlik - Kapsayıcı Tasarım Testleri Uluslararasılaştırma ve Yerelleştirme sağdan sola dilleri desteklemeli","invocations":1,"location":null,"numPassingAsserts":1,"retryReasons":[],"status":"passed","title":"sağdan sola dilleri desteklemeli"},{"ancestorTitles":["Erişilebilirlik - Kapsayıcı Tasarım Testleri","Uluslararasılaştırma ve Yerelleştirme"],"duration":1,"failureDetails":[],"failureMessages":[],"fullName":"Erişilebilirlik - Kapsayıcı Tasarım Testleri Uluslararasılaştırma ve Yerelleştirme kültürel olarak uygun güven notları sağlamalı","invocations":1,"location":null,"numPassingAsserts":2,"retryReasons":[],"status":"passed","title":"kültürel olarak uygun güven notları sağlamalı"},{"ancestorTitles":["Erişilebilirlik - Kapsayıcı Tasarım Testleri","Hata İşleme ve Kurtarma"],"duration":1,"failureDetails":[],"failureMessages":[],"fullName":"Erişilebilirlik - Kapsayıcı Tasarım Testleri Hata İşleme ve Kurtarma erişilebilir hata mesajları sağlamalı","invocations":1,"location":null,"numPassingAsserts":2,"retryReasons":[],"status":"passed","title":"erişilebilir hata mesajları sağlamalı"},{"ancestorTitles":["Erişilebilirlik - Kapsayıcı Tasarım Testleri","Hata İşleme ve Kurtarma"],"duration":1,"failureDetails":[],"failureMessages":[],"fullName":"Erişilebilirlik - Kapsayıcı Tasarım Testleri Hata İşleme ve Kurtarma başarısız eylemler için kurtarma seçenekleri sağlamalı","invocations":1,"location":null,"numPassingAsserts":2,"retryReasons":[],"status":"passed","title":"başarısız eylemler için kurtarma seçenekleri sağlamalı"},{"ancestorTitles":["Erişilebilirlik - Kapsayıcı Tasarım Testleri","Azaltılmış Hareket Desteği"],"duration":0,"failureDetails":[],"failureMessages":[],"fullName":"Erişilebilirlik - Kapsayıcı Tasarım Testleri Azaltılmış Hareket Desteği hareket azaltma etkinleştirildiğinde animasyonları devre dışı bırakmalı","invocations":1,"location":null,"numPassingAsserts":1,"retryReasons":[],"status":"passed","title":"hareket azaltma etkinleştirildiğinde animasyonları devre dışı bırakmalı"}],"endTime":1755967119887,"message":"","name":"C:\\AYNAMODA\\__tests__\\accessibility\\inclusiveDesign.test.tsx","startTime":1755967119745,"status":"passed","summary":""},{"assertionResults":[{"ancestorTitles":["AynaMirrorScreen"],"duration":1,"failureDetails":[],"failureMessages":[],"fullName":"AynaMirrorScreen should render loading state initially","invocations":1,"location":null,"numPassingAsserts":1,"retryReasons":[],"status":"passed","title":"should render loading state initially"},{"ancestorTitles":["AynaMirrorScreen"],"duration":0,"failureDetails":[],"failureMessages":[],"fullName":"AynaMirrorScreen should render without crashing","invocations":1,"location":null,"numPassingAsserts":1,"retryReasons":[],"status":"passed","title":"should render without crashing"}],"endTime":1755967120048,"message":"","name":"C:\\AYNAMODA\\__tests__\\aynaMirrorScreen.test.tsx","startTime":1755967119897,"status":"passed","summary":""},{"assertionResults":[{"ancestorTitles":["Minimal QuickActionButton Test"],"duration":1,"failureDetails":[],"failureMessages":[],"fullName":"Minimal QuickActionButton Test should render minimal component","invocations":1,"location":null,"numPassingAsserts":1,"retryReasons":[],"status":"passed","title":"should render minimal component"}],"endTime":1755967120198,"message":"","name":"C:\\AYNAMODA\\__tests__\\quickActionButton.minimal.test.tsx","startTime":1755967120057,"status":"passed","summary":""},{"assertionResults":[{"ancestorTitles":["Cross-Service Communication Integration","AYNA Mirror Service Integration"],"duration":1,"failureDetails":[],"failureMessages":[],"fullName":"Cross-Service Communication Integration AYNA Mirror Service Integration should coordinate between wardrobe, intelligence, and weather services","invocations":1,"location":null,"numPassingAsserts":6,"retryReasons":[],"status":"passed","title":"should coordinate between wardrobe, intelligence, and weather services"},{"ancestorTitles":["Cross-Service Communication Integration","AYNA Mirror Service Integration"],"duration":0,"failureDetails":[],"failureMessages":[],"fullName":"Cross-Service Communication Integration AYNA Mirror Service Integration should handle service failures gracefully with fallback mechanisms","invocations":1,"location":null,"numPassingAsserts":3,"retryReasons":[],"status":"passed","title":"should handle service failures gracefully with fallback mechanisms"},{"ancestorTitles":["Cross-Service Communication Integration","Intelligence Service Integration"],"duration":2,"failureDetails":[],"failureMessages":[],"fullName":"Cross-Service Communication Integration Intelligence Service Integration should integrate user feedback with style learning","invocations":1,"location":null,"numPassingAsserts":3,"retryReasons":[],"status":"passed","title":"should integrate user feedback with style learning"},{"ancestorTitles":["Cross-Service Communication Integration","Intelligence Service Integration"],"duration":1,"failureDetails":[],"failureMessages":[],"fullName":"Cross-Service Communication Integration Intelligence Service Integration should coordinate between wardrobe usage tracking and intelligence learning","invocations":1,"location":null,"numPassingAsserts":4,"retryReasons":[],"status":"passed","title":"should coordinate between wardrobe usage tracking and intelligence learning"},{"ancestorTitles":["Cross-Service Communication Integration","Notification Service Integration"],"duration":0,"failureDetails":[],"failureMessages":[],"fullName":"Cross-Service Communication Integration Notification Service Integration should coordinate with user preferences for personalized timing","invocations":1,"location":null,"numPassingAsserts":1,"retryReasons":[],"status":"passed","title":"should coordinate with user preferences for personalized timing"},{"ancestorTitles":["Cross-Service Communication Integration","Notification Service Integration"],"duration":1,"failureDetails":[],"failureMessages":[],"fullName":"Cross-Service Communication Integration Notification Service Integration should adapt notification timing based on engagement patterns","invocations":1,"location":null,"numPassingAsserts":3,"retryReasons":[],"status":"passed","title":"should adapt notification timing based on engagement patterns"},{"ancestorTitles":["Cross-Service Communication Integration","Error Handling and Recovery Integration"],"duration":0,"failureDetails":[],"failureMessages":[],"fullName":"Cross-Service Communication Integration Error Handling and Recovery Integration should coordinate error recovery across multiple services","invocations":1,"location":null,"numPassingAsserts":2,"retryReasons":[],"status":"passed","title":"should coordinate error recovery across multiple services"},{"ancestorTitles":["Cross-Service Communication Integration","Error Handling and Recovery Integration"],"duration":1,"failureDetails":[],"failureMessages":[],"fullName":"Cross-Service Communication Integration Error Handling and Recovery Integration should maintain data consistency during partial failures","invocations":1,"location":null,"numPassingAsserts":2,"retryReasons":[],"status":"passed","title":"should maintain data consistency during partial failures"},{"ancestorTitles":["Cross-Service Communication Integration","Performance Integration"],"duration":0,"failureDetails":[],"failureMessages":[],"fullName":"Cross-Service Communication Integration Performance Integration should maintain performance standards across service boundaries","invocations":1,"location":null,"numPassingAsserts":2,"retryReasons":[],"status":"passed","title":"should maintain performance standards across service boundaries"}],"endTime":1755967120371,"message":"","name":"C:\\AYNAMODA\\__tests__\\integration\\crossServiceCommunication.test.ts","startTime":1755967120209,"status":"passed","summary":""},{"assertionResults":[{"ancestorTitles":["Performance Benchmarks - AYNA Mirror System","Core Performance Benchmarks"],"duration":1,"failureDetails":[],"failureMessages":[],"fullName":"Performance Benchmarks - AYNA Mirror System Core Performance Benchmarks should generate daily recommendations in under 1 second","invocations":1,"location":null,"numPassingAsserts":3,"retryReasons":[],"status":"passed","title":"should generate daily recommendations in under 1 second"},{"ancestorTitles":["Performance Benchmarks - AYNA Mirror System","Core Performance Benchmarks"],"duration":1,"failureDetails":[],"failureMessages":[],"fullName":"Performance Benchmarks - AYNA Mirror System Core Performance Benchmarks should process user feedback in under 500ms","invocations":1,"location":null,"numPassingAsserts":1,"retryReasons":[],"status":"passed","title":"should process user feedback in under 500ms"},{"ancestorTitles":["Performance Benchmarks - AYNA Mirror System","Core Performance Benchmarks"],"duration":0,"failureDetails":[],"failureMessages":[],"fullName":"Performance Benchmarks - AYNA Mirror System Core Performance Benchmarks should handle large wardrobes efficiently","invocations":1,"location":null,"numPassingAsserts":2,"retryReasons":[],"status":"passed","title":"should handle large wardrobes efficiently"},{"ancestorTitles":["Performance Benchmarks - AYNA Mirror System","Service-S
[...]
"retryReasons":[],"status":"passed","title":"should handle empty additional emotions array"},{"ancestorTitles":["EmotionalResponseStep","Validation and Error Handling"],"duration":1,"failureDetails":[],"failureMessages":[],"fullName":"EmotionalResponseStep Validation and Error Handling should handle multiple additional emotions","invocations":1,"location":null,"numPassingAsserts":8,"retryReasons":[],"status":"passed","title":"should handle multiple additional emotions"},{"ancestorTitles":["EmotionalResponseStep","Animation and Interaction Logic"],"duration":0,"failureDetails":[],"failureMessages":[],"fullName":"EmotionalResponseStep Animation and Interaction Logic should handle emotion animation triggers","invocations":1,"location":null,"numPassingAsserts":3,"retryReasons":[],"status":"passed","title":"should handle emotion animation triggers"},{"ancestorTitles":["EmotionalResponseStep","Animation and Interaction Logic"],"duration":2,"failureDetails":[],"failureMessages":[],"fullName":"EmotionalResponseStep Animation and Interaction Logic should handle intensity animation triggers","invocations":1,"location":null,"numPassingAsserts":3,"retryReasons":[],"status":"passed","title":"should handle intensity animation triggers"}],"endTime":1755967124590,"message":"","name":"C:\\AYNAMODA\\__tests__\\emotionalResponseStep.test.tsx","startTime":1755967124417,"status":"passed","summary":""},{"assertionResults":[{"ancestorTitles":["deepLinkService"],"duration":1,"failureDetails":[],"failureMessages":[],"fullName":"deepLinkService modül bir deep link çözücü sağlamalı (fonksiyon veya obje içi metod)","invocations":1,"location":null,"numPassingAsserts":1,"retryReasons":[],"status":"passed","title":"modül bir deep link çözücü sağlamalı (fonksiyon veya obje içi metod)"},{"ancestorTitles":["deepLinkService","behavior"],"duration":0,"failureDetails":[],"failureMessages":[],"fullName":"deepLinkService behavior geçerli item link -> Item benzeri bir route","invocations":1,"location":null,"numPassingAsserts":2,"retryReasons":[],"status":"passed","title":"geçerli item link -> Item benzeri bir route"},{"ancestorTitles":["deepLinkService","behavior"],"duration":0,"failureDetails":[],"failureMessages":[],"fullName":"deepLinkService behavior bilinmeyen host -> güvenli fallback & log","invocations":1,"location":null,"numPassingAsserts":2,"retryReasons":[],"status":"passed","title":"bilinmeyen host -> güvenli fallback & log"},{"ancestorTitles":["deepLinkService","behavior"],"duration":0,"failureDetails":[],"failureMessages":[],"fullName":"deepLinkService behavior eksik param -> fallback","invocations":1,"location":null,"numPassingAsserts":1,"retryReasons":[],"status":"passed","title":"eksik param -> fallback"},{"ancestorTitles":["deepLinkService","behavior"],"duration":0,"failureDetails":[],"failureMessages":[],"fullName":"deepLinkService behavior URL-encoded param çözülür","invocations":1,"location":null,"numPassingAsserts":1,"retryReasons":[],"status":"passed","title":"URL-encoded param çözülür"}],"endTime":1755967124734,"message":"","name":"C:\\AYNAMODA\\__tests__\\deepLinkService.behavior.test.ts","startTime":1755967124595,"status":"passed","summary":""},{"assertionResults":[{"ancestorTitles":["StyleDNAService basic generation"],"duration":2,"failureDetails":[],"failureMessages":[],"fullName":"StyleDNAService basic generation generates a Style DNA profile with expected structure","invocations":1,"location":null,"numPassingAsserts":5,"retryReasons":[],"status":"passed","title":"generates a Style DNA profile with expected structure"}],"endTime":1755967124901,"message":"","name":"C:\\AYNAMODA\\__tests__\\styleDNAService.test.ts","startTime":1755967124743,"status":"passed","summary":""},{"assertionResults":[{"ancestorTitles":["Feedback Collection System","OutfitFeedback Data Structure"],"duration":1,"failureDetails":[],"failureMessages":[],"fullName":"Feedback Collection System OutfitFeedback Data Structure should have all required properties for feedback collection","invocations":1,"location":null,"numPassingAsserts":8,"retryReasons":[],"status":"passed","title":"should have all required properties for feedback collection"},{"ancestorTitles":["Feedback Collection System","OutfitFeedback Data Structure"],"duration":1,"failureDetails":[],"failureMessages":[],"fullName":"Feedback Collection System OutfitFeedback Data Structure should validate confidence rating range","invocations":1,"location":null,"numPassingAsserts":14,"retryReasons":[],"status":"passed","title":"should validate confidence rating range"},{"ancestorTitles":["Feedback Collection System","EmotionalResponse Data Structure"],"duration":0,"failureDetails":[],"failureMessages":[],"fullName":"Feedback Collection System EmotionalResponse Data Structure should have valid emotional states","invocations":1,"location":null,"numPassingAsserts":4,"retryReasons":[],"status":"passed","title":"should have valid emotional states"},{"ancestorTitles":["Feedback Collection System","EmotionalResponse Data Structure"],"duration":1,"failureDetails":[],"failureMessages":[],"fullName":"Feedback Collection System EmotionalResponse Data Structure should validate intensity range","invocations":1,"location":null,"numPassingAsserts":9,"retryReasons":[],"status":"passed","title":"should validate intensity range"},{"ancestorTitles":["Feedback Collection System","ComfortRating Data Structure"],"duration":0,"failureDetails":[],"failureMessages":[],"fullName":"Feedback Collection System ComfortRating Data Structure should have all comfort dimensions","invocations":1,"location":null,"numPassingAsserts":9,"retryReasons":[],"status":"passed","title":"should have all comfort dimensions"},{"ancestorTitles":["Feedback Collection System","SocialFeedback Data Structure"],"duration":0,"failureDetails":[],"failureMessages":[],"fullName":"Feedback Collection System SocialFeedback Data Structure should handle social feedback data correctly","invocations":1,"location":null,"numPassingAsserts":3,"retryReasons":[],"status":"passed","title":"should handle social feedback data correctly"},{"ancestorTitles":["Feedback Collection System","SocialFeedback Data Structure"],"duration":0,"failureDetails":[],"failureMessages":[],"fullName":"Feedback Collection System SocialFeedback Data Structure should handle optional social feedback","invocations":1,"location":null,"numPassingAsserts":2,"retryReasons":[],"status":"passed","title":"should handle optional social feedback"},{"ancestorTitles":["Feedback Collection System","Feedback Validation Logic"],"duration":0,"failureDetails":[],"failureMessages":[],"fullName":"Feedback Collection System Feedback Validation Logic should validate complete feedback object","invocations":1,"location":null,"numPassingAsserts":1,"retryReasons":[],"status":"passed","title":"should validate complete feedback object"},{"ancestorTitles":["Feedback Collection System","Feedback Validation Logic"],"duration":0,"failureDetails":[],"failureMessages":[],"fullName":"Feedback Collection System Feedback Validation Logic should handle feedback data storage format","invocations":1,"location":null,"numPassingAsserts":3,"retryReasons":[],"status":"passed","title":"should handle feedback data storage format"},{"ancestorTitles":["Feedback Collection System","Feedback Component Props Validation"],"duration":0,"failureDetails":[],"failureMessages":[],"fullName":"Feedback Collection System Feedback Component Props Validation should validate FeedbackCollector props structure","invocations":1,"location":null,"numPassingAsserts":5,"retryReasons":[],"status":"passed","title":"should validate FeedbackCollector props structure"}],"endTime":1755967125063,"message":"","name":"C:\\AYNAMODA\\__tests__\\feedbackCollector.test.tsx","startTime":1755967124907,"status":"passed","summary":""},{"assertionResults":[{"ancestorTitles":["ConfidenceRatingStep","Confidence Rating Labels"],"duration":1,"failureDetails":[],"failureMessages":[],"fullName":"ConfidenceRatingStep Confidence Rating Labels should have correct labels for each rating level","invocations":1,"location":null,"numPassingAsserts":35,"retryReasons":[],"status":"passed","title":"should have correct labels for each rating level"},{"ancestorTitles":["ConfidenceRatingStep","Confidence Rating Labels"],"duration":0,"failureDetails":[],"failureMessages":[],"fullName":"ConfidenceRatingStep Confidence Rating Labels should provide appropriate affirmations for high ratings","invocations":1,"location":null,"numPassingAsserts":4,"retryReasons":[],"status":"passed","title":"should provide appropriate affirmations for high ratings"},{"ancestorTitles":["ConfidenceRatingStep","Confidence Rating Labels"],"duration":0,"failureDetails":[],"failureMessages":[],"fullName":"ConfidenceRatingStep Confidence Rating Labels should provide encouragement for low ratings","invocations":1,"location":null,"numPassingAsserts":2,"retryReasons":[],"status":"passed","title":"should provide encouragement for low ratings"},{"ancestorTitles":["ConfidenceRatingStep","Rating Validation"],"duration":1,"failureDetails":[],"failureMessages":[],"fullName":"ConfidenceRatingStep Rating Validation should validate rating range","invocations":1,"location":null,"numPassingAsserts":14,"retryReasons":[],"status":"passed","title":"should validate rating range"},{"ancestorTitles":["ConfidenceRatingStep","Rating Validation"],"duration":0,"failureDetails":[],"failureMessages":[],"fullName":"ConfidenceRatingStep Rating Validation should handle rating change callback","invocations":1,"location":null,"numPassingAsserts":2,"retryReasons":[],"status":"passed","title":"should handle rating change callback"},{"ancestorTitles":["ConfidenceRatingStep","Component Props Interface"],"duration":0,"failureDetails":[],"failureMessages":[],"fullName":"ConfidenceRatingStep Component Props Interface should validate ConfidenceRatingStep props structure","invocations":1,"location":null,"numPassingAsserts":4,"retryReasons":[],"status":"passed","title":"should validate ConfidenceRatingStep props structure"},{"ancestorTitles":["ConfidenceRatingStep","Animation and Interaction Logic"],"duration":0,"failureDetails":[],"failureMessages":[],"fullName":"ConfidenceRatingStep Animation and Interaction Logic should handle star animation triggers","invocations":1,"location":null,"numPassingAsserts":3,"retryReasons":[],"status":"passed","title":"should handle star animation triggers"},{"ancestorTitles":["ConfidenceRatingStep","Animation and Interaction Logic"],"duration":1,"failureDetails":[],"failureMessages":[],"fullName":"ConfidenceRatingStep Animation and Interaction Logic should provide haptic feedback configuration","invocations":1,"location":null,"numPassingAsserts":3,"retryReasons":[],"status":"passed","title":"should provide haptic feedback configuration"}],"endTime":1755967125216,"message":"","name":"C:\\AYNAMODA\\__tests__\\confidenceRatingStep.test.tsx","startTime":1755967125068,"status":"passed","summary":""},{"assertionResults":[{"ancestorTitles":[],"duration":1,"failureDetails":[],"failureMessages":[],"fullName":"retry once on 40001","invocations":1,"location":null,"numPassingAsserts":1,"retryReasons":[],"status":"passed","title":"retry once on 40001"}],"endTime":1755967125371,"message":"","name":"C:\\AYNAMODA\\__tests__\\supabaseError.test.ts","startTime":1755967125224,"status":"passed","summary":""},{"assertionResults":[{"ancestorTitles":[],"duration":2,"failureDetails":[],"failureMessages":[],"fullName":"deeplink hard limits","invocations":1,"location":null,"numPassingAsserts":1,"retryReasons":[],"status":"passed","title":"deeplink hard limits"}],"endTime":1755967125537,"message":"","name":"C:\\AYNAMODA\\__tests__\\deepLinkService.test.ts","startTime":1755967125381,"status":"passed","summary":""},{"assertionResults":[{"ancestorTitles":["ShopYourClosetFirst"],"duration":1,"failureDetails":[],"failureMessages":[],"fullName":"ShopYourClosetFirst should pass basic test","invocations":1,"location":null,"numPassingAsserts":1,"retryReasons":[],"status":"passed","title":"should pass basic test"},{"ancestorTitles":["ShopYourClosetFirst"],"duration":2,"failureDetails":[],"failureMessages":[],"fullName":"ShopYourClosetFirst should handle string operations","invocations":1,"location":null,"numPassingAsserts":2,"retryReasons":[],"status":"passed","title":"should handle string operations"}],"endTime":1755967125695,"message":"","name":"C:\\AYNAMODA\\__tests__\\shopYourClosetFirst.test.tsx","startTime":1755967125546,"status":"passed","summary":""},{"assertionResults":[],"coverage":{},"endTime":1755967127462,"message":"  ● Test suite failed to run\n\n    Jest encountered an unexpected token\n\n    Jest failed to parse a file. This happens e.g. when your code or its dependencies use non-standard JavaScript syntax, or when Jest is not configured to support such syntax.\n\n    Out of the box Jest supports Babel, which will be used to transform your files into valid JS based on your Babel configuration.\n\n    By default \"node_modules\" folder is ignored by transformers.\n\n    Here's what you can do:\n     • If you are trying to use ECMAScript Modules, see https://jestjs.io/docs/ecmascript-modules for how to enable it.\n     • If you are trying to use TypeScript, see https://jestjs.io/docs/getting-started#using-typescript\n     • To have some of your \"node_modules\" files transformed, you can specify a custom \"transformIgnorePatterns\" in your config.\n     • If you need a custom transformation specify a \"transform\" option in your config.\n     • If you simply want to mock your non-JS modules (e.g. binary assets) you can stub them out with the \"moduleNameMapper\" config option.\n\n    You'll find more details and examples of these config options in the docs:\n    https://jestjs.io/docs/configuration\n    For information about custom transformations, see:\n    https://jestjs.io/docs/code-transformation\n\n    Details:\n\n    SyntaxError: C:\\AYNAMODA\\src\\services\\efficiencyScoreService.ts: Unexpected token (697:98)\n\n    \u001b[0m \u001b[90m 695 |\u001b[39m     \u001b[36mconst\u001b[39m availableCategories \u001b[33m=\u001b[39m \u001b[36mnew\u001b[39m \u001b[33mSet\u001b[39m(items\u001b[33m.\u001b[39mmap(item \u001b[33m=>\u001b[39m item\u001b[33m.\u001b[39mcategory))\u001b[33m;\u001b[39m\n     \u001b[90m 696 |\u001b[39m     \u001b[36mconst\u001b[39m missingCategories \u001b[33m=\u001b[39m essentialCategories\u001b[33m.\u001b[39mfilter(cat \u001b[33m=>\u001b[39m \u001b[33m!\u001b[39mavailableCategories\u001b[33m.\u001b[39mhas(cat))\u001b[33m;\u001b[39m\n    \u001b[31m\u001b[1m>\u001b[22m\u001b[39m\u001b[90m 697 |\u001b[39m     \u001b[36mconst\u001b[39m gapAnalysis \u001b[33m=\u001b[39m \u001b[33mMath\u001b[39m\u001b[33m.\u001b[39mmax(\u001b[35m0\u001b[39m\u001b[33m,\u001b[39m \u001b[35m1\u001b[39m \u001b[33m-\u001b[39m (missingCategories\u001b[33m.\u001b[39mlength \u001b[33m/\u001b[39m essentialCategories\u001b[33m.\u001b[39mlength))\u001b[33m;\u001b[39m}]}}}\n     \u001b[90m     |\u001b[39m                                                                                                   \u001b[31m\u001b[1m^\u001b[22m\u001b[39m\n     \u001b[90m 698 |\u001b[39m\n     \u001b[90m 699 |\u001b[39m     \u001b[36mreturn\u001b[39m {\n     \u001b[90m 700 |\u001b[39m       qualityScore\u001b[33m,\u001b[39m\u001b[0m\n\n    \u001b[0m\u001b[31m\u001b[1m>\u001b[22m\u001b[39m\u001b[90m 1 |\u001b[39m \u001b[36mimport\u001b[39m { efficiencyScoreService } \u001b[36mfrom\u001b[39m \u001b[32m'@/services/efficiencyScoreService'\u001b[39m\u001b[33m;\u001b[39m\n     \u001b[90m   |\u001b[39m \u001b[31m\u001b[1m^\u001b[22m\u001b[39m\n     \u001b[90m 2 |\u001b[39m \u001b[36mimport\u001b[39m { enhancedWardrobeService } \u001b[36mfrom\u001b[39m \u001b[32m'@/services/enhancedWardrobeService'\u001b[39m\u001b[33m;\u001b[39m\n     \u001b[90m 3 |\u001b[39m \u001b[36mimport\u001b[39m { supabase } \u001b[36mfrom\u001b[39m \u001b[32m'@/config/supabaseClient'\u001b[39m\u001b[33m;\u001b[39m\n     \u001b[90m 4 |\u001b[39m\u001b[0m\n\n      at constructor (node_modules/@babel/parser/src/parse-error.ts:95:45)\n      at TypeScriptParserMixin.toParseError [as raise] (node_modules/@babel/parser/src/tokenizer/index.ts:1503:19)\n      at TypeScriptParserMixin.raise [as unexpected] (node_modules/@babel/parser/src/tokenizer/index.ts:1543:16)\n      at TypeScriptParserMixin.unexpected [as parsePropertyName] (node_modules/@babel/parser/src/parser/expression.ts:2441:18)\n      at TypeScriptParserMixin.parsePropertyName [as parseClassElementName] (node_modules/@babel/parser/src/parser/statement.ts:2142:10)\n      at TypeScriptParserMixin.parseClassElementName (node_modules/@babel/parser/src/parser/statement.ts:1986:22)\n      at TypeScriptParserMixin.parseClassMemberWithIsStatic (node_modules/@babel/parser/src/plugins/typescript/index.ts:3302:13)\n      at parseClassMemberWithIsStatic (node_modules/@babel/parser/src/plugins/typescript/index.ts:3245:16)\n      at TypeScriptParserMixin.callParseClassMemberWithIsStatic [as parseClassMember] (node_modules/@babel/parser/src/plugins/typescript/index.ts:3256:9)\n      at parseClassMember (node_modules/@babel/parser/src/parser/statement.ts:1846:14)\n      at TypeScriptParserMixin.callback [as withSmartMixTopicForbiddingContext] (node_modules/@babel/parser/src/parser/expression.ts:3166:14)\n      at TypeScriptParserMixin.withSmartMixTopicForbiddingContext [as parseClassBody] (node_modules/@babel/parser/src/parser/statement.ts:1818:10)\n      at TypeScriptParserMixin.parseClassBody (node_modules/@babel/parser/src/parser/statement.ts:1769:22)\n      at TypeScriptParserMixin.parseClass (node_modules/@babel/parser/src/plugins/typescript/index.ts:4218:22)\n      at TypeScriptParserMixin.parseClass (node_modules/@babel/parser/src/parser/statement.ts:527:21)\n      at TypeScriptParserMixin.parseStatementContent (node_modules/@babel/parser/src/plugins/typescript/index.ts:3185:20)\n      at TypeScriptParserMixin.parseStatementContent [as parseStatementLike] (node_modules/@babel/parser/src/parser/statement.ts:477:17)\n      at TypeScriptParserMixin.parseStatementLike [as parseModuleItem] (node_modules/@babel/parser/src/parser/statement.ts:414:17)\n      at TypeScriptParserMixin.parseModuleItem [as parseBlockOrModuleBlockBody] (node_modules/@babel/parser/src/parser/statement.ts:1438:16)\n      at TypeScriptParserMixin.parseBlockOrModuleBlockBody [as parseBlockBody] (node_modules/@babel/parser/src/parser/statement.ts:1412:10)\n      at TypeScriptParserMixin.parseBlockBody [as parseProgram] (node_modules/@babel/parser/src/parser/statement.ts:229:10)\n      at TypeScriptParserMixin.parseProgram [as parseTopLevel] (node_modules/@babel/parser/src/parser/statement.ts:203:25)\n      at TypeScriptParserMixin.parseTopLevel (node_modules/@babel/parser/src/parser/index.ts:93:10)\n      at TypeScriptParserMixin.parse (node_modules/@babel/parser/src/plugins/typescript/index.ts:4309:20)\n      at parse (node_modules/@babel/parser/src/index.ts:92:38)\n      at parser (node_modules/@babel/core/src/parser/index.ts:28:19)\n          at parser.next (<anonymous>)\n      at normalizeFile (node_modules/@babel/core/src/transformation/normalize-file.ts:49:24)\n          at normalizeFile.next (<anonymous>)\n      at run (node_modules/@babel/core/src/transformation/index.ts:40:36)\n          at run.next (<anonymous>)\n      at transform (node_modules/@babel/core/src/transform.ts:29:20)\n          at transform.next (<anonymous>)\n      at evaluateSync (node_modules/gensync/index.js:251:28)\n      at sync (node_modules/gensync/index.js:89:14)\n      at fn (node_modules/@babel/core/src/errors/rewrite-stack-trace.ts:99:14)\n      at transformSync (node_modules/@babel/core/src/transform.ts:66:52)\n      at Object.require (__tests__/efficiencyScoreService.test.ts:1:1)\n","name":"C:\\AYNAMODA\\__tests__\\efficiencyScoreService.test.ts","startTime":1755967127462,"status":"failed","summary":""}],"wasInterrupted":false}
